#
# There is insufficient memory for the Java Runtime Environment to continue.
# Native memory allocation (mmap) failed to map 84934656 bytes for committing reserved memory.
# Possible reasons:
#   The system is out of physical RAM or swap space
#   In 32 bit mode, the process size limit was hit
# Possible solutions:
#   Reduce memory load on the system
#   Increase physical memory or swap space
#   Check if swap backing store is full
#   Use 64 bit Java on a 64 bit OS
#   Decrease Java heap size (-Xmx/-Xms)
#   Decrease number of Java threads
#   Decrease Java thread stack sizes (-Xss)
#   Set larger code cache with -XX:ReservedCodeCacheSize=
# This output file may be truncated or incomplete.
#
#  Out of Memory Error (os_linux.cpp:2640), pid=6287, tid=0x00007f65a5d7a700
#
# JRE version: OpenJDK Runtime Environment (8.0_152-b01) (build 1.8.0_152-release-915-b01)
# Java VM: OpenJDK 64-Bit Server VM (25.152-b01 mixed mode linux-amd64 compressed oops)
# Failed to write core dump. Core dumps have been disabled. To enable core dumping, try "ulimit -c unlimited" before starting Java again
#

---------------  T H R E A D  ---------------

Current thread (0x00007f65bc078000):  VMThread [stack: 0x00007f65a5c7a000,0x00007f65a5d7b000] [id=6296]

Stack: [0x00007f65a5c7a000,0x00007f65a5d7b000],  sp=0x00007f65a5d794c0,  free space=1021k
Native frames: (J=compiled Java code, j=interpreted, Vv=VM code, C=native code)
V  [libjvm.so+0x9eb15d]  VMError::report_and_die()+0x15d
V  [libjvm.so+0x4b8eaa]  report_vm_out_of_memory(char const*, int, unsigned long, VMErrorType, char const*)+0x8a
V  [libjvm.so+0x851370]  os::pd_commit_memory(char*, unsigned long, unsigned long, bool)+0xf0
V  [libjvm.so+0x84be8f]  os::commit_memory(char*, unsigned long, unsigned long, bool)+0x1f
V  [libjvm.so+0x8c261b]  PSVirtualSpace::expand_by(unsigned long)+0x5b
V  [libjvm.so+0x8c3290]  PSYoungGen::resize_generation(unsigned long, unsigned long)+0xb0
V  [libjvm.so+0x8c35ab]  PSYoungGen::resize(unsigned long, unsigned long)+0x1b
V  [libjvm.so+0x8bfc9c]  PSScavenge::invoke_no_policy()+0xdac
V  [libjvm.so+0x8c0478]  PSScavenge::invoke()+0x38
V  [libjvm.so+0x8748f3]  ParallelScavengeHeap::failed_mem_allocate(unsigned long)+0x63
V  [libjvm.so+0x9ecc84]  VM_ParallelGCFailedAllocation::doit()+0x84
V  [libjvm.so+0x9f1197]  VM_Operation::evaluate()+0x47
V  [libjvm.so+0x9efb78]  VMThread::evaluate_operation(VM_Operation*)+0x2c8
V  [libjvm.so+0x9efff9]  VMThread::loop()+0x219
V  [libjvm.so+0x9f0442]  VMThread::run()+0x72
V  [libjvm.so+0x84e792]  java_start(Thread*)+0xf2

VM_Operation (0x00007f65c41f1880): ParallelGCFailedAllocation, mode: safepoint, requested by thread 0x00007f65bc00b000


---------------  P R O C E S S  ---------------

Java Threads: ( => current thread )
  0x00007f65bc0c9000 JavaThread "Service Thread" daemon [_thread_blocked, id=6303, stack(0x00007f65a524c000,0x00007f65a534d000)]
  0x00007f65bc0be000 JavaThread "C1 CompilerThread2" daemon [_thread_blocked, id=6302, stack(0x00007f65a534d000,0x00007f65a544e000)]
  0x00007f65bc0bc800 JavaThread "C2 CompilerThread1" daemon [_thread_blocked, id=6301, stack(0x00007f65a544e000,0x00007f65a554f000)]
  0x00007f65bc0b9800 JavaThread "C2 CompilerThread0" daemon [_thread_blocked, id=6300, stack(0x00007f65a554f000,0x00007f65a5650000)]
  0x00007f65bc0b8000 JavaThread "Signal Dispatcher" daemon [_thread_blocked, id=6299, stack(0x00007f65a5650000,0x00007f65a5751000)]
  0x00007f65bc084800 JavaThread "Finalizer" daemon [_thread_blocked, id=6298, stack(0x00007f65a5a78000,0x00007f65a5b79000)]
  0x00007f65bc080000 JavaThread "Reference Handler" daemon [_thread_blocked, id=6297, stack(0x00007f65a5b79000,0x00007f65a5c7a000)]
  0x00007f65bc00b000 JavaThread "main" [_thread_blocked, id=6291, stack(0x00007f65c40f3000,0x00007f65c41f4000)]

Other Threads:
=>0x00007f65bc078000 VMThread [stack: 0x00007f65a5c7a000,0x00007f65a5d7b000] [id=6296]
  0x00007f65bc0cb800 WatcherThread [stack: 0x00007f65a514b000,0x00007f65a524c000] [id=6304]

VM state:at safepoint (normal execution)

VM Mutex/Monitor currently owned by a thread:  ([mutex/lock_event])
[0x00007f65bc007160] Threads_lock - owner thread: 0x00007f65bc078000
[0x00007f65bc007660] Heap_lock - owner thread: 0x00007f65bc00b000

Heap:
 PSYoungGen      total 133632K, used 17376K [0x00000000ec580000, 0x00000000f5d80000, 0x0000000100000000)
  eden space 116224K, 0% used [0x00000000ec580000,0x00000000ec580000,0x00000000f3700000)
  from space 17408K, 99% used [0x00000000f3700000,0x00000000f47f8020,0x00000000f4800000)
  to   space 12800K, 0% used [0x00000000f4800000,0x00000000f4800000,0x00000000f5480000)
 ParOldGen       total 40960K, used 34071K [0x00000000c5000000, 0x00000000c7800000, 0x00000000ec580000)
  object space 40960K, 83% used [0x00000000c5000000,0x00000000c7145c78,0x00000000c7800000)
 Metaspace       used 3782K, capacity 5144K, committed 5376K, reserved 1056768K
  class space    used 390K, capacity 456K, committed 512K, reserved 1048576K

Card table byte_map: [0x00007f65c0d9f000,0x00007f65c0f78000] byte_map_base: 0x00007f65c0777000

Marking Bits: (ParMarkBitMap*) 0x00007f65c35bb3e0
 Begin Bits: [0x00007f65a6280000, 0x00007f65a7140000)
 End Bits:   [0x00007f65a7140000, 0x00007f65a8000000)

Polling page: 0x00007f65c420e000

CodeCache: size=245760Kb used=3389Kb max_used=3389Kb free=242370Kb
 bounds [0x00007f65ad000000, 0x00007f65ad360000, 0x00007f65bc000000]
 total_blobs=801 nmethods=551 adapters=163
 compilation: enabled

Compilation events (10 events):
Event: 2.254 Thread 0x00007f65bc0be000  581       2       com.android.dx.rop.type.Type::getArrayType (50 bytes)
Event: 2.255 Thread 0x00007f65bc0be000 nmethod 581 0x00007f65ad31c010 code [0x00007f65ad31c1e0, 0x00007f65ad31c818]
Event: 2.493 Thread 0x00007f65bc0be000  583   !   2       java.util.concurrent.ConcurrentHashMap::putVal (362 bytes)
Event: 2.495 Thread 0x00007f65bc0be000 nmethod 583 0x00007f65ad31a850 code [0x00007f65ad31aa60, 0x00007f65ad31b6f8]
Event: 2.554 Thread 0x00007f65bc0be000  584       2       java.util.TreeMap::fixAfterInsertion (267 bytes)
Event: 2.557 Thread 0x00007f65bc0be000 nmethod 584 0x00007f65ad341490 code [0x00007f65ad3416c0, 0x00007f65ad341f38]
Event: 2.703 Thread 0x00007f65bc0be000  586       2       com.android.dx.rop.cst.CstDouble::<init> (6 bytes)
Event: 2.703 Thread 0x00007f65bc0be000 nmethod 586 0x00007f65ad31a510 code [0x00007f65ad31a660, 0x00007f65ad31a7b0]
Event: 2.703 Thread 0x00007f65bc0be000  587       2       com.android.dx.rop.cst.CstDouble::make (9 bytes)
Event: 2.704 Thread 0x00007f65bc0be000 nmethod 587 0x00007f65ad31a190 code [0x00007f65ad31a2e0, 0x00007f65ad31a470]

GC Heap History (10 events):
Event: 0.875 GC heap after
Heap after GC invocations=4 (full 0):
 PSYoungGen      total 33280K, used 2548K [0x00000000ec580000, 0x00000000ee880000, 0x0000000100000000)
  eden space 30720K, 0% used [0x00000000ec580000,0x00000000ec580000,0x00000000ee380000)
  from space 2560K, 99% used [0x00000000ee600000,0x00000000ee87d040,0x00000000ee880000)
  to   space 2560K, 0% used [0x00000000ee380000,0x00000000ee380000,0x00000000ee600000)
 ParOldGen       total 40960K, used 3416K [0x00000000c5000000, 0x00000000c7800000, 0x00000000ec580000)
  object space 40960K, 8% used [0x00000000c5000000,0x00000000c5356110,0x00000000c7800000)
 Metaspace       used 3769K, capacity 5144K, committed 5376K, reserved 1056768K
  class space    used 390K, capacity 456K, committed 512K, reserved 1048576K
}
Event: 1.006 GC heap before
{Heap before GC invocations=5 (full 0):
 PSYoungGen      total 33280K, used 33268K [0x00000000ec580000, 0x00000000ee880000, 0x0000000100000000)
  eden space 30720K, 100% used [0x00000000ec580000,0x00000000ee380000,0x00000000ee380000)
  from space 2560K, 99% used [0x00000000ee600000,0x00000000ee87d040,0x00000000ee880000)
  to   space 2560K, 0% used [0x00000000ee380000,0x00000000ee380000,0x00000000ee600000)
 ParOldGen       total 40960K, used 3416K [0x00000000c5000000, 0x00000000c7800000, 0x00000000ec580000)
  object space 40960K, 8% used [0x00000000c5000000,0x00000000c5356110,0x00000000c7800000)
 Metaspace       used 3775K, capacity 5144K, committed 5376K, reserved 1056768K
  class space    used 390K, capacity 456K, committed 512K, reserved 1048576K
Event: 1.017 GC heap after
Heap after GC invocations=5 (full 0):
 PSYoungGen      total 33280K, used 2544K [0x00000000ec580000, 0x00000000f0f80000, 0x0000000100000000)
  eden space 30720K, 0% used [0x00000000ec580000,0x00000000ec580000,0x00000000ee380000)
  from space 2560K, 99% used [0x00000000ee380000,0x00000000ee5fc040,0x00000000ee600000)
  to   space 7168K, 0% used [0x00000000f0880000,0x00000000f0880000,0x00000000f0f80000)
 ParOldGen       total 40960K, used 8340K [0x00000000c5000000, 0x00000000c7800000, 0x00000000ec580000)
  object space 40960K, 20% used [0x00000000c5000000,0x00000000c5825208,0x00000000c7800000)
 Metaspace       used 3775K, capacity 5144K, committed 5376K, reserved 1056768K
  class space    used 390K, capacity 456K, committed 512K, reserved 1048576K
}
Event: 1.175 GC heap before
{Heap before GC invocations=6 (full 0):
 PSYoungGen      total 33280K, used 33264K [0x00000000ec580000, 0x00000000f0f80000, 0x0000000100000000)
  eden space 30720K, 100% used [0x00000000ec580000,0x00000000ee380000,0x00000000ee380000)
  from space 2560K, 99% used [0x00000000ee380000,0x00000000ee5fc040,0x00000000ee600000)
  to   space 7168K, 0% used [0x00000000f0880000,0x00000000f0880000,0x00000000f0f80000)
 ParOldGen       total 40960K, used 8340K [0x00000000c5000000, 0x00000000c7800000, 0x00000000ec580000)
  object space 40960K, 20% used [0x00000000c5000000,0x00000000c5825208,0x00000000c7800000)
 Metaspace       used 3776K, capacity 5144K, committed 5376K, reserved 1056768K
  class space    used 390K, capacity 456K, committed 512K, reserved 1048576K
Event: 1.190 GC heap after
Heap after GC invocations=6 (full 0):
 PSYoungGen      total 67584K, used 7040K [0x00000000ec580000, 0x00000000f1180000, 0x0000000100000000)
  eden space 60416K, 0% used [0x00000000ec580000,0x00000000ec580000,0x00000000f0080000)
  from space 7168K, 98% used [0x00000000f0880000,0x00000000f0f600b0,0x00000000f0f80000)
  to   space 8192K, 0% used [0x00000000f0080000,0x00000000f0080000,0x00000000f0880000)
 ParOldGen       total 40960K, used 8348K [0x00000000c5000000, 0x00000000c7800000, 0x00000000ec580000)
  object space 40960K, 20% used [0x00000000c5000000,0x00000000c5827208,0x00000000c7800000)
 Metaspace       used 3776K, capacity 5144K, committed 5376K, reserved 1056768K
  class space    used 390K, capacity 456K, committed 512K, reserved 1048576K
}
Event: 1.587 GC heap before
{Heap before GC invocations=7 (full 0):
 PSYoungGen      total 67584K, used 67456K [0x00000000ec580000, 0x00000000f1180000, 0x0000000100000000)
  eden space 60416K, 100% used [0x00000000ec580000,0x00000000f0080000,0x00000000f0080000)
  from space 7168K, 98% used [0x00000000f0880000,0x00000000f0f600b0,0x00000000f0f80000)
  to   space 8192K, 0% used [0x00000000f0080000,0x00000000f0080000,0x00000000f0880000)
 ParOldGen       total 40960K, used 8348K [0x00000000c5000000, 0x00000000c7800000, 0x00000000ec580000)
  object space 40960K, 20% used [0x00000000c5000000,0x00000000c5827208,0x00000000c7800000)
 Metaspace       used 3776K, capacity 5144K, committed 5376K, reserved 1056768K
  class space    used 390K, capacity 456K, committed 512K, reserved 1048576K
Event: 1.609 GC heap after
Heap after GC invocations=7 (full 0):
 PSYoungGen      total 68608K, used 8183K [0x00000000ec580000, 0x00000000f5480000, 0x0000000100000000)
  eden space 60416K, 0% used [0x00000000ec580000,0x00000000ec580000,0x00000000f0080000)
  from space 8192K, 99% used [0x00000000f0080000,0x00000000f087deb8,0x00000000f0880000)
  to   space 12800K, 0% used [0x00000000f4800000,0x00000000f4800000,0x00000000f5480000)
 ParOldGen       total 40960K, used 14346K [0x00000000c5000000, 0x00000000c7800000, 0x00000000ec580000)
  object space 40960K, 35% used [0x00000000c5000000,0x00000000c5e028e0,0x00000000c7800000)
 Metaspace       used 3776K, capacity 5144K, committed 5376K, reserved 1056768K
  class space    used 390K, capacity 456K, committed 512K, reserved 1048576K
}
Event: 1.936 GC heap before
{Heap before GC invocations=8 (full 0):
 PSYoungGen      total 68608K, used 68599K [0x00000000ec580000, 0x00000000f5480000, 0x0000000100000000)
  eden space 60416K, 100% used [0x00000000ec580000,0x00000000f0080000,0x00000000f0080000)
  from space 8192K, 99% used [0x00000000f0080000,0x00000000f087deb8,0x00000000f0880000)
  to   space 12800K, 0% used [0x00000000f4800000,0x00000000f4800000,0x00000000f5480000)
 ParOldGen       total 40960K, used 14346K [0x00000000c5000000, 0x00000000c7800000, 0x00000000ec580000)
  object space 40960K, 35% used [0x00000000c5000000,0x00000000c5e028e0,0x00000000c7800000)
 Metaspace       used 3776K, capacity 5144K, committed 5376K, reserved 1056768K
  class space    used 390K, capacity 456K, committed 512K, reserved 1048576K
Event: 1.985 GC heap after
Heap after GC invocations=8 (full 0):
 PSYoungGen      total 129024K, used 12790K [0x00000000ec580000, 0x00000000f5d80000, 0x0000000100000000)
  eden space 116224K, 0% used [0x00000000ec580000,0x00000000ec580000,0x00000000f3700000)
  from space 12800K, 99% used [0x00000000f4800000,0x00000000f547d9b0,0x00000000f5480000)
  to   space 17408K, 0% used [0x00000000f3700000,0x00000000f3700000,0x00000000f4800000)
 ParOldGen       total 40960K, used 20108K [0x00000000c5000000, 0x00000000c7800000, 0x00000000ec580000)
  object space 40960K, 49% used [0x00000000c5000000,0x00000000c63a3380,0x00000000c7800000)
 Metaspace       used 3776K, capacity 5144K, committed 5376K, reserved 1056768K
  class space    used 390K, capacity 456K, committed 512K, reserved 1048576K
}
Event: 2.706 GC heap before
{Heap before GC invocations=9 (full 0):
 PSYoungGen      total 129024K, used 129014K [0x00000000ec580000, 0x00000000f5d80000, 0x0000000100000000)
  eden space 116224K, 100% used [0x00000000ec580000,0x00000000f3700000,0x00000000f3700000)
  from space 12800K, 99% used [0x00000000f4800000,0x00000000f547d9b0,0x00000000f5480000)
  to   space 17408K, 0% used [0x00000000f3700000,0x00000000f3700000,0x00000000f4800000)
 ParOldGen       total 40960K, used 20108K [0x00000000c5000000, 0x00000000c7800000, 0x00000000ec580000)
  object space 40960K, 49% used [0x00000000c5000000,0x00000000c63a3380,0x00000000c7800000)
 Metaspace       used 3782K, capacity 5144K, committed 5376K, reserved 1056768K
  class space    used 390K, capacity 456K, committed 512K, reserved 1048576K

Deoptimization events (2 events):
Event: 0.810 Thread 0x00007f65bc00b000 Uncommon trap: reason=unstable_if action=reinterpret pc=0x00007f65ad2c1df0 method=com.android.dx.cf.direct.StdAttributeFactory.parse0(Lcom/android/dx/cf/direct/DirectClassFile;ILjava/lang/String;IILcom/android/dx/cf/iface/ParseObserver;)Lcom/android/dx/cf
Event: 2.490 Thread 0x00007f65bc00b000 Uncommon trap: reason=unstable_if action=reinterpret pc=0x00007f65ad2f9ce0 method=java.util.concurrent.ConcurrentHashMap.putVal(Ljava/lang/Object;Ljava/lang/Object;Z)Ljava/lang/Object; @ 195

Classes redefined (0 events):
No events

Internal exceptions (2 events):
Event: 0.085 Thread 0x00007f65bc00b000 Exception <a 'java/lang/NoSuchMethodError': Method sun.misc.Unsafe.defineClass(Ljava/lang/String;[BII)Ljava/lang/Class; name or signature does not match> (0x00000000ec587ca8) thrown at [/ssd/Android/AOSP-openjdk-git/jdk8u/hotspot/src/share/vm/prims/jni.cp
Event: 0.086 Thread 0x00007f65bc00b000 Exception <a 'java/lang/NoSuchMethodError': Method sun.misc.Unsafe.prefetchRead(Ljava/lang/Object;J)V name or signature does not match> (0x00000000ec587f90) thrown at [/ssd/Android/AOSP-openjdk-git/jdk8u/hotspot/src/share/vm/prims/jni.cpp, line 4011]

Events (10 events):
Event: 1.175 Executing VM operation: ParallelGCFailedAllocation
Event: 1.190 Executing VM operation: ParallelGCFailedAllocation done
Event: 1.587 Executing VM operation: ParallelGCFailedAllocation
Event: 1.609 Executing VM operation: ParallelGCFailedAllocation done
Event: 1.936 Executing VM operation: ParallelGCFailedAllocation
Event: 1.985 Executing VM operation: ParallelGCFailedAllocation done
Event: 2.490 Thread 0x00007f65bc00b000 Uncommon trap: trap_request=0xffffff65 fr.pc=0x00007f65ad2f9ce0
Event: 2.490 Thread 0x00007f65bc00b000 DEOPT PACKING pc=0x00007f65ad2f9ce0 sp=0x00007f65c41f1d00
Event: 2.490 Thread 0x00007f65bc00b000 DEOPT UNPACKING pc=0x00007f65ad004f69 sp=0x00007f65c41f1ca0 mode 2
Event: 2.705 Executing VM operation: ParallelGCFailedAllocation


Dynamic libraries:
00400000-00401000 r-xp 00000000 08:05 2895521                            /home/developer/android-studio/jre/bin/java
00600000-00601000 r--p 00000000 08:05 2895521                            /home/developer/android-studio/jre/bin/java
00601000-00602000 rw-p 00001000 08:05 2895521                            /home/developer/android-studio/jre/bin/java
017d0000-017f1000 rw-p 00000000 00:00 0                                  [heap]
c5000000-c7800000 rw-p 00000000 00:00 0 
c7800000-ec580000 ---p 00000000 00:00 0 
ec580000-f5d80000 rw-p 00000000 00:00 0 
fae80000-100000000 ---p 00000000 00:00 0 
100000000-100080000 rw-p 00000000 00:00 0 
100080000-140000000 ---p 00000000 00:00 0 
7f6570000000-7f6570021000 rw-p 00000000 00:00 0 
7f6570021000-7f6574000000 ---p 00000000 00:00 0 
7f6578000000-7f6578ab8000 rw-p 00000000 00:00 0 
7f6578ab8000-7f657c000000 ---p 00000000 00:00 0 
7f657c000000-7f657c021000 rw-p 00000000 00:00 0 
7f657c021000-7f6580000000 ---p 00000000 00:00 0 
7f6580000000-7f658172a000 rw-p 00000000 00:00 0 
7f658172a000-7f6584000000 ---p 00000000 00:00 0 
7f6584000000-7f65855d4000 rw-p 00000000 00:00 0 
7f65855d4000-7f6588000000 ---p 00000000 00:00 0 
7f6588000000-7f6588021000 rw-p 00000000 00:00 0 
7f6588021000-7f658c000000 ---p 00000000 00:00 0 
7f658c000000-7f658c021000 rw-p 00000000 00:00 0 
7f658c021000-7f6590000000 ---p 00000000 00:00 0 
7f6590000000-7f6590290000 rw-p 00000000 00:00 0 
7f6590290000-7f6594000000 ---p 00000000 00:00 0 
7f6594000000-7f6594021000 rw-p 00000000 00:00 0 
7f6594021000-7f6598000000 ---p 00000000 00:00 0 
7f6598000000-7f6598021000 rw-p 00000000 00:00 0 
7f6598021000-7f659c000000 ---p 00000000 00:00 0 
7f659c000000-7f659c021000 rw-p 00000000 00:00 0 
7f659c021000-7f65a0000000 ---p 00000000 00:00 0 
7f65a0000000-7f65a0021000 rw-p 00000000 00:00 0 
7f65a0021000-7f65a4000000 ---p 00000000 00:00 0 
7f65a502c000-7f65a514b000 r--s 00b75000 08:05 4719600                    /home/developer/AndroidStudioProjects/PropertyDODO1/app/build/intermediates/transforms/jarMerging/release/0.jar
7f65a514b000-7f65a514c000 ---p 00000000 00:00 0 
7f65a514c000-7f65a524c000 rw-p 00000000 00:00 0 
7f65a524c000-7f65a524f000 ---p 00000000 00:00 0 
7f65a524f000-7f65a534d000 rw-p 00000000 00:00 0 
7f65a534d000-7f65a5350000 ---p 00000000 00:00 0 
7f65a5350000-7f65a544e000 rw-p 00000000 00:00 0 
7f65a544e000-7f65a5451000 ---p 00000000 00:00 0 
7f65a5451000-7f65a554f000 rw-p 00000000 00:00 0 
7f65a554f000-7f65a5552000 ---p 00000000 00:00 0 
7f65a5552000-7f65a5650000 rw-p 00000000 00:00 0 
7f65a5650000-7f65a5653000 ---p 00000000 00:00 0 
7f65a5653000-7f65a5751000 rw-p 00000000 00:00 0 
7f65a5751000-7f65a5a78000 r--p 00000000 08:05 1318494                    /usr/lib/locale/locale-archive
7f65a5a78000-7f65a5a7b000 ---p 00000000 00:00 0 
7f65a5a7b000-7f65a5b79000 rw-p 00000000 00:00 0 
7f65a5b79000-7f65a5b7c000 ---p 00000000 00:00 0 
7f65a5b7c000-7f65a5c7a000 rw-p 00000000 00:00 0 
7f65a5c7a000-7f65a5c7b000 ---p 00000000 00:00 0 
7f65a5c7b000-7f65a8000000 rw-p 00000000 00:00 0 
7f65a8000000-7f65a8021000 rw-p 00000000 00:00 0 
7f65a8021000-7f65ac000000 ---p 00000000 00:00 0 
7f65ac0f9000-7f65accc0000 rw-p 00000000 00:00 0 
7f65accc0000-7f65ad000000 ---p 00000000 00:00 0 
7f65ad000000-7f65ad360000 rwxp 00000000 00:00 0 
7f65ad360000-7f65bc000000 ---p 00000000 00:00 0 
7f65bc000000-7f65bc3b2000 rw-p 00000000 00:00 0 
7f65bc3b2000-7f65c0000000 ---p 00000000 00:00 0 
7f65c0053000-7f65c007f000 rw-p 00000000 00:00 0 
7f65c007f000-7f65c008e000 r--s 000ed000 08:05 1327272                    /home/developer/Android/Sdk/build-tools/26.0.2/lib/dx.jar
7f65c008e000-7f65c0442000 rw-p 00000000 00:00 0 
7f65c0442000-7f65c0612000 r--s 03c46000 08:05 2381871                    /home/developer/android-studio/jre/jre/lib/rt.jar
7f65c0612000-7f65c0860000 rw-p 00000000 00:00 0 
7f65c0860000-7f65c0861000 ---p 00000000 00:00 0 
7f65c0861000-7f65c0961000 rw-p 00000000 00:00 0 
7f65c0961000-7f65c0962000 ---p 00000000 00:00 0 
7f65c0962000-7f65c0a62000 rw-p 00000000 00:00 0 
7f65c0a62000-7f65c0a63000 ---p 00000000 00:00 0 
7f65c0a63000-7f65c0b63000 rw-p 00000000 00:00 0 
7f65c0b63000-7f65c0b64000 ---p 00000000 00:00 0 
7f65c0b64000-7f65c0c78000 rw-p 00000000 00:00 0 
7f65c0c78000-7f65c0d9f000 ---p 00000000 00:00 0 
7f65c0d9f000-7f65c0db3000 rw-p 00000000 00:00 0 
7f65c0db3000-7f65c0ed9000 ---p 00000000 00:00 0 
7f65c0ed9000-7f65c0f26000 rw-p 00000000 00:00 0 
7f65c0f26000-7f65c0f77000 ---p 00000000 00:00 0 
7f65c0f77000-7f65c0f86000 rw-p 00000000 00:00 0 
7f65c0f86000-7f65c1338000 ---p 00000000 00:00 0 
7f65c1338000-7f65c1352000 r-xp 00000000 08:05 2760342                    /home/developer/android-studio/jre/jre/lib/amd64/libzip.so
7f65c1352000-7f65c1552000 ---p 0001a000 08:05 2760342                    /home/developer/android-studio/jre/jre/lib/amd64/libzip.so
7f65c1552000-7f65c1553000 r--p 0001a000 08:05 2760342                    /home/developer/android-studio/jre/jre/lib/amd64/libzip.so
7f65c1553000-7f65c1554000 rw-p 0001b000 08:05 2760342                    /home/developer/android-studio/jre/jre/lib/amd64/libzip.so
7f65c1554000-7f65c155f000 r-xp 00000000 08:05 4987474                    /lib/x86_64-linux-gnu/libnss_files-2.23.so
7f65c155f000-7f65c175e000 ---p 0000b000 08:05 4987474                    /lib/x86_64-linux-gnu/libnss_files-2.23.so
7f65c175e000-7f65c175f000 r--p 0000a000 08:05 4987474                    /lib/x86_64-linux-gnu/libnss_files-2.23.so
7f65c175f000-7f65c1760000 rw-p 0000b000 08:05 4987474                    /lib/x86_64-linux-gnu/libnss_files-2.23.so
7f65c1760000-7f65c1766000 rw-p 00000000 00:00 0 
7f65c1766000-7f65c1771000 r-xp 00000000 08:05 4987477                    /lib/x86_64-linux-gnu/libnss_nis-2.23.so
7f65c1771000-7f65c1970000 ---p 0000b000 08:05 4987477                    /lib/x86_64-linux-gnu/libnss_nis-2.23.so
7f65c1970000-7f65c1971000 r--p 0000a000 08:05 4987477                    /lib/x86_64-linux-gnu/libnss_nis-2.23.so
7f65c1971000-7f65c1972000 rw-p 0000b000 08:05 4987477                    /lib/x86_64-linux-gnu/libnss_nis-2.23.so
7f65c1972000-7f65c1988000 r-xp 00000000 08:05 4987470                    /lib/x86_64-linux-gnu/libnsl-2.23.so
7f65c1988000-7f65c1b87000 ---p 00016000 08:05 4987470                    /lib/x86_64-linux-gnu/libnsl-2.23.so
7f65c1b87000-7f65c1b88000 r--p 00015000 08:05 4987470                    /lib/x86_64-linux-gnu/libnsl-2.23.so
7f65c1b88000-7f65c1b89000 rw-p 00016000 08:05 4987470                    /lib/x86_64-linux-gnu/libnsl-2.23.so
7f65c1b89000-7f65c1b8b000 rw-p 00000000 00:00 0 
7f65c1b8b000-7f65c1b93000 r-xp 00000000 08:05 4987483                    /lib/x86_64-linux-gnu/libnss_compat-2.23.so
7f65c1b93000-7f65c1d92000 ---p 00008000 08:05 4987483                    /lib/x86_64-linux-gnu/libnss_compat-2.23.so
7f65c1d92000-7f65c1d93000 r--p 00007000 08:05 4987483                    /lib/x86_64-linux-gnu/libnss_compat-2.23.so
7f65c1d93000-7f65c1d94000 rw-p 00008000 08:05 4987483                    /lib/x86_64-linux-gnu/libnss_compat-2.23.so
7f65c1d94000-7f65c1dc1000 r-xp 00000000 08:05 2760322                    /home/developer/android-studio/jre/jre/lib/amd64/libjava.so
7f65c1dc1000-7f65c1fc0000 ---p 0002d000 08:05 2760322                    /home/developer/android-studio/jre/jre/lib/amd64/libjava.so
7f65c1fc0000-7f65c1fc1000 r--p 0002c000 08:05 2760322                    /home/developer/android-studio/jre/jre/lib/amd64/libjava.so
7f65c1fc1000-7f65c1fc3000 rw-p 0002d000 08:05 2760322                    /home/developer/android-studio/jre/jre/lib/amd64/libjava.so
7f65c1fc3000-7f65c1fd3000 r-xp 00000000 08:05 2760354                    /home/developer/android-studio/jre/jre/lib/amd64/libverify.so
7f65c1fd3000-7f65c21d2000 ---p 00010000 08:05 2760354                    /home/developer/android-studio/jre/jre/lib/amd64/libverify.so
7f65c21d2000-7f65c21d4000 r--p 0000f000 08:05 2760354                    /home/developer/android-studio/jre/jre/lib/amd64/libverify.so
7f65c21d4000-7f65c21d5000 rw-p 00011000 08:05 2760354                    /home/developer/android-studio/jre/jre/lib/amd64/libverify.so
7f65c21d5000-7f65c21dc000 r-xp 00000000 08:05 4987479                    /lib/x86_64-linux-gnu/librt-2.23.so
7f65c21dc000-7f65c23db000 ---p 00007000 08:05 4987479                    /lib/x86_64-linux-gnu/librt-2.23.so
7f65c23db000-7f65c23dc000 r--p 00006000 08:05 4987479                    /lib/x86_64-linux-gnu/librt-2.23.so
7f65c23dc000-7f65c23dd000 rw-p 00007000 08:05 4987479                    /lib/x86_64-linux-gnu/librt-2.23.so
7f65c23dd000-7f65c24e5000 r-xp 00000000 08:05 4987488                    /lib/x86_64-linux-gnu/libm-2.23.so
7f65c24e5000-7f65c26e4000 ---p 00108000 08:05 4987488                    /lib/x86_64-linux-gnu/libm-2.23.so
7f65c26e4000-7f65c26e5000 r--p 00107000 08:05 4987488                    /lib/x86_64-linux-gnu/libm-2.23.so
7f65c26e5000-7f65c26e6000 rw-p 00108000 08:05 4987488                    /lib/x86_64-linux-gnu/libm-2.23.so
7f65c26e6000-7f65c32de000 r-xp 00000000 08:05 2760341                    /home/developer/android-studio/jre/jre/lib/amd64/server/libjvm.so
7f65c32de000-7f65c34de000 ---p 00bf8000 08:05 2760341                    /home/developer/android-studio/jre/jre/lib/amd64/server/libjvm.so
7f65c34de000-7f65c357d000 r--p 00bf8000 08:05 2760341                    /home/developer/android-studio/jre/jre/lib/amd64/server/libjvm.so
7f65c357d000-7f65c35a6000 rw-p 00c97000 08:05 2760341                    /home/developer/android-studio/jre/jre/lib/amd64/server/libjvm.so
7f65c35a6000-7f65c35ea000 rw-p 00000000 00:00 0 
7f65c35ea000-7f65c3602000 r-xp 00000000 08:05 4987476                    /lib/x86_64-linux-gnu/libpthread-2.23.so
7f65c3602000-7f65c3801000 ---p 00018000 08:05 4987476                    /lib/x86_64-linux-gnu/libpthread-2.23.so
7f65c3801000-7f65c3802000 r--p 00017000 08:05 4987476                    /lib/x86_64-linux-gnu/libpthread-2.23.so
7f65c3802000-7f65c3803000 rw-p 00018000 08:05 4987476                    /lib/x86_64-linux-gnu/libpthread-2.23.so
7f65c3803000-7f65c3807000 rw-p 00000000 00:00 0 
7f65c3807000-7f65c380a000 r-xp 00000000 08:05 4987482                    /lib/x86_64-linux-gnu/libdl-2.23.so
7f65c380a000-7f65c3a09000 ---p 00003000 08:05 4987482                    /lib/x86_64-linux-gnu/libdl-2.23.so
7f65c3a09000-7f65c3a0a000 r--p 00002000 08:05 4987482                    /lib/x86_64-linux-gnu/libdl-2.23.so
7f65c3a0a000-7f65c3a0b000 rw-p 00003000 08:05 4987482                    /lib/x86_64-linux-gnu/libdl-2.23.so
7f65c3a0b000-7f65c3bcb000 r-xp 00000000 08:05 4987493                    /lib/x86_64-linux-gnu/libc-2.23.so
7f65c3bcb000-7f65c3dcb000 ---p 001c0000 08:05 4987493                    /lib/x86_64-linux-gnu/libc-2.23.so
7f65c3dcb000-7f65c3dcf000 r--p 001c0000 08:05 4987493                    /lib/x86_64-linux-gnu/libc-2.23.so
7f65c3dcf000-7f65c3dd1000 rw-p 001c4000 08:05 4987493                    /lib/x86_64-linux-gnu/libc-2.23.so
7f65c3dd1000-7f65c3dd5000 rw-p 00000000 00:00 0 
7f65c3dd5000-7f65c3deb000 r-xp 00000000 08:05 2381842                    /home/developer/android-studio/jre/lib/amd64/jli/libjli.so
7f65c3deb000-7f65c3fea000 ---p 00016000 08:05 2381842                    /home/developer/android-studio/jre/lib/amd64/jli/libjli.so
7f65c3fea000-7f65c3feb000 r--p 00015000 08:05 2381842                    /home/developer/android-studio/jre/lib/amd64/jli/libjli.so
7f65c3feb000-7f65c3fec000 rw-p 00016000 08:05 2381842                    /home/developer/android-studio/jre/lib/amd64/jli/libjli.so
7f65c3fec000-7f65c4012000 r-xp 00000000 08:05 4987471                    /lib/x86_64-linux-gnu/ld-2.23.so
7f65c401b000-7f65c40f3000 rw-p 00000000 00:00 0 
7f65c40f3000-7f65c40f6000 ---p 00000000 00:00 0 
7f65c40f6000-7f65c41f8000 rw-p 00000000 00:00 0 
7f65c41fc000-7f65c4205000 r--s 00029000 08:05 4720280                    /home/developer/AndroidStudioProjects/PropertyDODO1/app/build/intermediates/multi-dex/release/componentClasses.jar
7f65c4205000-7f65c420d000 rw-s 00000000 08:05 1193047                    /tmp/hsperfdata_developer/6287
7f65c420d000-7f65c420e000 rw-p 00000000 00:00 0 
7f65c420e000-7f65c420f000 ---p 00000000 00:00 0 
7f65c420f000-7f65c4211000 rw-p 00000000 00:00 0 
7f65c4211000-7f65c4212000 r--p 00025000 08:05 4987471                    /lib/x86_64-linux-gnu/ld-2.23.so
7f65c4212000-7f65c4213000 rw-p 00026000 08:05 4987471                    /lib/x86_64-linux-gnu/ld-2.23.so
7f65c4213000-7f65c4214000 rw-p 00000000 00:00 0 
7ffd6a67a000-7ffd6a69c000 rw-p 00000000 00:00 0                          [stack]
7ffd6a69e000-7ffd6a6a0000 r--p 00000000 00:00 0                          [vvar]
7ffd6a6a0000-7ffd6a6a2000 r-xp 00000000 00:00 0                          [vdso]
ffffffffff600000-ffffffffff601000 r-xp 00000000 00:00 0                  [vsyscall]

VM Arguments:
jvm_args: -Djava.awt.headless=true -Dfile.encoding=UTF-8 -Duser.country=US -Duser.language=en -Duser.variant 
java_command: com.android.multidex.ClassReferenceListBuilder /home/developer/AndroidStudioProjects/PropertyDODO1/app/build/intermediates/multi-dex/release/componentClasses.jar /home/developer/AndroidStudioProjects/PropertyDODO1/app/build/intermediates/transforms/jarMerging/release/0.jar
java_class_path (initial): /home/developer/Android/Sdk/build-tools/26.0.2/lib/dx.jar
Launcher Type: SUN_STANDARD

Environment Variables:
JAVA_HOME=/usr/lib/jvm/java-8-oracle
PATH=/home/developer/bin:/home/developer/.local/bin:/usr/local/sbin:/usr/local/bin:/usr/sbin:/usr/bin:/sbin:/bin:/usr/games:/usr/local/games:/snap/bin:/usr/lib/jvm/java-8-oracle/bin:/usr/lib/jvm/java-8-oracle/db/bin:/usr/lib/jvm/java-8-oracle/jre/bin
LD_LIBRARY_PATH=.:
SHELL=/bin/bash
DISPLAY=:0

Signal Handlers:
SIGSEGV: [libjvm.so+0x9ebc60], sa_mask[0]=11111111011111111101111111111110, sa_flags=SA_RESTART|SA_SIGINFO
SIGBUS: [libjvm.so+0x9ebc60], sa_mask[0]=11111111011111111101111111111110, sa_flags=SA_RESTART|SA_SIGINFO
SIGFPE: [libjvm.so+0x84cf60], sa_mask[0]=11111111011111111101111111111110, sa_flags=SA_RESTART|SA_SIGINFO
SIGPIPE: [libjvm.so+0x84cf60], sa_mask[0]=11111111011111111101111111111110, sa_flags=SA_RESTART|SA_SIGINFO
SIGXFSZ: [libjvm.so+0x84cf60], sa_mask[0]=11111111011111111101111111111110, sa_flags=SA_RESTART|SA_SIGINFO
SIGILL: [libjvm.so+0x84cf60], sa_mask[0]=11111111011111111101111111111110, sa_flags=SA_RESTART|SA_SIGINFO
SIGUSR1: SIG_DFL, sa_mask[0]=00000000000000000000000000000000, sa_flags=none
SIGUSR2: [libjvm.so+0x84ce30], sa_mask[0]=00100000000000000000000000000000, sa_flags=SA_RESTART|SA_SIGINFO
SIGHUP: [libjvm.so+0x84d020], sa_mask[0]=11111111011111111101111111111110, sa_flags=SA_RESTART|SA_SIGINFO
SIGINT: [libjvm.so+0x84d020], sa_mask[0]=11111111011111111101111111111110, sa_flags=SA_RESTART|SA_SIGINFO
SIGTERM: [libjvm.so+0x84d020], sa_mask[0]=11111111011111111101111111111110, sa_flags=SA_RESTART|SA_SIGINFO
SIGQUIT: [libjvm.so+0x84d020], sa_mask[0]=11111111011111111101111111111110, sa_flags=SA_RESTART|SA_SIGINFO


---------------  S Y S T E M  ---------------

OS:DISTRIB_ID=Ubuntu
DISTRIB_RELEASE=16.04
DISTRIB_CODENAME=xenial
DISTRIB_DESCRIPTION="Ubuntu 16.04.3 LTS"

uname:Linux 4.10.0-42-generic #46~16.04.1-Ubuntu SMP Mon Dec 4 15:57:59 UTC 2017 x86_64
libc:glibc 2.23 NPTL 2.23 
rlimit: STACK 8192k, CORE 0k, NPROC 14928, NOFILE 1048576, AS infinity
load average:2.56 1.48 1.37

/proc/meminfo:
MemTotal:        3866512 kB
MemFree:          112620 kB
MemAvailable:      27360 kB
Buffers:             520 kB
Cached:           184128 kB
SwapCached:         1028 kB
Active:          2963172 kB
Inactive:         558092 kB
Active(anon):    2951820 kB
Inactive(anon):   541448 kB
Active(file):      11352 kB
Inactive(file):    16644 kB
Unevictable:         528 kB
Mlocked:             528 kB
SwapTotal:       4012028 kB
SwapFree:             12 kB
Dirty:               748 kB
Writeback:           220 kB
AnonPages:       3337632 kB
Mapped:            73580 kB
Shmem:            155920 kB
Slab:              96680 kB
SReclaimable:      41412 kB
SUnreclaim:        55268 kB
KernelStack:       15288 kB
PageTables:        66444 kB
NFS_Unstable:          0 kB
Bounce:                0 kB
WritebackTmp:          0 kB
CommitLimit:     5945284 kB
Committed_AS:   14064416 kB
VmallocTotal:   34359738367 kB
VmallocUsed:           0 kB
VmallocChunk:          0 kB
HardwareCorrupted:     0 kB
AnonHugePages:    473088 kB
ShmemHugePages:        0 kB
ShmemPmdMapped:        0 kB
CmaTotal:              0 kB
CmaFree:               0 kB
HugePages_Total:       0
HugePages_Free:        0
HugePages_Rsvd:        0
HugePages_Surp:        0
Hugepagesize:       2048 kB
DirectMap4k:      123604 kB
DirectMap2M:     3891200 kB


CPU:total 4 (initial active 4) (2 cores per cpu, 2 threads per core) family 6 model 42 stepping 7, cmov, cx8, fxsr, mmx, sse, sse2, sse3, ssse3, sse4.1, sse4.2, popcnt, avx, clmul, ht, tsc, tscinvbit

/proc/cpuinfo:
processor	: 0
vendor_id	: GenuineIntel
cpu family	: 6
model		: 42
model name	: Intel(R) Core(TM) i3-2120 CPU @ 3.30GHz
stepping	: 7
microcode	: 0x29
cpu MHz		: 3299.798
cache size	: 3072 KB
physical id	: 0
siblings	: 4
core id		: 0
cpu cores	: 2
apicid		: 0
initial apicid	: 0
fpu		: yes
fpu_exception	: yes
cpuid level	: 13
wp		: yes
flags		: fpu vme de pse tsc msr pae mce cx8 apic sep mtrr pge mca cmov pat pse36 clflush dts acpi mmx fxsr sse sse2 ss ht tm pbe syscall nx rdtscp lm constant_tsc arch_perfmon pebs bts rep_good nopl xtopology nonstop_tsc aperfmperf pni pclmulqdq dtes64 monitor ds_cpl vmx est tm2 ssse3 cx16 xtpr pdcm pcid sse4_1 sse4_2 popcnt tsc_deadline_timer xsave avx lahf_lm epb tpr_shadow vnmi flexpriority ept vpid xsaveopt dtherm arat pln pts
bugs		:
bogomips	: 6583.66
clflush size	: 64
cache_alignment	: 64
address sizes	: 36 bits physical, 48 bits virtual
power management:

processor	: 1
vendor_id	: GenuineIntel
cpu family	: 6
model		: 42
model name	: Intel(R) Core(TM) i3-2120 CPU @ 3.30GHz
stepping	: 7
microcode	: 0x29
cpu MHz		: 3300.000
cache size	: 3072 KB
physical id	: 0
siblings	: 4
core id		: 1
cpu cores	: 2
apicid		: 2
initial apicid	: 2
fpu		: yes
fpu_exception	: yes
cpuid level	: 13
wp		: yes
flags		: fpu vme de pse tsc msr pae mce cx8 apic sep mtrr pge mca cmov pat pse36 clflush dts acpi mmx fxsr sse sse2 ss ht tm pbe syscall nx rdtscp lm constant_tsc arch_perfmon pebs bts rep_good nopl xtopology nonstop_tsc aperfmperf pni pclmulqdq dtes64 monitor ds_cpl vmx est tm2 ssse3 cx16 xtpr pdcm pcid sse4_1 sse4_2 popcnt tsc_deadline_timer xsave avx lahf_lm epb tpr_shadow vnmi flexpriority ept vpid xsaveopt dtherm arat pln pts
bugs		:
bogomips	: 6583.66
clflush size	: 64
cache_alignment	: 64
address sizes	: 36 bits physical, 48 bits virtual
power management:

processor	: 2
vendor_id	: GenuineIntel
cpu family	: 6
model		: 42
model name	: Intel(R) Core(TM) i3-2120 CPU @ 3.30GHz
stepping	: 7
microcode	: 0x29
cpu MHz		: 3299.798
cache size	: 3072 KB
physical id	: 0
siblings	: 4
core id		: 0
cpu cores	: 2
apicid		: 1
initial apicid	: 1
fpu		: yes
fpu_exception	: yes
cpuid level	: 13
wp		: yes
flags		: fpu vme de pse tsc msr pae mce cx8 apic sep mtrr pge mca cmov pat pse36 clflush dts acpi mmx fxsr sse sse2 ss ht tm pbe syscall nx rdtscp lm constant_tsc arch_perfmon pebs bts rep_good nopl xtopology nonstop_tsc aperfmperf pni pclmulqdq dtes64 monitor ds_cpl vmx est tm2 ssse3 cx16 xtpr pdcm pcid sse4_1 sse4_2 popcnt tsc_deadline_timer xsave avx lahf_lm epb tpr_shadow vnmi flexpriority ept vpid xsaveopt dtherm arat pln pts
bugs		:
bogomips	: 6583.66
clflush size	: 64
cache_alignment	: 64
address sizes	: 36 bits physical, 48 bits virtual
power management:

processor	: 3
vendor_id	: GenuineIntel
cpu family	: 6
model		: 42
model name	: Intel(R) Core(TM) i3-2120 CPU @ 3.30GHz
stepping	: 7
microcode	: 0x29
cpu MHz		: 3300.000
cache size	: 3072 KB
physical id	: 0
siblings	: 4
core id		: 1
cpu cores	: 2
apicid		: 3
initial apicid	: 3
fpu		: yes
fpu_exception	: yes
cpuid level	: 13
wp		: yes
flags		: fpu vme de pse tsc msr pae mce cx8 apic sep mtrr pge mca cmov pat pse36 clflush dts acpi mmx fxsr sse sse2 ss ht tm pbe syscall nx rdtscp lm constant_tsc arch_perfmon pebs bts rep_good nopl xtopology nonstop_tsc aperfmperf pni pclmulqdq dtes64 monitor ds_cpl vmx est tm2 ssse3 cx16 xtpr pdcm pcid sse4_1 sse4_2 popcnt tsc_deadline_timer xsave avx lahf_lm epb tpr_shadow vnmi flexpriority ept vpid xsaveopt dtherm arat pln pts
bugs		:
bogomips	: 6583.66
clflush size	: 64
cache_alignment	: 64
address sizes	: 36 bits physical, 48 bits virtual
power management:



Memory: 4k page, physical 3866512k(112620k free), swap 4012028k(12k free)

vm_info: OpenJDK 64-Bit Server VM (25.152-b01) for linux-amd64 JRE (1.8.0_152-release-915-b01), built by "builder" with gcc 4.8.4

time: Fri Dec 29 09:45:23 2017
elapsed time: 2 seconds (0d 0h 0m 2s)

