#
# There is insufficient memory for the Java Runtime Environment to continue.
# Native memory allocation (mmap) failed to map 83886080 bytes for committing reserved memory.
# Possible reasons:
#   The system is out of physical RAM or swap space
#   In 32 bit mode, the process size limit was hit
# Possible solutions:
#   Reduce memory load on the system
#   Increase physical memory or swap space
#   Check if swap backing store is full
#   Use 64 bit Java on a 64 bit OS
#   Decrease Java heap size (-Xmx/-Xms)
#   Decrease number of Java threads
#   Decrease Java thread stack sizes (-Xss)
#   Set larger code cache with -XX:ReservedCodeCacheSize=
# This output file may be truncated or incomplete.
#
#  Out of Memory Error (os_linux.cpp:2640), pid=7816, tid=0x00007f763c58f700
#
# JRE version: OpenJDK Runtime Environment (8.0_152-b01) (build 1.8.0_152-release-915-b01)
# Java VM: OpenJDK 64-Bit Server VM (25.152-b01 mixed mode linux-amd64 compressed oops)
# Failed to write core dump. Core dumps have been disabled. To enable core dumping, try "ulimit -c unlimited" before starting Java again
#

---------------  T H R E A D  ---------------

Current thread (0x00007f7650078000):  VMThread [stack: 0x00007f763c48f000,0x00007f763c590000] [id=7827]

Stack: [0x00007f763c48f000,0x00007f763c590000],  sp=0x00007f763c58e4c0,  free space=1021k
Native frames: (J=compiled Java code, j=interpreted, Vv=VM code, C=native code)
V  [libjvm.so+0x9eb15d]  VMError::report_and_die()+0x15d
V  [libjvm.so+0x4b8eaa]  report_vm_out_of_memory(char const*, int, unsigned long, VMErrorType, char const*)+0x8a
V  [libjvm.so+0x851370]  os::pd_commit_memory(char*, unsigned long, unsigned long, bool)+0xf0
V  [libjvm.so+0x84be8f]  os::commit_memory(char*, unsigned long, unsigned long, bool)+0x1f
V  [libjvm.so+0x8c261b]  PSVirtualSpace::expand_by(unsigned long)+0x5b
V  [libjvm.so+0x8c3290]  PSYoungGen::resize_generation(unsigned long, unsigned long)+0xb0
V  [libjvm.so+0x8c35ab]  PSYoungGen::resize(unsigned long, unsigned long)+0x1b
V  [libjvm.so+0x8bfc9c]  PSScavenge::invoke_no_policy()+0xdac
V  [libjvm.so+0x8c0478]  PSScavenge::invoke()+0x38
V  [libjvm.so+0x8748f3]  ParallelScavengeHeap::failed_mem_allocate(unsigned long)+0x63
V  [libjvm.so+0x9ecc84]  VM_ParallelGCFailedAllocation::doit()+0x84
V  [libjvm.so+0x9f1197]  VM_Operation::evaluate()+0x47
V  [libjvm.so+0x9efb78]  VMThread::evaluate_operation(VM_Operation*)+0x2c8
V  [libjvm.so+0x9efff9]  VMThread::loop()+0x219
V  [libjvm.so+0x9f0442]  VMThread::run()+0x72
V  [libjvm.so+0x84e792]  java_start(Thread*)+0xf2

VM_Operation (0x00007f765689c370): ParallelGCFailedAllocation, mode: safepoint, requested by thread 0x00007f765000b000


---------------  P R O C E S S  ---------------

Java Threads: ( => current thread )
  0x00007f76500db800 JavaThread "Service Thread" daemon [_thread_blocked, id=7834, stack(0x00007f76379d6000,0x00007f7637ad7000)]
  0x00007f76500be000 JavaThread "C1 CompilerThread2" daemon [_thread_blocked, id=7833, stack(0x00007f7637ad7000,0x00007f7637bd8000)]
  0x00007f76500bc800 JavaThread "C2 CompilerThread1" daemon [_thread_blocked, id=7832, stack(0x00007f7637bd8000,0x00007f7637cd9000)]
  0x00007f76500b9800 JavaThread "C2 CompilerThread0" daemon [_thread_blocked, id=7831, stack(0x00007f763c08b000,0x00007f763c18c000)]
  0x00007f76500b8000 JavaThread "Signal Dispatcher" daemon [_thread_blocked, id=7830, stack(0x00007f763c18c000,0x00007f763c28d000)]
  0x00007f7650084800 JavaThread "Finalizer" daemon [_thread_blocked, id=7829, stack(0x00007f763c28d000,0x00007f763c38e000)]
  0x00007f7650080000 JavaThread "Reference Handler" daemon [_thread_blocked, id=7828, stack(0x00007f763c38e000,0x00007f763c48f000)]
  0x00007f765000b000 JavaThread "main" [_thread_blocked, id=7822, stack(0x00007f765679d000,0x00007f765689e000)]

Other Threads:
=>0x00007f7650078000 VMThread [stack: 0x00007f763c48f000,0x00007f763c590000] [id=7827]
  0x00007f76500dd800 WatcherThread [stack: 0x00007f76378d5000,0x00007f76379d6000] [id=7835]

VM state:at safepoint (normal execution)

VM Mutex/Monitor currently owned by a thread:  ([mutex/lock_event])
[0x00007f7650007160] Threads_lock - owner thread: 0x00007f7650078000
[0x00007f7650007660] Heap_lock - owner thread: 0x00007f765000b000

Heap:
 PSYoungGen      total 132608K, used 17376K [0x00000000ec580000, 0x00000000f5c80000, 0x0000000100000000)
  eden space 115200K, 0% used [0x00000000ec580000,0x00000000ec580000,0x00000000f3600000)
  from space 17408K, 99% used [0x00000000f3600000,0x00000000f46f8020,0x00000000f4700000)
  to   space 12800K, 0% used [0x00000000f4700000,0x00000000f4700000,0x00000000f5380000)
 ParOldGen       total 40960K, used 34083K [0x00000000c5000000, 0x00000000c7800000, 0x00000000ec580000)
  object space 40960K, 83% used [0x00000000c5000000,0x00000000c7148f08,0x00000000c7800000)
 Metaspace       used 3804K, capacity 5144K, committed 5376K, reserved 1056768K
  class space    used 392K, capacity 456K, committed 512K, reserved 1048576K

Card table byte_map: [0x00007f764042d000,0x00007f7640606000] byte_map_base: 0x00007f763fe05000

Marking Bits: (ParMarkBitMap*) 0x00007f7655c653e0
 Begin Bits: [0x00007f763e16e000, 0x00007f763f02e000)
 End Bits:   [0x00007f763f02e000, 0x00007f763feee000)

Polling page: 0x00007f76568b8000

CodeCache: size=245760Kb used=3724Kb max_used=3724Kb free=242035Kb
 bounds [0x00007f76409c6000, 0x00007f7640d76000, 0x00007f764f9c6000]
 total_blobs=873 nmethods=625 adapters=163
 compilation: enabled

Compilation events (10 events):
Event: 8.688 Thread 0x00007f76500be000 nmethod 630 0x00007f7640d50e50 code [0x00007f7640d50fa0, 0x00007f7640d51090]
Event: 8.690 Thread 0x00007f76500b9800  631       4       java.util.concurrent.ConcurrentHashMap::addCount (292 bytes)
Event: 8.697 Thread 0x00007f76500b9800 nmethod 631 0x00007f7640d58750 code [0x00007f7640d588c0, 0x00007f7640d58b30]
Event: 8.697 Thread 0x00007f76500b9800  632   !   4       com.android.dx.cf.direct.StdAttributeFactory::parseLocalVariables (274 bytes)
Event: 8.735 Thread 0x00007f76500be000  634       3       java.util.TreeMap::fixAfterInsertion (267 bytes)
Event: 8.754 Thread 0x00007f76500be000 nmethod 634 0x00007f7640d6a710 code [0x00007f7640d6aba0, 0x00007f7640d6d2b8]
Event: 8.806 Thread 0x00007f76500be000  636       3       com.android.dx.rop.cst.CstDouble::<init> (6 bytes)
Event: 8.807 Thread 0x00007f76500be000 nmethod 636 0x00007f7640d2d090 code [0x00007f7640d2d220, 0x00007f7640d2d550]
Event: 8.807 Thread 0x00007f76500be000  637       3       com.android.dx.rop.cst.CstDouble::make (9 bytes)
Event: 8.807 Thread 0x00007f76500be000 nmethod 637 0x00007f7640d2c890 code [0x00007f7640d2ca20, 0x00007f7640d2cdf0]

GC Heap History (10 events):
Event: 0.694 GC heap after
Heap after GC invocations=4 (full 0):
 PSYoungGen      total 33280K, used 2528K [0x00000000ec580000, 0x00000000ee880000, 0x0000000100000000)
  eden space 30720K, 0% used [0x00000000ec580000,0x00000000ec580000,0x00000000ee380000)
  from space 2560K, 98% used [0x00000000ee600000,0x00000000ee878020,0x00000000ee880000)
  to   space 2560K, 0% used [0x00000000ee380000,0x00000000ee380000,0x00000000ee600000)
 ParOldGen       total 40960K, used 3442K [0x00000000c5000000, 0x00000000c7800000, 0x00000000ec580000)
  object space 40960K, 8% used [0x00000000c5000000,0x00000000c535c9d8,0x00000000c7800000)
 Metaspace       used 3768K, capacity 5144K, committed 5376K, reserved 1056768K
  class space    used 390K, capacity 456K, committed 512K, reserved 1048576K
}
Event: 0.854 GC heap before
{Heap before GC invocations=5 (full 0):
 PSYoungGen      total 33280K, used 33248K [0x00000000ec580000, 0x00000000ee880000, 0x0000000100000000)
  eden space 30720K, 100% used [0x00000000ec580000,0x00000000ee380000,0x00000000ee380000)
  from space 2560K, 98% used [0x00000000ee600000,0x00000000ee878020,0x00000000ee880000)
  to   space 2560K, 0% used [0x00000000ee380000,0x00000000ee380000,0x00000000ee600000)
 ParOldGen       total 40960K, used 3442K [0x00000000c5000000, 0x00000000c7800000, 0x00000000ec580000)
  object space 40960K, 8% used [0x00000000c5000000,0x00000000c535c9d8,0x00000000c7800000)
 Metaspace       used 3774K, capacity 5144K, committed 5376K, reserved 1056768K
  class space    used 390K, capacity 456K, committed 512K, reserved 1048576K
Event: 0.869 GC heap after
Heap after GC invocations=5 (full 0):
 PSYoungGen      total 33280K, used 2548K [0x00000000ec580000, 0x00000000f0f80000, 0x0000000100000000)
  eden space 30720K, 0% used [0x00000000ec580000,0x00000000ec580000,0x00000000ee380000)
  from space 2560K, 99% used [0x00000000ee380000,0x00000000ee5fd050,0x00000000ee600000)
  to   space 7168K, 0% used [0x00000000f0880000,0x00000000f0880000,0x00000000f0f80000)
 ParOldGen       total 40960K, used 8345K [0x00000000c5000000, 0x00000000c7800000, 0x00000000ec580000)
  object space 40960K, 20% used [0x00000000c5000000,0x00000000c5826690,0x00000000c7800000)
 Metaspace       used 3774K, capacity 5144K, committed 5376K, reserved 1056768K
  class space    used 390K, capacity 456K, committed 512K, reserved 1048576K
}
Event: 1.044 GC heap before
{Heap before GC invocations=6 (full 0):
 PSYoungGen      total 33280K, used 33268K [0x00000000ec580000, 0x00000000f0f80000, 0x0000000100000000)
  eden space 30720K, 100% used [0x00000000ec580000,0x00000000ee380000,0x00000000ee380000)
  from space 2560K, 99% used [0x00000000ee380000,0x00000000ee5fd050,0x00000000ee600000)
  to   space 7168K, 0% used [0x00000000f0880000,0x00000000f0880000,0x00000000f0f80000)
 ParOldGen       total 40960K, used 8345K [0x00000000c5000000, 0x00000000c7800000, 0x00000000ec580000)
  object space 40960K, 20% used [0x00000000c5000000,0x00000000c5826690,0x00000000c7800000)
 Metaspace       used 3774K, capacity 5144K, committed 5376K, reserved 1056768K
  class space    used 390K, capacity 456K, committed 512K, reserved 1048576K
Event: 1.072 GC heap after
Heap after GC invocations=6 (full 0):
 PSYoungGen      total 67072K, used 7080K [0x00000000ec580000, 0x00000000f1280000, 0x0000000100000000)
  eden space 59904K, 0% used [0x00000000ec580000,0x00000000ec580000,0x00000000f0000000)
  from space 7168K, 98% used [0x00000000f0880000,0x00000000f0f6a3a0,0x00000000f0f80000)
  to   space 8704K, 0% used [0x00000000f0000000,0x00000000f0000000,0x00000000f0880000)
 ParOldGen       total 40960K, used 8353K [0x00000000c5000000, 0x00000000c7800000, 0x00000000ec580000)
  object space 40960K, 20% used [0x00000000c5000000,0x00000000c5828690,0x00000000c7800000)
 Metaspace       used 3774K, capacity 5144K, committed 5376K, reserved 1056768K
  class space    used 390K, capacity 456K, committed 512K, reserved 1048576K
}
Event: 4.246 GC heap before
{Heap before GC invocations=7 (full 0):
 PSYoungGen      total 67072K, used 66984K [0x00000000ec580000, 0x00000000f1280000, 0x0000000100000000)
  eden space 59904K, 100% used [0x00000000ec580000,0x00000000f0000000,0x00000000f0000000)
  from space 7168K, 98% used [0x00000000f0880000,0x00000000f0f6a3a0,0x00000000f0f80000)
  to   space 8704K, 0% used [0x00000000f0000000,0x00000000f0000000,0x00000000f0880000)
 ParOldGen       total 40960K, used 8353K [0x00000000c5000000, 0x00000000c7800000, 0x00000000ec580000)
  object space 40960K, 20% used [0x00000000c5000000,0x00000000c5828690,0x00000000c7800000)
 Metaspace       used 3775K, capacity 5144K, committed 5376K, reserved 1056768K
  class space    used 390K, capacity 456K, committed 512K, reserved 1048576K
Event: 7.652 GC heap after
Heap after GC invocations=7 (full 0):
 PSYoungGen      total 68608K, used 8685K [0x00000000ec580000, 0x00000000f5380000, 0x0000000100000000)
  eden space 59904K, 0% used [0x00000000ec580000,0x00000000ec580000,0x00000000f0000000)
  from space 8704K, 99% used [0x00000000f0000000,0x00000000f087b598,0x00000000f0880000)
  to   space 12800K, 0% used [0x00000000f4700000,0x00000000f4700000,0x00000000f5380000)
 ParOldGen       total 40960K, used 13744K [0x00000000c5000000, 0x00000000c7800000, 0x00000000ec580000)
  object space 40960K, 33% used [0x00000000c5000000,0x00000000c5d6c2f8,0x00000000c7800000)
 Metaspace       used 3775K, capacity 5144K, committed 5376K, reserved 1056768K
  class space    used 390K, capacity 456K, committed 512K, reserved 1048576K
}
Event: 7.877 GC heap before
{Heap before GC invocations=8 (full 0):
 PSYoungGen      total 68608K, used 68589K [0x00000000ec580000, 0x00000000f5380000, 0x0000000100000000)
  eden space 59904K, 100% used [0x00000000ec580000,0x00000000f0000000,0x00000000f0000000)
  from space 8704K, 99% used [0x00000000f0000000,0x00000000f087b598,0x00000000f0880000)
  to   space 12800K, 0% used [0x00000000f4700000,0x00000000f4700000,0x00000000f5380000)
 ParOldGen       total 40960K, used 13744K [0x00000000c5000000, 0x00000000c7800000, 0x00000000ec580000)
  object space 40960K, 33% used [0x00000000c5000000,0x00000000c5d6c2f8,0x00000000c7800000)
 Metaspace       used 3775K, capacity 5144K, committed 5376K, reserved 1056768K
  class space    used 390K, capacity 456K, committed 512K, reserved 1048576K
Event: 8.143 GC heap after
Heap after GC invocations=8 (full 0):
 PSYoungGen      total 128000K, used 12768K [0x00000000ec580000, 0x00000000f5c80000, 0x0000000100000000)
  eden space 115200K, 0% used [0x00000000ec580000,0x00000000ec580000,0x00000000f3600000)
  from space 12800K, 99% used [0x00000000f4700000,0x00000000f5378020,0x00000000f5380000)
  to   space 17408K, 0% used [0x00000000f3600000,0x00000000f3600000,0x00000000f4700000)
 ParOldGen       total 40960K, used 19764K [0x00000000c5000000, 0x00000000c7800000, 0x00000000ec580000)
  object space 40960K, 48% used [0x00000000c5000000,0x00000000c634d388,0x00000000c7800000)
 Metaspace       used 3775K, capacity 5144K, committed 5376K, reserved 1056768K
  class space    used 390K, capacity 456K, committed 512K, reserved 1048576K
}
Event: 8.822 GC heap before
{Heap before GC invocations=9 (full 0):
 PSYoungGen      total 128000K, used 127968K [0x00000000ec580000, 0x00000000f5c80000, 0x0000000100000000)
  eden space 115200K, 100% used [0x00000000ec580000,0x00000000f3600000,0x00000000f3600000)
  from space 12800K, 99% used [0x00000000f4700000,0x00000000f5378020,0x00000000f5380000)
  to   space 17408K, 0% used [0x00000000f3600000,0x00000000f3600000,0x00000000f4700000)
 ParOldGen       total 40960K, used 19764K [0x00000000c5000000, 0x00000000c7800000, 0x00000000ec580000)
  object space 40960K, 48% used [0x00000000c5000000,0x00000000c634d388,0x00000000c7800000)
 Metaspace       used 3804K, capacity 5144K, committed 5376K, reserved 1056768K
  class space    used 392K, capacity 456K, committed 512K, reserved 1048576K

Deoptimization events (2 events):
Event: 0.606 Thread 0x00007f765000b000 Uncommon trap: reason=unstable_if action=reinterpret pc=0x00007f7640c82670 method=com.android.dx.cf.direct.StdAttributeFactory.parse0(Lcom/android/dx/cf/direct/DirectClassFile;ILjava/lang/String;IILcom/android/dx/cf/iface/ParseObserver;)Lcom/android/dx/cf
Event: 8.681 Thread 0x00007f765000b000 Uncommon trap: reason=unstable_if action=reinterpret pc=0x00007f7640cce404 method=java.util.concurrent.ConcurrentHashMap.putVal(Ljava/lang/Object;Ljava/lang/Object;Z)Ljava/lang/Object; @ 195

Classes redefined (0 events):
No events

Internal exceptions (2 events):
Event: 0.058 Thread 0x00007f765000b000 Exception <a 'java/lang/NoSuchMethodError': Method sun.misc.Unsafe.defineClass(Ljava/lang/String;[BII)Ljava/lang/Class; name or signature does not match> (0x00000000ec587ca8) thrown at [/ssd/Android/AOSP-openjdk-git/jdk8u/hotspot/src/share/vm/prims/jni.cp
Event: 0.058 Thread 0x00007f765000b000 Exception <a 'java/lang/NoSuchMethodError': Method sun.misc.Unsafe.prefetchRead(Ljava/lang/Object;J)V name or signature does not match> (0x00000000ec587f90) thrown at [/ssd/Android/AOSP-openjdk-git/jdk8u/hotspot/src/share/vm/prims/jni.cpp, line 4011]

Events (10 events):
Event: 8.173 loading class java/time/temporal/TemporalAdjuster done
Event: 8.174 loading class java/time/Instant done
Event: 8.522 Thread 0x00007f765000b000 DEOPT PACKING pc=0x00007f7640ce1608 sp=0x00007f765689c2c0
Event: 8.522 Thread 0x00007f765000b000 DEOPT UNPACKING pc=0x00007f7640a0d373 sp=0x00007f765689c068 mode 0
Event: 8.678 Thread 0x00007f765000b000 Uncommon trap: trap_request=0xffffff65 fr.pc=0x00007f7640cce404
Event: 8.678 Executing VM operation: RevokeBias
Event: 8.681 Executing VM operation: RevokeBias done
Event: 8.681 Thread 0x00007f765000b000 DEOPT PACKING pc=0x00007f7640cce404 sp=0x00007f765689c430
Event: 8.681 Thread 0x00007f765000b000 DEOPT UNPACKING pc=0x00007f76409caf69 sp=0x00007f765689c3c0 mode 2
Event: 8.821 Executing VM operation: ParallelGCFailedAllocation


Dynamic libraries:
00400000-00401000 r-xp 00000000 08:05 2895521                            /home/developer/android-studio/jre/bin/java
00600000-00601000 r--p 00000000 08:05 2895521                            /home/developer/android-studio/jre/bin/java
00601000-00602000 rw-p 00001000 08:05 2895521                            /home/developer/android-studio/jre/bin/java
01a98000-01ab9000 rw-p 00000000 00:00 0                                  [heap]
c5000000-c7800000 rw-p 00000000 00:00 0 
c7800000-ec580000 ---p 00000000 00:00 0 
ec580000-f5c80000 rw-p 00000000 00:00 0 
fac80000-100000000 ---p 00000000 00:00 0 
100000000-100080000 rw-p 00000000 00:00 0 
100080000-140000000 ---p 00000000 00:00 0 
7f75f8000000-7f75f8021000 rw-p 00000000 00:00 0 
7f75f8021000-7f75fc000000 ---p 00000000 00:00 0 
7f7600000000-7f7600a1a000 rw-p 00000000 00:00 0 
7f7600a1a000-7f7604000000 ---p 00000000 00:00 0 
7f7604000000-7f7604021000 rw-p 00000000 00:00 0 
7f7604021000-7f7608000000 ---p 00000000 00:00 0 
7f7608000000-7f7608d3a000 rw-p 00000000 00:00 0 
7f7608d3a000-7f760c000000 ---p 00000000 00:00 0 
7f760c000000-7f760d011000 rw-p 00000000 00:00 0 
7f760d011000-7f7610000000 ---p 00000000 00:00 0 
7f7610000000-7f7610021000 rw-p 00000000 00:00 0 
7f7610021000-7f7614000000 ---p 00000000 00:00 0 
7f7614000000-7f7614021000 rw-p 00000000 00:00 0 
7f7614021000-7f7618000000 ---p 00000000 00:00 0 
7f7618000000-7f7618280000 rw-p 00000000 00:00 0 
7f7618280000-7f761c000000 ---p 00000000 00:00 0 
7f761c000000-7f761c021000 rw-p 00000000 00:00 0 
7f761c021000-7f7620000000 ---p 00000000 00:00 0 
7f7620000000-7f7620021000 rw-p 00000000 00:00 0 
7f7620021000-7f7624000000 ---p 00000000 00:00 0 
7f7628000000-7f7628021000 rw-p 00000000 00:00 0 
7f7628021000-7f762c000000 ---p 00000000 00:00 0 
7f7630000000-7f7630021000 rw-p 00000000 00:00 0 
7f7630021000-7f7634000000 ---p 00000000 00:00 0 
7f76377b7000-7f76378d5000 r--s 00b76000 08:05 4719600                    /home/developer/AndroidStudioProjects/PropertyDODO1/app/build/intermediates/transforms/jarMerging/release/0.jar
7f76378d5000-7f76378d6000 ---p 00000000 00:00 0 
7f76378d6000-7f76379d6000 rw-p 00000000 00:00 0 
7f76379d6000-7f76379d9000 ---p 00000000 00:00 0 
7f76379d9000-7f7637ad7000 rw-p 00000000 00:00 0 
7f7637ad7000-7f7637ada000 ---p 00000000 00:00 0 
7f7637ada000-7f7637bd8000 rw-p 00000000 00:00 0 
7f7637bd8000-7f7637bdb000 ---p 00000000 00:00 0 
7f7637bdb000-7f7637cd9000 rw-p 00000000 00:00 0 
7f7637cd9000-7f7638000000 r--p 00000000 08:05 1318494                    /usr/lib/locale/locale-archive
7f7638000000-7f7638021000 rw-p 00000000 00:00 0 
7f7638021000-7f763c000000 ---p 00000000 00:00 0 
7f763c05f000-7f763c08b000 rw-p 00000000 00:00 0 
7f763c08b000-7f763c08e000 ---p 00000000 00:00 0 
7f763c08e000-7f763c18c000 rw-p 00000000 00:00 0 
7f763c18c000-7f763c18f000 ---p 00000000 00:00 0 
7f763c18f000-7f763c28d000 rw-p 00000000 00:00 0 
7f763c28d000-7f763c290000 ---p 00000000 00:00 0 
7f763c290000-7f763c38e000 rw-p 00000000 00:00 0 
7f763c38e000-7f763c391000 ---p 00000000 00:00 0 
7f763c391000-7f763c48f000 rw-p 00000000 00:00 0 
7f763c48f000-7f763c490000 ---p 00000000 00:00 0 
7f763c490000-7f763d550000 rw-p 00000000 00:00 0 
7f763d550000-7f763d720000 r--s 03c46000 08:05 2381871                    /home/developer/android-studio/jre/jre/lib/rt.jar
7f763d720000-7f763dc56000 rw-p 00000000 00:00 0 
7f763dc56000-7f763df96000 ---p 00000000 00:00 0 
7f763df96000-7f763feee000 rw-p 00000000 00:00 0 
7f763feee000-7f763feef000 ---p 00000000 00:00 0 
7f763feef000-7f763ffef000 rw-p 00000000 00:00 0 
7f763ffef000-7f763fff0000 ---p 00000000 00:00 0 
7f763fff0000-7f76400f0000 rw-p 00000000 00:00 0 
7f76400f0000-7f76400f1000 ---p 00000000 00:00 0 
7f76400f1000-7f76401f1000 rw-p 00000000 00:00 0 
7f76401f1000-7f76401f2000 ---p 00000000 00:00 0 
7f76401f2000-7f7640306000 rw-p 00000000 00:00 0 
7f7640306000-7f764042d000 ---p 00000000 00:00 0 
7f764042d000-7f7640441000 rw-p 00000000 00:00 0 
7f7640441000-7f7640567000 ---p 00000000 00:00 0 
7f7640567000-7f76405b4000 rw-p 00000000 00:00 0 
7f76405b4000-7f7640605000 ---p 00000000 00:00 0 
7f7640605000-7f7640615000 rw-p 00000000 00:00 0 
7f7640615000-7f76409c6000 ---p 00000000 00:00 0 
7f76409c6000-7f7640d76000 rwxp 00000000 00:00 0 
7f7640d76000-7f764f9c6000 ---p 00000000 00:00 0 
7f764f9c6000-7f764f9e0000 r-xp 00000000 08:05 2760342                    /home/developer/android-studio/jre/jre/lib/amd64/libzip.so
7f764f9e0000-7f764fbe0000 ---p 0001a000 08:05 2760342                    /home/developer/android-studio/jre/jre/lib/amd64/libzip.so
7f764fbe0000-7f764fbe1000 r--p 0001a000 08:05 2760342                    /home/developer/android-studio/jre/jre/lib/amd64/libzip.so
7f764fbe1000-7f764fbe2000 rw-p 0001b000 08:05 2760342                    /home/developer/android-studio/jre/jre/lib/amd64/libzip.so
7f764fbe2000-7f764fbed000 r-xp 00000000 08:05 4987474                    /lib/x86_64-linux-gnu/libnss_files-2.23.so
7f764fbed000-7f764fdec000 ---p 0000b000 08:05 4987474                    /lib/x86_64-linux-gnu/libnss_files-2.23.so
7f764fdec000-7f764fded000 r--p 0000a000 08:05 4987474                    /lib/x86_64-linux-gnu/libnss_files-2.23.so
7f764fded000-7f764fdee000 rw-p 0000b000 08:05 4987474                    /lib/x86_64-linux-gnu/libnss_files-2.23.so
7f764fdee000-7f764fdf4000 rw-p 00000000 00:00 0 
7f764fdf4000-7f764fdff000 r-xp 00000000 08:05 4987477                    /lib/x86_64-linux-gnu/libnss_nis-2.23.so
7f764fdff000-7f764fffe000 ---p 0000b000 08:05 4987477                    /lib/x86_64-linux-gnu/libnss_nis-2.23.so
7f764fffe000-7f764ffff000 r--p 0000a000 08:05 4987477                    /lib/x86_64-linux-gnu/libnss_nis-2.23.so
7f764ffff000-7f7650000000 rw-p 0000b000 08:05 4987477                    /lib/x86_64-linux-gnu/libnss_nis-2.23.so
7f7650000000-7f76503c2000 rw-p 00000000 00:00 0 
7f76503c2000-7f7654000000 ---p 00000000 00:00 0 
7f765400d000-7f765401c000 r--s 000ed000 08:05 1327272                    /home/developer/Android/Sdk/build-tools/26.0.2/lib/dx.jar
7f765401c000-7f7654032000 r-xp 00000000 08:05 4987470                    /lib/x86_64-linux-gnu/libnsl-2.23.so
7f7654032000-7f7654231000 ---p 00016000 08:05 4987470                    /lib/x86_64-linux-gnu/libnsl-2.23.so
7f7654231000-7f7654232000 r--p 00015000 08:05 4987470                    /lib/x86_64-linux-gnu/libnsl-2.23.so
7f7654232000-7f7654233000 rw-p 00016000 08:05 4987470                    /lib/x86_64-linux-gnu/libnsl-2.23.so
7f7654233000-7f7654235000 rw-p 00000000 00:00 0 
7f7654235000-7f765423d000 r-xp 00000000 08:05 4987483                    /lib/x86_64-linux-gnu/libnss_compat-2.23.so
7f765423d000-7f765443c000 ---p 00008000 08:05 4987483                    /lib/x86_64-linux-gnu/libnss_compat-2.23.so
7f765443c000-7f765443d000 r--p 00007000 08:05 4987483                    /lib/x86_64-linux-gnu/libnss_compat-2.23.so
7f765443d000-7f765443e000 rw-p 00008000 08:05 4987483                    /lib/x86_64-linux-gnu/libnss_compat-2.23.so
7f765443e000-7f765446b000 r-xp 00000000 08:05 2760322                    /home/developer/android-studio/jre/jre/lib/amd64/libjava.so
7f765446b000-7f765466a000 ---p 0002d000 08:05 2760322                    /home/developer/android-studio/jre/jre/lib/amd64/libjava.so
7f765466a000-7f765466b000 r--p 0002c000 08:05 2760322                    /home/developer/android-studio/jre/jre/lib/amd64/libjava.so
7f765466b000-7f765466d000 rw-p 0002d000 08:05 2760322                    /home/developer/android-studio/jre/jre/lib/amd64/libjava.so
7f765466d000-7f765467d000 r-xp 00000000 08:05 2760354                    /home/developer/android-studio/jre/jre/lib/amd64/libverify.so
7f765467d000-7f765487c000 ---p 00010000 08:05 2760354                    /home/developer/android-studio/jre/jre/lib/amd64/libverify.so
7f765487c000-7f765487e000 r--p 0000f000 08:05 2760354                    /home/developer/android-studio/jre/jre/lib/amd64/libverify.so
7f765487e000-7f765487f000 rw-p 00011000 08:05 2760354                    /home/developer/android-studio/jre/jre/lib/amd64/libverify.so
7f765487f000-7f7654886000 r-xp 00000000 08:05 4987479                    /lib/x86_64-linux-gnu/librt-2.23.so
7f7654886000-7f7654a85000 ---p 00007000 08:05 4987479                    /lib/x86_64-linux-gnu/librt-2.23.so
7f7654a85000-7f7654a86000 r--p 00006000 08:05 4987479                    /lib/x86_64-linux-gnu/librt-2.23.so
7f7654a86000-7f7654a87000 rw-p 00007000 08:05 4987479                    /lib/x86_64-linux-gnu/librt-2.23.so
7f7654a87000-7f7654b8f000 r-xp 00000000 08:05 4987488                    /lib/x86_64-linux-gnu/libm-2.23.so
7f7654b8f000-7f7654d8e000 ---p 00108000 08:05 4987488                    /lib/x86_64-linux-gnu/libm-2.23.so
7f7654d8e000-7f7654d8f000 r--p 00107000 08:05 4987488                    /lib/x86_64-linux-gnu/libm-2.23.so
7f7654d8f000-7f7654d90000 rw-p 00108000 08:05 4987488                    /lib/x86_64-linux-gnu/libm-2.23.so
7f7654d90000-7f7655988000 r-xp 00000000 08:05 2760341                    /home/developer/android-studio/jre/jre/lib/amd64/server/libjvm.so
7f7655988000-7f7655b88000 ---p 00bf8000 08:05 2760341                    /home/developer/android-studio/jre/jre/lib/amd64/server/libjvm.so
7f7655b88000-7f7655c27000 r--p 00bf8000 08:05 2760341                    /home/developer/android-studio/jre/jre/lib/amd64/server/libjvm.so
7f7655c27000-7f7655c50000 rw-p 00c97000 08:05 2760341                    /home/developer/android-studio/jre/jre/lib/amd64/server/libjvm.so
7f7655c50000-7f7655c94000 rw-p 00000000 00:00 0 
7f7655c94000-7f7655cac000 r-xp 00000000 08:05 4987476                    /lib/x86_64-linux-gnu/libpthread-2.23.so
7f7655cac000-7f7655eab000 ---p 00018000 08:05 4987476                    /lib/x86_64-linux-gnu/libpthread-2.23.so
7f7655eab000-7f7655eac000 r--p 00017000 08:05 4987476                    /lib/x86_64-linux-gnu/libpthread-2.23.so
7f7655eac000-7f7655ead000 rw-p 00018000 08:05 4987476                    /lib/x86_64-linux-gnu/libpthread-2.23.so
7f7655ead000-7f7655eb1000 rw-p 00000000 00:00 0 
7f7655eb1000-7f7655eb4000 r-xp 00000000 08:05 4987482                    /lib/x86_64-linux-gnu/libdl-2.23.so
7f7655eb4000-7f76560b3000 ---p 00003000 08:05 4987482                    /lib/x86_64-linux-gnu/libdl-2.23.so
7f76560b3000-7f76560b4000 r--p 00002000 08:05 4987482                    /lib/x86_64-linux-gnu/libdl-2.23.so
7f76560b4000-7f76560b5000 rw-p 00003000 08:05 4987482                    /lib/x86_64-linux-gnu/libdl-2.23.so
7f76560b5000-7f7656275000 r-xp 00000000 08:05 4987493                    /lib/x86_64-linux-gnu/libc-2.23.so
7f7656275000-7f7656475000 ---p 001c0000 08:05 4987493                    /lib/x86_64-linux-gnu/libc-2.23.so
7f7656475000-7f7656479000 r--p 001c0000 08:05 4987493                    /lib/x86_64-linux-gnu/libc-2.23.so
7f7656479000-7f765647b000 rw-p 001c4000 08:05 4987493                    /lib/x86_64-linux-gnu/libc-2.23.so
7f765647b000-7f765647f000 rw-p 00000000 00:00 0 
7f765647f000-7f7656495000 r-xp 00000000 08:05 2381842                    /home/developer/android-studio/jre/lib/amd64/jli/libjli.so
7f7656495000-7f7656694000 ---p 00016000 08:05 2381842                    /home/developer/android-studio/jre/lib/amd64/jli/libjli.so
7f7656694000-7f7656695000 r--p 00015000 08:05 2381842                    /home/developer/android-studio/jre/lib/amd64/jli/libjli.so
7f7656695000-7f7656696000 rw-p 00016000 08:05 2381842                    /home/developer/android-studio/jre/lib/amd64/jli/libjli.so
7f7656696000-7f76566bc000 r-xp 00000000 08:05 4987471                    /lib/x86_64-linux-gnu/ld-2.23.so
7f76566c5000-7f765679d000 rw-p 00000000 00:00 0 
7f765679d000-7f76567a0000 ---p 00000000 00:00 0 
7f76567a0000-7f76568a2000 rw-p 00000000 00:00 0 
7f76568a6000-7f76568af000 r--s 00029000 08:05 4720280                    /home/developer/AndroidStudioProjects/PropertyDODO1/app/build/intermediates/multi-dex/release/componentClasses.jar
7f76568af000-7f76568b7000 rw-s 00000000 08:05 1193131                    /tmp/hsperfdata_developer/7816
7f76568b7000-7f76568b8000 rw-p 00000000 00:00 0 
7f76568b8000-7f76568b9000 ---p 00000000 00:00 0 
7f76568b9000-7f76568bb000 rw-p 00000000 00:00 0 
7f76568bb000-7f76568bc000 r--p 00025000 08:05 4987471                    /lib/x86_64-linux-gnu/ld-2.23.so
7f76568bc000-7f76568bd000 rw-p 00026000 08:05 4987471                    /lib/x86_64-linux-gnu/ld-2.23.so
7f76568bd000-7f76568be000 rw-p 00000000 00:00 0 
7ffdd8253000-7ffdd8275000 rw-p 00000000 00:00 0                          [stack]
7ffdd83f3000-7ffdd83f5000 r--p 00000000 00:00 0                          [vvar]
7ffdd83f5000-7ffdd83f7000 r-xp 00000000 00:00 0                          [vdso]
ffffffffff600000-ffffffffff601000 r-xp 00000000 00:00 0                  [vsyscall]

VM Arguments:
jvm_args: -Djava.awt.headless=true -Dfile.encoding=UTF-8 -Duser.country=US -Duser.language=en -Duser.variant 
java_command: com.android.multidex.ClassReferenceListBuilder /home/developer/AndroidStudioProjects/PropertyDODO1/app/build/intermediates/multi-dex/release/componentClasses.jar /home/developer/AndroidStudioProjects/PropertyDODO1/app/build/intermediates/transforms/jarMerging/release/0.jar
java_class_path (initial): /home/developer/Android/Sdk/build-tools/26.0.2/lib/dx.jar
Launcher Type: SUN_STANDARD

Environment Variables:
JAVA_HOME=/usr/lib/jvm/java-8-oracle
PATH=/home/developer/bin:/home/developer/.local/bin:/usr/local/sbin:/usr/local/bin:/usr/sbin:/usr/bin:/sbin:/bin:/usr/games:/usr/local/games:/snap/bin:/usr/lib/jvm/java-8-oracle/bin:/usr/lib/jvm/java-8-oracle/db/bin:/usr/lib/jvm/java-8-oracle/jre/bin
LD_LIBRARY_PATH=.:
SHELL=/bin/bash
DISPLAY=:0

Signal Handlers:
SIGSEGV: [libjvm.so+0x9ebc60], sa_mask[0]=11111111011111111101111111111110, sa_flags=SA_RESTART|SA_SIGINFO
SIGBUS: [libjvm.so+0x9ebc60], sa_mask[0]=11111111011111111101111111111110, sa_flags=SA_RESTART|SA_SIGINFO
SIGFPE: [libjvm.so+0x84cf60], sa_mask[0]=11111111011111111101111111111110, sa_flags=SA_RESTART|SA_SIGINFO
SIGPIPE: [libjvm.so+0x84cf60], sa_mask[0]=11111111011111111101111111111110, sa_flags=SA_RESTART|SA_SIGINFO
SIGXFSZ: [libjvm.so+0x84cf60], sa_mask[0]=11111111011111111101111111111110, sa_flags=SA_RESTART|SA_SIGINFO
SIGILL: [libjvm.so+0x84cf60], sa_mask[0]=11111111011111111101111111111110, sa_flags=SA_RESTART|SA_SIGINFO
SIGUSR1: SIG_DFL, sa_mask[0]=00000000000000000000000000000000, sa_flags=none
SIGUSR2: [libjvm.so+0x84ce30], sa_mask[0]=00100000000000000000000000000000, sa_flags=SA_RESTART|SA_SIGINFO
SIGHUP: [libjvm.so+0x84d020], sa_mask[0]=11111111011111111101111111111110, sa_flags=SA_RESTART|SA_SIGINFO
SIGINT: [libjvm.so+0x84d020], sa_mask[0]=11111111011111111101111111111110, sa_flags=SA_RESTART|SA_SIGINFO
SIGTERM: [libjvm.so+0x84d020], sa_mask[0]=11111111011111111101111111111110, sa_flags=SA_RESTART|SA_SIGINFO
SIGQUIT: [libjvm.so+0x84d020], sa_mask[0]=11111111011111111101111111111110, sa_flags=SA_RESTART|SA_SIGINFO


---------------  S Y S T E M  ---------------

OS:DISTRIB_ID=Ubuntu
DISTRIB_RELEASE=16.04
DISTRIB_CODENAME=xenial
DISTRIB_DESCRIPTION="Ubuntu 16.04.3 LTS"

uname:Linux 4.10.0-42-generic #46~16.04.1-Ubuntu SMP Mon Dec 4 15:57:59 UTC 2017 x86_64
libc:glibc 2.23 NPTL 2.23 
rlimit: STACK 8192k, CORE 0k, NPROC 14928, NOFILE 1048576, AS infinity
load average:7.46 3.52 2.46

/proc/meminfo:
MemTotal:        3866512 kB
MemFree:          104484 kB
MemAvailable:      11424 kB
Buffers:             420 kB
Cached:            97888 kB
SwapCached:         7072 kB
Active:          2939900 kB
Inactive:         594284 kB
Active(anon):    2932024 kB
Inactive(anon):   586364 kB
Active(file):       7876 kB
Inactive(file):     7920 kB
Unevictable:         528 kB
Mlocked:             528 kB
SwapTotal:       4012028 kB
SwapFree:              0 kB
Dirty:                 0 kB
Writeback:            80 kB
AnonPages:       3431632 kB
Mapped:            21096 kB
Shmem:             81516 kB
Slab:              93452 kB
SReclaimable:      38012 kB
SUnreclaim:        55440 kB
KernelStack:       14944 kB
PageTables:        65844 kB
NFS_Unstable:          0 kB
Bounce:                0 kB
WritebackTmp:          0 kB
CommitLimit:     5945284 kB
Committed_AS:   13448568 kB
VmallocTotal:   34359738367 kB
VmallocUsed:           0 kB
VmallocChunk:          0 kB
HardwareCorrupted:     0 kB
AnonHugePages:    264192 kB
ShmemHugePages:        0 kB
ShmemPmdMapped:        0 kB
CmaTotal:              0 kB
CmaFree:               0 kB
HugePages_Total:       0
HugePages_Free:        0
HugePages_Rsvd:        0
HugePages_Surp:        0
Hugepagesize:       2048 kB
DirectMap4k:      123604 kB
DirectMap2M:     3891200 kB


CPU:total 4 (initial active 4) (2 cores per cpu, 2 threads per core) family 6 model 42 stepping 7, cmov, cx8, fxsr, mmx, sse, sse2, sse3, ssse3, sse4.1, sse4.2, popcnt, avx, clmul, ht, tsc, tscinvbit

/proc/cpuinfo:
processor	: 0
vendor_id	: GenuineIntel
cpu family	: 6
model		: 42
model name	: Intel(R) Core(TM) i3-2120 CPU @ 3.30GHz
stepping	: 7
microcode	: 0x29
cpu MHz		: 3299.798
cache size	: 3072 KB
physical id	: 0
siblings	: 4
core id		: 0
cpu cores	: 2
apicid		: 0
initial apicid	: 0
fpu		: yes
fpu_exception	: yes
cpuid level	: 13
wp		: yes
flags		: fpu vme de pse tsc msr pae mce cx8 apic sep mtrr pge mca cmov pat pse36 clflush dts acpi mmx fxsr sse sse2 ss ht tm pbe syscall nx rdtscp lm constant_tsc arch_perfmon pebs bts rep_good nopl xtopology nonstop_tsc aperfmperf pni pclmulqdq dtes64 monitor ds_cpl vmx est tm2 ssse3 cx16 xtpr pdcm pcid sse4_1 sse4_2 popcnt tsc_deadline_timer xsave avx lahf_lm epb tpr_shadow vnmi flexpriority ept vpid xsaveopt dtherm arat pln pts
bugs		:
bogomips	: 6583.66
clflush size	: 64
cache_alignment	: 64
address sizes	: 36 bits physical, 48 bits virtual
power management:

processor	: 1
vendor_id	: GenuineIntel
cpu family	: 6
model		: 42
model name	: Intel(R) Core(TM) i3-2120 CPU @ 3.30GHz
stepping	: 7
microcode	: 0x29
cpu MHz		: 3300.000
cache size	: 3072 KB
physical id	: 0
siblings	: 4
core id		: 1
cpu cores	: 2
apicid		: 2
initial apicid	: 2
fpu		: yes
fpu_exception	: yes
cpuid level	: 13
wp		: yes
flags		: fpu vme de pse tsc msr pae mce cx8 apic sep mtrr pge mca cmov pat pse36 clflush dts acpi mmx fxsr sse sse2 ss ht tm pbe syscall nx rdtscp lm constant_tsc arch_perfmon pebs bts rep_good nopl xtopology nonstop_tsc aperfmperf pni pclmulqdq dtes64 monitor ds_cpl vmx est tm2 ssse3 cx16 xtpr pdcm pcid sse4_1 sse4_2 popcnt tsc_deadline_timer xsave avx lahf_lm epb tpr_shadow vnmi flexpriority ept vpid xsaveopt dtherm arat pln pts
bugs		:
bogomips	: 6583.66
clflush size	: 64
cache_alignment	: 64
address sizes	: 36 bits physical, 48 bits virtual
power management:

processor	: 2
vendor_id	: GenuineIntel
cpu family	: 6
model		: 42
model name	: Intel(R) Core(TM) i3-2120 CPU @ 3.30GHz
stepping	: 7
microcode	: 0x29
cpu MHz		: 3299.798
cache size	: 3072 KB
physical id	: 0
siblings	: 4
core id		: 0
cpu cores	: 2
apicid		: 1
initial apicid	: 1
fpu		: yes
fpu_exception	: yes
cpuid level	: 13
wp		: yes
flags		: fpu vme de pse tsc msr pae mce cx8 apic sep mtrr pge mca cmov pat pse36 clflush dts acpi mmx fxsr sse sse2 ss ht tm pbe syscall nx rdtscp lm constant_tsc arch_perfmon pebs bts rep_good nopl xtopology nonstop_tsc aperfmperf pni pclmulqdq dtes64 monitor ds_cpl vmx est tm2 ssse3 cx16 xtpr pdcm pcid sse4_1 sse4_2 popcnt tsc_deadline_timer xsave avx lahf_lm epb tpr_shadow vnmi flexpriority ept vpid xsaveopt dtherm arat pln pts
bugs		:
bogomips	: 6583.66
clflush size	: 64
cache_alignment	: 64
address sizes	: 36 bits physical, 48 bits virtual
power management:

processor	: 3
vendor_id	: GenuineIntel
cpu family	: 6
model		: 42
model name	: Intel(R) Core(TM) i3-2120 CPU @ 3.30GHz
stepping	: 7
microcode	: 0x29
cpu MHz		: 3300.000
cache size	: 3072 KB
physical id	: 0
siblings	: 4
core id		: 1
cpu cores	: 2
apicid		: 3
initial apicid	: 3
fpu		: yes
fpu_exception	: yes
cpuid level	: 13
wp		: yes
flags		: fpu vme de pse tsc msr pae mce cx8 apic sep mtrr pge mca cmov pat pse36 clflush dts acpi mmx fxsr sse sse2 ss ht tm pbe syscall nx rdtscp lm constant_tsc arch_perfmon pebs bts rep_good nopl xtopology nonstop_tsc aperfmperf pni pclmulqdq dtes64 monitor ds_cpl vmx est tm2 ssse3 cx16 xtpr pdcm pcid sse4_1 sse4_2 popcnt tsc_deadline_timer xsave avx lahf_lm epb tpr_shadow vnmi flexpriority ept vpid xsaveopt dtherm arat pln pts
bugs		:
bogomips	: 6583.66
clflush size	: 64
cache_alignment	: 64
address sizes	: 36 bits physical, 48 bits virtual
power management:



Memory: 4k page, physical 3866512k(104484k free), swap 4012028k(0k free)

vm_info: OpenJDK 64-Bit Server VM (25.152-b01) for linux-amd64 JRE (1.8.0_152-release-915-b01), built by "builder" with gcc 4.8.4

time: Fri Dec 29 10:03:12 2017
elapsed time: 9 seconds (0d 0h 0m 9s)

