#
# There is insufficient memory for the Java Runtime Environment to continue.
# Native memory allocation (mmap) failed to map 81788928 bytes for committing reserved memory.
# Possible reasons:
#   The system is out of physical RAM or swap space
#   In 32 bit mode, the process size limit was hit
# Possible solutions:
#   Reduce memory load on the system
#   Increase physical memory or swap space
#   Check if swap backing store is full
#   Use 64 bit Java on a 64 bit OS
#   Decrease Java heap size (-Xmx/-Xms)
#   Decrease number of Java threads
#   Decrease Java thread stack sizes (-Xss)
#   Set larger code cache with -XX:ReservedCodeCacheSize=
# This output file may be truncated or incomplete.
#
#  Out of Memory Error (os_linux.cpp:2640), pid=13354, tid=0x00007f25f02f2700
#
# JRE version: OpenJDK Runtime Environment (8.0_152-b01) (build 1.8.0_152-release-915-b01)
# Java VM: OpenJDK 64-Bit Server VM (25.152-b01 mixed mode linux-amd64 compressed oops)
# Failed to write core dump. Core dumps have been disabled. To enable core dumping, try "ulimit -c unlimited" before starting Java again
#

---------------  T H R E A D  ---------------

Current thread (0x00007f2600078000):  VMThread [stack: 0x00007f25f01f2000,0x00007f25f02f3000] [id=13364]

Stack: [0x00007f25f01f2000,0x00007f25f02f3000],  sp=0x00007f25f02f14c0,  free space=1021k
Native frames: (J=compiled Java code, j=interpreted, Vv=VM code, C=native code)
V  [libjvm.so+0x9eb15d]  VMError::report_and_die()+0x15d
V  [libjvm.so+0x4b8eaa]  report_vm_out_of_memory(char const*, int, unsigned long, VMErrorType, char const*)+0x8a
V  [libjvm.so+0x851370]  os::pd_commit_memory(char*, unsigned long, unsigned long, bool)+0xf0
V  [libjvm.so+0x84be8f]  os::commit_memory(char*, unsigned long, unsigned long, bool)+0x1f
V  [libjvm.so+0x8c261b]  PSVirtualSpace::expand_by(unsigned long)+0x5b
V  [libjvm.so+0x8c3290]  PSYoungGen::resize_generation(unsigned long, unsigned long)+0xb0
V  [libjvm.so+0x8c35ab]  PSYoungGen::resize(unsigned long, unsigned long)+0x1b
V  [libjvm.so+0x8bfc9c]  PSScavenge::invoke_no_policy()+0xdac
V  [libjvm.so+0x8c0478]  PSScavenge::invoke()+0x38
V  [libjvm.so+0x8748f3]  ParallelScavengeHeap::failed_mem_allocate(unsigned long)+0x63
V  [libjvm.so+0x9ecc84]  VM_ParallelGCFailedAllocation::doit()+0x84
V  [libjvm.so+0x9f1197]  VM_Operation::evaluate()+0x47
V  [libjvm.so+0x9efb78]  VMThread::evaluate_operation(VM_Operation*)+0x2c8
V  [libjvm.so+0x9efff9]  VMThread::loop()+0x219
V  [libjvm.so+0x9f0442]  VMThread::run()+0x72
V  [libjvm.so+0x84e792]  java_start(Thread*)+0xf2

VM_Operation (0x00007f26088fd060): ParallelGCFailedAllocation, mode: safepoint, requested by thread 0x00007f260000b000


---------------  P R O C E S S  ---------------

Java Threads: ( => current thread )
  0x00007f26000c9000 JavaThread "Service Thread" daemon [_thread_blocked, id=13371, stack(0x00007f25e9953000,0x00007f25e9a54000)]
  0x00007f26000be000 JavaThread "C1 CompilerThread2" daemon [_thread_blocked, id=13370, stack(0x00007f25e9a54000,0x00007f25e9b55000)]
  0x00007f26000bc800 JavaThread "C2 CompilerThread1" daemon [_thread_blocked, id=13369, stack(0x00007f25e9b55000,0x00007f25e9c56000)]
  0x00007f26000b9800 JavaThread "C2 CompilerThread0" daemon [_thread_in_native, id=13368, stack(0x00007f25e9c56000,0x00007f25e9d57000)]
  0x00007f26000b8000 JavaThread "Signal Dispatcher" daemon [_thread_blocked, id=13367, stack(0x00007f25e9d57000,0x00007f25e9e58000)]
  0x00007f2600084800 JavaThread "Finalizer" daemon [_thread_blocked, id=13366, stack(0x00007f25ea17f000,0x00007f25ea280000)]
  0x00007f2600080000 JavaThread "Reference Handler" daemon [_thread_blocked, id=13365, stack(0x00007f25f00f1000,0x00007f25f01f2000)]
  0x00007f260000b000 JavaThread "main" [_thread_blocked, id=13359, stack(0x00007f26087fe000,0x00007f26088ff000)]

Other Threads:
=>0x00007f2600078000 VMThread [stack: 0x00007f25f01f2000,0x00007f25f02f3000] [id=13364]
  0x00007f26000cb800 WatcherThread [stack: 0x00007f25e9852000,0x00007f25e9953000] [id=13372]

VM state:at safepoint (normal execution)

VM Mutex/Monitor currently owned by a thread:  ([mutex/lock_event])
[0x00007f2600007160] Threads_lock - owner thread: 0x00007f2600078000
[0x00007f2600007660] Heap_lock - owner thread: 0x00007f260000b000

Heap:
 PSYoungGen      total 64000K, used 2528K [0x00000000ec580000, 0x00000000f0680000, 0x0000000100000000)
  eden space 61440K, 0% used [0x00000000ec580000,0x00000000ec580000,0x00000000f0180000)
  from space 2560K, 98% used [0x00000000f0180000,0x00000000f03f8030,0x00000000f0400000)
  to   space 2560K, 0% used [0x00000000f0400000,0x00000000f0400000,0x00000000f0680000)
 ParOldGen       total 40960K, used 15881K [0x00000000c5000000, 0x00000000c7800000, 0x00000000ec580000)
  object space 40960K, 38% used [0x00000000c5000000,0x00000000c5f82468,0x00000000c7800000)
 Metaspace       used 3775K, capacity 5144K, committed 5376K, reserved 1056768K
  class space    used 390K, capacity 456K, committed 512K, reserved 1048576K

Card table byte_map: [0x00007f26054aa000,0x00007f2605683000] byte_map_base: 0x00007f2604e82000

Marking Bits: (ParMarkBitMap*) 0x00007f2607cc63e0
 Begin Bits: [0x00007f25ea280000, 0x00007f25eb140000)
 End Bits:   [0x00007f25eb140000, 0x00007f25ec000000)

Polling page: 0x00007f2608919000

CodeCache: size=245760Kb used=3395Kb max_used=3419Kb free=242364Kb
 bounds [0x00007f25f1000000, 0x00007f25f1360000, 0x00007f2600000000]
 total_blobs=798 nmethods=550 adapters=163
 compilation: enabled

Compilation events (10 events):
Event: 0.978 Thread 0x00007f26000be000  568       2       com.android.dx.util.ByteArray::getLong (104 bytes)
Event: 0.979 Thread 0x00007f26000be000 nmethod 568 0x00007f25f133b190 code [0x00007f25f133b300, 0x00007f25f133b628]
Event: 1.069 Thread 0x00007f26000be000  572       1       com.android.dx.cf.attrib.BaseAnnotations::byteLength (8 bytes)
Event: 1.070 Thread 0x00007f26000be000 nmethod 572 0x00007f25f133b8d0 code [0x00007f25f133ba20, 0x00007f25f133bb30]
Event: 1.143 Thread 0x00007f26000bc800 nmethod 500 0x00007f25f1345950 code [0x00007f25f1346360, 0x00007f25f134d2c8]
Event: 1.143 Thread 0x00007f26000bc800  545   !   4       com.android.dx.rop.type.Type::intern (307 bytes)
Event: 1.199 Thread 0x00007f26000be000  575       1       java.util.HashMap::afterNodeInsertion (1 bytes)
Event: 1.217 Thread 0x00007f26000be000 nmethod 575 0x00007f25f1345690 code [0x00007f25f13457e0, 0x00007f25f13458f0]
Event: 1.236 Thread 0x00007f26000bc800 nmethod 545 0x00007f25f133d490 code [0x00007f25f133d7a0, 0x00007f25f133f380]
Event: 1.237 Thread 0x00007f26000bc800  569       4       java.util.concurrent.ConcurrentHashMap::get (162 bytes)

GC Heap History (9 events):
Event: 0.463 GC heap before
{Heap before GC invocations=1 (full 0):
 PSYoungGen      total 17920K, used 15360K [0x00000000ec580000, 0x00000000ed980000, 0x0000000100000000)
  eden space 15360K, 100% used [0x00000000ec580000,0x00000000ed480000,0x00000000ed480000)
  from space 2560K, 0% used [0x00000000ed700000,0x00000000ed700000,0x00000000ed980000)
  to   space 2560K, 0% used [0x00000000ed480000,0x00000000ed480000,0x00000000ed700000)
 ParOldGen       total 40960K, used 0K [0x00000000c5000000, 0x00000000c7800000, 0x00000000ec580000)
  object space 40960K, 0% used [0x00000000c5000000,0x00000000c5000000,0x00000000c7800000)
 Metaspace       used 3650K, capacity 5080K, committed 5376K, reserved 1056768K
  class space    used 386K, capacity 456K, committed 512K, reserved 1048576K
Event: 0.467 GC heap after
Heap after GC invocations=1 (full 0):
 PSYoungGen      total 17920K, used 2437K [0x00000000ec580000, 0x00000000ee880000, 0x0000000100000000)
  eden space 15360K, 0% used [0x00000000ec580000,0x00000000ec580000,0x00000000ed480000)
  from space 2560K, 95% used [0x00000000ed480000,0x00000000ed6e14e8,0x00000000ed700000)
  to   space 2560K, 0% used [0x00000000ee600000,0x00000000ee600000,0x00000000ee880000)
 ParOldGen       total 40960K, used 8K [0x00000000c5000000, 0x00000000c7800000, 0x00000000ec580000)
  object space 40960K, 0% used [0x00000000c5000000,0x00000000c5002000,0x00000000c7800000)
 Metaspace       used 3650K, capacity 5080K, committed 5376K, reserved 1056768K
  class space    used 386K, capacity 456K, committed 512K, reserved 1048576K
}
Event: 0.575 GC heap before
{Heap before GC invocations=2 (full 0):
 PSYoungGen      total 17920K, used 17797K [0x00000000ec580000, 0x00000000ee880000, 0x0000000100000000)
  eden space 15360K, 100% used [0x00000000ec580000,0x00000000ed480000,0x00000000ed480000)
  from space 2560K, 95% used [0x00000000ed480000,0x00000000ed6e14e8,0x00000000ed700000)
  to   space 2560K, 0% used [0x00000000ee600000,0x00000000ee600000,0x00000000ee880000)
 ParOldGen       total 40960K, used 8K [0x00000000c5000000, 0x00000000c7800000, 0x00000000ec580000)
  object space 40960K, 0% used [0x00000000c5000000,0x00000000c5002000,0x00000000c7800000)
 Metaspace       used 3715K, capacity 5144K, committed 5376K, reserved 1056768K
  class space    used 386K, capacity 456K, committed 512K, reserved 1048576K
Event: 0.579 GC heap after
Heap after GC invocations=2 (full 0):
 PSYoungGen      total 33280K, used 2557K [0x00000000ec580000, 0x00000000ee880000, 0x0000000100000000)
  eden space 30720K, 0% used [0x00000000ec580000,0x00000000ec580000,0x00000000ee380000)
  from space 2560K, 99% used [0x00000000ee600000,0x00000000ee87f578,0x00000000ee880000)
  to   space 2560K, 0% used [0x00000000ee380000,0x00000000ee380000,0x00000000ee600000)
 ParOldGen       total 40960K, used 450K [0x00000000c5000000, 0x00000000c7800000, 0x00000000ec580000)
  object space 40960K, 1% used [0x00000000c5000000,0x00000000c5070ab0,0x00000000c7800000)
 Metaspace       used 3715K, capacity 5144K, committed 5376K, reserved 1056768K
  class space    used 386K, capacity 456K, committed 512K, reserved 1048576K
}
Event: 0.779 GC heap before
{Heap before GC invocations=3 (full 0):
 PSYoungGen      total 33280K, used 33277K [0x00000000ec580000, 0x00000000ee880000, 0x0000000100000000)
  eden space 30720K, 100% used [0x00000000ec580000,0x00000000ee380000,0x00000000ee380000)
  from space 2560K, 99% used [0x00000000ee600000,0x00000000ee87f578,0x00000000ee880000)
  to   space 2560K, 0% used [0x00000000ee380000,0x00000000ee380000,0x00000000ee600000)
 ParOldGen       total 40960K, used 450K [0x00000000c5000000, 0x00000000c7800000, 0x00000000ec580000)
  object space 40960K, 1% used [0x00000000c5000000,0x00000000c5070ab0,0x00000000c7800000)
 Metaspace       used 3769K, capacity 5144K, committed 5376K, reserved 1056768K
  class space    used 390K, capacity 456K, committed 512K, reserved 1048576K
Event: 0.787 GC heap after
Heap after GC invocations=3 (full 0):
 PSYoungGen      total 33280K, used 2544K [0x00000000ec580000, 0x00000000f0680000, 0x0000000100000000)
  eden space 30720K, 0% used [0x00000000ec580000,0x00000000ec580000,0x00000000ee380000)
  from space 2560K, 99% used [0x00000000ee380000,0x00000000ee5fc040,0x00000000ee600000)
  to   space 2560K, 0% used [0x00000000f0400000,0x00000000f0400000,0x00000000f0680000)
 ParOldGen       total 40960K, used 3039K [0x00000000c5000000, 0x00000000c7800000, 0x00000000ec580000)
  object space 40960K, 7% used [0x00000000c5000000,0x00000000c52f7e90,0x00000000c7800000)
 Metaspace       used 3769K, capacity 5144K, committed 5376K, reserved 1056768K
  class space    used 390K, capacity 456K, committed 512K, reserved 1048576K
}
Event: 0.893 GC heap before
{Heap before GC invocations=4 (full 0):
 PSYoungGen      total 33280K, used 33264K [0x00000000ec580000, 0x00000000f0680000, 0x0000000100000000)
  eden space 30720K, 100% used [0x00000000ec580000,0x00000000ee380000,0x00000000ee380000)
  from space 2560K, 99% used [0x00000000ee380000,0x00000000ee5fc040,0x00000000ee600000)
  to   space 2560K, 0% used [0x00000000f0400000,0x00000000f0400000,0x00000000f0680000)
 ParOldGen       total 40960K, used 3039K [0x00000000c5000000, 0x00000000c7800000, 0x00000000ec580000)
  object space 40960K, 7% used [0x00000000c5000000,0x00000000c52f7e90,0x00000000c7800000)
 Metaspace       used 3774K, capacity 5144K, committed 5376K, reserved 1056768K
  class space    used 390K, capacity 456K, committed 512K, reserved 1048576K
Event: 0.905 GC heap after
Heap after GC invocations=4 (full 0):
 PSYoungGen      total 64000K, used 2548K [0x00000000ec580000, 0x00000000f0680000, 0x0000000100000000)
  eden space 61440K, 0% used [0x00000000ec580000,0x00000000ec580000,0x00000000f0180000)
  from space 2560K, 99% used [0x00000000f0400000,0x00000000f067d060,0x00000000f0680000)
  to   space 2560K, 0% used [0x00000000f0180000,0x00000000f0180000,0x00000000f0400000)
 ParOldGen       total 40960K, used 7805K [0x00000000c5000000, 0x00000000c7800000, 0x00000000ec580000)
  object space 40960K, 19% used [0x00000000c5000000,0x00000000c579f5a8,0x00000000c7800000)
 Metaspace       used 3774K, capacity 5144K, committed 5376K, reserved 1056768K
  class space    used 390K, capacity 456K, committed 512K, reserved 1048576K
}
Event: 1.253 GC heap before
{Heap before GC invocations=5 (full 0):
 PSYoungGen      total 64000K, used 63988K [0x00000000ec580000, 0x00000000f0680000, 0x0000000100000000)
  eden space 61440K, 100% used [0x00000000ec580000,0x00000000f0180000,0x00000000f0180000)
  from space 2560K, 99% used [0x00000000f0400000,0x00000000f067d060,0x00000000f0680000)
  to   space 2560K, 0% used [0x00000000f0180000,0x00000000f0180000,0x00000000f0400000)
 ParOldGen       total 40960K, used 7805K [0x00000000c5000000, 0x00000000c7800000, 0x00000000ec580000)
  object space 40960K, 19% used [0x00000000c5000000,0x00000000c579f5a8,0x00000000c7800000)
 Metaspace       used 3775K, capacity 5144K, committed 5376K, reserved 1056768K
  class space    used 390K, capacity 456K, committed 512K, reserved 1048576K

Deoptimization events (6 events):
Event: 0.365 Thread 0x00007f260000b000 Uncommon trap: reason=unstable_if action=reinterpret pc=0x00007f25f11ad140 method=com.android.dx.rop.cst.StdConstantPool.set(ILcom/android/dx/rop/cst/Constant;)V @ 12
Event: 0.434 Thread 0x00007f260000b000 Uncommon trap: reason=unloaded action=reinterpret pc=0x00007f25f11fb1a4 method=com.android.dx.cf.cst.ConstantPoolParser.parse0(ILjava/util/BitSet;)Lcom/android/dx/rop/cst/Constant; @ 220
Event: 0.481 Thread 0x00007f260000b000 Uncommon trap: reason=unstable_if action=reinterpret pc=0x00007f25f11dc318 method=java.util.concurrent.ConcurrentHashMap.get(Ljava/lang/Object;)Ljava/lang/Object; @ 127
Event: 0.508 Thread 0x00007f260000b000 Uncommon trap: reason=unstable_if action=reinterpret pc=0x00007f25f1253400 method=com.android.dx.cf.direct.StdAttributeFactory.parse0(Lcom/android/dx/cf/direct/DirectClassFile;ILjava/lang/String;IILcom/android/dx/cf/iface/ParseObserver;)Lcom/android/dx/cf
Event: 0.628 Thread 0x00007f260000b000 Uncommon trap: reason=unstable_if action=reinterpret pc=0x00007f25f1236930 method=java.util.concurrent.ConcurrentHashMap.get(Ljava/lang/Object;)Ljava/lang/Object; @ 127
Event: 0.750 Thread 0x00007f260000b000 Uncommon trap: reason=unstable_if action=reinterpret pc=0x00007f25f1315990 method=java.util.concurrent.ConcurrentHashMap.get(Ljava/lang/Object;)Ljava/lang/Object; @ 127

Classes redefined (0 events):
No events

Internal exceptions (2 events):
Event: 0.151 Thread 0x00007f260000b000 Exception <a 'java/lang/NoSuchMethodError': Method sun.misc.Unsafe.defineClass(Ljava/lang/String;[BII)Ljava/lang/Class; name or signature does not match> (0x00000000ec587ca8) thrown at [/ssd/Android/AOSP-openjdk-git/jdk8u/hotspot/src/share/vm/prims/jni.cp
Event: 0.151 Thread 0x00007f260000b000 Exception <a 'java/lang/NoSuchMethodError': Method sun.misc.Unsafe.prefetchRead(Ljava/lang/Object;J)V name or signature does not match> (0x00000000ec587f90) thrown at [/ssd/Android/AOSP-openjdk-git/jdk8u/hotspot/src/share/vm/prims/jni.cpp, line 4011]

Events (10 events):
Event: 0.748 loading class java/util/NoSuchElementException
Event: 0.748 loading class java/util/NoSuchElementException done
Event: 0.750 Thread 0x00007f260000b000 Uncommon trap: trap_request=0xffffff65 fr.pc=0x00007f25f1315990
Event: 0.750 Thread 0x00007f260000b000 DEOPT PACKING pc=0x00007f25f1315990 sp=0x00007f26088fd0b0
Event: 0.750 Thread 0x00007f260000b000 DEOPT UNPACKING pc=0x00007f25f1004f69 sp=0x00007f26088fcec0 mode 2
Event: 0.779 Executing VM operation: ParallelGCFailedAllocation
Event: 0.787 Executing VM operation: ParallelGCFailedAllocation done
Event: 0.893 Executing VM operation: ParallelGCFailedAllocation
Event: 0.905 Executing VM operation: ParallelGCFailedAllocation done
Event: 1.250 Executing VM operation: ParallelGCFailedAllocation


Dynamic libraries:
00400000-00401000 r-xp 00000000 08:05 2895521                            /home/developer/android-studio/jre/bin/java
00600000-00601000 r--p 00000000 08:05 2895521                            /home/developer/android-studio/jre/bin/java
00601000-00602000 rw-p 00001000 08:05 2895521                            /home/developer/android-studio/jre/bin/java
0082d000-0084e000 rw-p 00000000 00:00 0                                  [heap]
c5000000-c7800000 rw-p 00000000 00:00 0 
c7800000-ec580000 ---p 00000000 00:00 0 
ec580000-f0680000 rw-p 00000000 00:00 0 
f5480000-100000000 ---p 00000000 00:00 0 
100000000-100080000 rw-p 00000000 00:00 0 
100080000-140000000 ---p 00000000 00:00 0 
7f25b4000000-7f25b4021000 rw-p 00000000 00:00 0 
7f25b4021000-7f25b8000000 ---p 00000000 00:00 0 
7f25bc000000-7f25bc75b000 rw-p 00000000 00:00 0 
7f25bc75b000-7f25c0000000 ---p 00000000 00:00 0 
7f25c0000000-7f25c0021000 rw-p 00000000 00:00 0 
7f25c0021000-7f25c4000000 ---p 00000000 00:00 0 
7f25c4000000-7f25c4c49000 rw-p 00000000 00:00 0 
7f25c4c49000-7f25c8000000 ---p 00000000 00:00 0 
7f25c8000000-7f25c8bc9000 rw-p 00000000 00:00 0 
7f25c8bc9000-7f25cc000000 ---p 00000000 00:00 0 
7f25cc000000-7f25cc021000 rw-p 00000000 00:00 0 
7f25cc021000-7f25d0000000 ---p 00000000 00:00 0 
7f25d0000000-7f25d0021000 rw-p 00000000 00:00 0 
7f25d0021000-7f25d4000000 ---p 00000000 00:00 0 
7f25d4000000-7f25d4280000 rw-p 00000000 00:00 0 
7f25d4280000-7f25d8000000 ---p 00000000 00:00 0 
7f25d8000000-7f25d8021000 rw-p 00000000 00:00 0 
7f25d8021000-7f25dc000000 ---p 00000000 00:00 0 
7f25dc000000-7f25dc021000 rw-p 00000000 00:00 0 
7f25dc021000-7f25e0000000 ---p 00000000 00:00 0 
7f25e0000000-7f25e0021000 rw-p 00000000 00:00 0 
7f25e0021000-7f25e4000000 ---p 00000000 00:00 0 
7f25e4000000-7f25e4021000 rw-p 00000000 00:00 0 
7f25e4021000-7f25e8000000 ---p 00000000 00:00 0 
7f25e9736000-7f25e9852000 r--s 00b4c000 08:05 4719600                    /home/developer/AndroidStudioProjects/PropertyDODO1/app/build/intermediates/transforms/jarMerging/release/0.jar
7f25e9852000-7f25e9853000 ---p 00000000 00:00 0 
7f25e9853000-7f25e9953000 rw-p 00000000 00:00 0 
7f25e9953000-7f25e9956000 ---p 00000000 00:00 0 
7f25e9956000-7f25e9a54000 rw-p 00000000 00:00 0 
7f25e9a54000-7f25e9a57000 ---p 00000000 00:00 0 
7f25e9a57000-7f25e9b55000 rw-p 00000000 00:00 0 
7f25e9b55000-7f25e9b58000 ---p 00000000 00:00 0 
7f25e9b58000-7f25e9c56000 rw-p 00000000 00:00 0 
7f25e9c56000-7f25e9c59000 ---p 00000000 00:00 0 
7f25e9c59000-7f25e9d57000 rw-p 00000000 00:00 0 
7f25e9d57000-7f25e9d5a000 ---p 00000000 00:00 0 
7f25e9d5a000-7f25e9e58000 rw-p 00000000 00:00 0 
7f25e9e58000-7f25ea17f000 r--p 00000000 08:05 1318494                    /usr/lib/locale/locale-archive
7f25ea17f000-7f25ea182000 ---p 00000000 00:00 0 
7f25ea182000-7f25ec000000 rw-p 00000000 00:00 0 
7f25ec000000-7f25ec021000 rw-p 00000000 00:00 0 
7f25ec021000-7f25f0000000 ---p 00000000 00:00 0 
7f25f00f1000-7f25f00f4000 ---p 00000000 00:00 0 
7f25f00f4000-7f25f01f2000 rw-p 00000000 00:00 0 
7f25f01f2000-7f25f01f3000 ---p 00000000 00:00 0 
7f25f01f3000-7f25f1000000 rw-p 00000000 00:00 0 
7f25f1000000-7f25f1360000 rwxp 00000000 00:00 0 
7f25f1360000-7f2600000000 ---p 00000000 00:00 0 
7f2600000000-7f26003b2000 rw-p 00000000 00:00 0 
7f26003b2000-7f2604000000 ---p 00000000 00:00 0 
7f2604060000-7f260408b000 rw-p 00000000 00:00 0 
7f260408b000-7f260409a000 r--s 000ed000 08:05 1327272                    /home/developer/Android/Sdk/build-tools/26.0.2/lib/dx.jar
7f260409a000-7f260434d000 rw-p 00000000 00:00 0 
7f260434d000-7f260451d000 r--s 03c46000 08:05 2381871                    /home/developer/android-studio/jre/jre/lib/rt.jar
7f260451d000-7f2604a53000 rw-p 00000000 00:00 0 
7f2604a53000-7f2604d93000 ---p 00000000 00:00 0 
7f2604d93000-7f2604f6b000 rw-p 00000000 00:00 0 
7f2604f6b000-7f2604f6c000 ---p 00000000 00:00 0 
7f2604f6c000-7f260506c000 rw-p 00000000 00:00 0 
7f260506c000-7f260506d000 ---p 00000000 00:00 0 
7f260506d000-7f260516d000 rw-p 00000000 00:00 0 
7f260516d000-7f260516e000 ---p 00000000 00:00 0 
7f260516e000-7f260526e000 rw-p 00000000 00:00 0 
7f260526e000-7f260526f000 ---p 00000000 00:00 0 
7f260526f000-7f2605383000 rw-p 00000000 00:00 0 
7f2605383000-7f26054aa000 ---p 00000000 00:00 0 
7f26054aa000-7f26054be000 rw-p 00000000 00:00 0 
7f26054be000-7f26055e4000 ---p 00000000 00:00 0 
7f26055e4000-7f2605606000 rw-p 00000000 00:00 0 
7f2605606000-7f2605682000 ---p 00000000 00:00 0 
7f2605682000-7f2605691000 rw-p 00000000 00:00 0 
7f2605691000-7f2605a43000 ---p 00000000 00:00 0 
7f2605a43000-7f2605a5d000 r-xp 00000000 08:05 2760342                    /home/developer/android-studio/jre/jre/lib/amd64/libzip.so
7f2605a5d000-7f2605c5d000 ---p 0001a000 08:05 2760342                    /home/developer/android-studio/jre/jre/lib/amd64/libzip.so
7f2605c5d000-7f2605c5e000 r--p 0001a000 08:05 2760342                    /home/developer/android-studio/jre/jre/lib/amd64/libzip.so
7f2605c5e000-7f2605c5f000 rw-p 0001b000 08:05 2760342                    /home/developer/android-studio/jre/jre/lib/amd64/libzip.so
7f2605c5f000-7f2605c6a000 r-xp 00000000 08:05 4987474                    /lib/x86_64-linux-gnu/libnss_files-2.23.so
7f2605c6a000-7f2605e69000 ---p 0000b000 08:05 4987474                    /lib/x86_64-linux-gnu/libnss_files-2.23.so
7f2605e69000-7f2605e6a000 r--p 0000a000 08:05 4987474                    /lib/x86_64-linux-gnu/libnss_files-2.23.so
7f2605e6a000-7f2605e6b000 rw-p 0000b000 08:05 4987474                    /lib/x86_64-linux-gnu/libnss_files-2.23.so
7f2605e6b000-7f2605e71000 rw-p 00000000 00:00 0 
7f2605e71000-7f2605e7c000 r-xp 00000000 08:05 4987477                    /lib/x86_64-linux-gnu/libnss_nis-2.23.so
7f2605e7c000-7f260607b000 ---p 0000b000 08:05 4987477                    /lib/x86_64-linux-gnu/libnss_nis-2.23.so
7f260607b000-7f260607c000 r--p 0000a000 08:05 4987477                    /lib/x86_64-linux-gnu/libnss_nis-2.23.so
7f260607c000-7f260607d000 rw-p 0000b000 08:05 4987477                    /lib/x86_64-linux-gnu/libnss_nis-2.23.so
7f260607d000-7f2606093000 r-xp 00000000 08:05 4987470                    /lib/x86_64-linux-gnu/libnsl-2.23.so
7f2606093000-7f2606292000 ---p 00016000 08:05 4987470                    /lib/x86_64-linux-gnu/libnsl-2.23.so
7f2606292000-7f2606293000 r--p 00015000 08:05 4987470                    /lib/x86_64-linux-gnu/libnsl-2.23.so
7f2606293000-7f2606294000 rw-p 00016000 08:05 4987470                    /lib/x86_64-linux-gnu/libnsl-2.23.so
7f2606294000-7f2606296000 rw-p 00000000 00:00 0 
7f2606296000-7f260629e000 r-xp 00000000 08:05 4987483                    /lib/x86_64-linux-gnu/libnss_compat-2.23.so
7f260629e000-7f260649d000 ---p 00008000 08:05 4987483                    /lib/x86_64-linux-gnu/libnss_compat-2.23.so
7f260649d000-7f260649e000 r--p 00007000 08:05 4987483                    /lib/x86_64-linux-gnu/libnss_compat-2.23.so
7f260649e000-7f260649f000 rw-p 00008000 08:05 4987483                    /lib/x86_64-linux-gnu/libnss_compat-2.23.so
7f260649f000-7f26064cc000 r-xp 00000000 08:05 2760322                    /home/developer/android-studio/jre/jre/lib/amd64/libjava.so
7f26064cc000-7f26066cb000 ---p 0002d000 08:05 2760322                    /home/developer/android-studio/jre/jre/lib/amd64/libjava.so
7f26066cb000-7f26066cc000 r--p 0002c000 08:05 2760322                    /home/developer/android-studio/jre/jre/lib/amd64/libjava.so
7f26066cc000-7f26066ce000 rw-p 0002d000 08:05 2760322                    /home/developer/android-studio/jre/jre/lib/amd64/libjava.so
7f26066ce000-7f26066de000 r-xp 00000000 08:05 2760354                    /home/developer/android-studio/jre/jre/lib/amd64/libverify.so
7f26066de000-7f26068dd000 ---p 00010000 08:05 2760354                    /home/developer/android-studio/jre/jre/lib/amd64/libverify.so
7f26068dd000-7f26068df000 r--p 0000f000 08:05 2760354                    /home/developer/android-studio/jre/jre/lib/amd64/libverify.so
7f26068df000-7f26068e0000 rw-p 00011000 08:05 2760354                    /home/developer/android-studio/jre/jre/lib/amd64/libverify.so
7f26068e0000-7f26068e7000 r-xp 00000000 08:05 4987479                    /lib/x86_64-linux-gnu/librt-2.23.so
7f26068e7000-7f2606ae6000 ---p 00007000 08:05 4987479                    /lib/x86_64-linux-gnu/librt-2.23.so
7f2606ae6000-7f2606ae7000 r--p 00006000 08:05 4987479                    /lib/x86_64-linux-gnu/librt-2.23.so
7f2606ae7000-7f2606ae8000 rw-p 00007000 08:05 4987479                    /lib/x86_64-linux-gnu/librt-2.23.so
7f2606ae8000-7f2606bf0000 r-xp 00000000 08:05 4987488                    /lib/x86_64-linux-gnu/libm-2.23.so
7f2606bf0000-7f2606def000 ---p 00108000 08:05 4987488                    /lib/x86_64-linux-gnu/libm-2.23.so
7f2606def000-7f2606df0000 r--p 00107000 08:05 4987488                    /lib/x86_64-linux-gnu/libm-2.23.so
7f2606df0000-7f2606df1000 rw-p 00108000 08:05 4987488                    /lib/x86_64-linux-gnu/libm-2.23.so
7f2606df1000-7f26079e9000 r-xp 00000000 08:05 2760341                    /home/developer/android-studio/jre/jre/lib/amd64/server/libjvm.so
7f26079e9000-7f2607be9000 ---p 00bf8000 08:05 2760341                    /home/developer/android-studio/jre/jre/lib/amd64/server/libjvm.so
7f2607be9000-7f2607c88000 r--p 00bf8000 08:05 2760341                    /home/developer/android-studio/jre/jre/lib/amd64/server/libjvm.so
7f2607c88000-7f2607cb1000 rw-p 00c97000 08:05 2760341                    /home/developer/android-studio/jre/jre/lib/amd64/server/libjvm.so
7f2607cb1000-7f2607cf5000 rw-p 00000000 00:00 0 
7f2607cf5000-7f2607d0d000 r-xp 00000000 08:05 4987476                    /lib/x86_64-linux-gnu/libpthread-2.23.so
7f2607d0d000-7f2607f0c000 ---p 00018000 08:05 4987476                    /lib/x86_64-linux-gnu/libpthread-2.23.so
7f2607f0c000-7f2607f0d000 r--p 00017000 08:05 4987476                    /lib/x86_64-linux-gnu/libpthread-2.23.so
7f2607f0d000-7f2607f0e000 rw-p 00018000 08:05 4987476                    /lib/x86_64-linux-gnu/libpthread-2.23.so
7f2607f0e000-7f2607f12000 rw-p 00000000 00:00 0 
7f2607f12000-7f2607f15000 r-xp 00000000 08:05 4987482                    /lib/x86_64-linux-gnu/libdl-2.23.so
7f2607f15000-7f2608114000 ---p 00003000 08:05 4987482                    /lib/x86_64-linux-gnu/libdl-2.23.so
7f2608114000-7f2608115000 r--p 00002000 08:05 4987482                    /lib/x86_64-linux-gnu/libdl-2.23.so
7f2608115000-7f2608116000 rw-p 00003000 08:05 4987482                    /lib/x86_64-linux-gnu/libdl-2.23.so
7f2608116000-7f26082d6000 r-xp 00000000 08:05 4987493                    /lib/x86_64-linux-gnu/libc-2.23.so
7f26082d6000-7f26084d6000 ---p 001c0000 08:05 4987493                    /lib/x86_64-linux-gnu/libc-2.23.so
7f26084d6000-7f26084da000 r--p 001c0000 08:05 4987493                    /lib/x86_64-linux-gnu/libc-2.23.so
7f26084da000-7f26084dc000 rw-p 001c4000 08:05 4987493                    /lib/x86_64-linux-gnu/libc-2.23.so
7f26084dc000-7f26084e0000 rw-p 00000000 00:00 0 
7f26084e0000-7f26084f6000 r-xp 00000000 08:05 2381842                    /home/developer/android-studio/jre/lib/amd64/jli/libjli.so
7f26084f6000-7f26086f5000 ---p 00016000 08:05 2381842                    /home/developer/android-studio/jre/lib/amd64/jli/libjli.so
7f26086f5000-7f26086f6000 r--p 00015000 08:05 2381842                    /home/developer/android-studio/jre/lib/amd64/jli/libjli.so
7f26086f6000-7f26086f7000 rw-p 00016000 08:05 2381842                    /home/developer/android-studio/jre/lib/amd64/jli/libjli.so
7f26086f7000-7f260871d000 r-xp 00000000 08:05 4987471                    /lib/x86_64-linux-gnu/ld-2.23.so
7f2608726000-7f26087fe000 rw-p 00000000 00:00 0 
7f26087fe000-7f2608801000 ---p 00000000 00:00 0 
7f2608801000-7f2608903000 rw-p 00000000 00:00 0 
7f2608908000-7f2608910000 r--s 00028000 08:05 4720280                    /home/developer/AndroidStudioProjects/PropertyDODO1/app/build/intermediates/multi-dex/release/componentClasses.jar
7f2608910000-7f2608918000 rw-s 00000000 08:05 1192813                    /tmp/hsperfdata_developer/13354
7f2608918000-7f2608919000 rw-p 00000000 00:00 0 
7f2608919000-7f260891a000 ---p 00000000 00:00 0 
7f260891a000-7f260891c000 rw-p 00000000 00:00 0 
7f260891c000-7f260891d000 r--p 00025000 08:05 4987471                    /lib/x86_64-linux-gnu/ld-2.23.so
7f260891d000-7f260891e000 rw-p 00026000 08:05 4987471                    /lib/x86_64-linux-gnu/ld-2.23.so
7f260891e000-7f260891f000 rw-p 00000000 00:00 0 
7ffe442d2000-7ffe442f4000 rw-p 00000000 00:00 0                          [stack]
7ffe44382000-7ffe44384000 r--p 00000000 00:00 0                          [vvar]
7ffe44384000-7ffe44386000 r-xp 00000000 00:00 0                          [vdso]
ffffffffff600000-ffffffffff601000 r-xp 00000000 00:00 0                  [vsyscall]

VM Arguments:
jvm_args: -Djava.awt.headless=true -Dfile.encoding=UTF-8 -Duser.country=US -Duser.language=en -Duser.variant 
java_command: com.android.multidex.ClassReferenceListBuilder /home/developer/AndroidStudioProjects/PropertyDODO1/app/build/intermediates/multi-dex/release/componentClasses.jar /home/developer/AndroidStudioProjects/PropertyDODO1/app/build/intermediates/transforms/jarMerging/release/0.jar
java_class_path (initial): /home/developer/Android/Sdk/build-tools/26.0.2/lib/dx.jar
Launcher Type: SUN_STANDARD

Environment Variables:
JAVA_HOME=/usr/lib/jvm/java-8-oracle
PATH=/home/developer/bin:/home/developer/.local/bin:/usr/local/sbin:/usr/local/bin:/usr/sbin:/usr/bin:/sbin:/bin:/usr/games:/usr/local/games:/snap/bin:/usr/lib/jvm/java-8-oracle/bin:/usr/lib/jvm/java-8-oracle/db/bin:/usr/lib/jvm/java-8-oracle/jre/bin
LD_LIBRARY_PATH=.:
SHELL=/bin/bash
DISPLAY=:0

Signal Handlers:
SIGSEGV: [libjvm.so+0x9ebc60], sa_mask[0]=11111111011111111101111111111110, sa_flags=SA_RESTART|SA_SIGINFO
SIGBUS: [libjvm.so+0x9ebc60], sa_mask[0]=11111111011111111101111111111110, sa_flags=SA_RESTART|SA_SIGINFO
SIGFPE: [libjvm.so+0x84cf60], sa_mask[0]=11111111011111111101111111111110, sa_flags=SA_RESTART|SA_SIGINFO
SIGPIPE: [libjvm.so+0x84cf60], sa_mask[0]=11111111011111111101111111111110, sa_flags=SA_RESTART|SA_SIGINFO
SIGXFSZ: [libjvm.so+0x84cf60], sa_mask[0]=11111111011111111101111111111110, sa_flags=SA_RESTART|SA_SIGINFO
SIGILL: [libjvm.so+0x84cf60], sa_mask[0]=11111111011111111101111111111110, sa_flags=SA_RESTART|SA_SIGINFO
SIGUSR1: SIG_DFL, sa_mask[0]=00000000000000000000000000000000, sa_flags=none
SIGUSR2: [libjvm.so+0x84ce30], sa_mask[0]=00100000000000000000000000000000, sa_flags=SA_RESTART|SA_SIGINFO
SIGHUP: [libjvm.so+0x84d020], sa_mask[0]=11111111011111111101111111111110, sa_flags=SA_RESTART|SA_SIGINFO
SIGINT: [libjvm.so+0x84d020], sa_mask[0]=11111111011111111101111111111110, sa_flags=SA_RESTART|SA_SIGINFO
SIGTERM: [libjvm.so+0x84d020], sa_mask[0]=11111111011111111101111111111110, sa_flags=SA_RESTART|SA_SIGINFO
SIGQUIT: [libjvm.so+0x84d020], sa_mask[0]=11111111011111111101111111111110, sa_flags=SA_RESTART|SA_SIGINFO


---------------  S Y S T E M  ---------------

OS:DISTRIB_ID=Ubuntu
DISTRIB_RELEASE=16.04
DISTRIB_CODENAME=xenial
DISTRIB_DESCRIPTION="Ubuntu 16.04.2 LTS"

uname:Linux 4.10.0-40-generic #44~16.04.1-Ubuntu SMP Thu Nov 9 15:37:44 UTC 2017 x86_64
libc:glibc 2.23 NPTL 2.23 
rlimit: STACK 8192k, CORE 0k, NPROC 14928, NOFILE 65536, AS infinity
load average:3.42 3.01 2.68

/proc/meminfo:
MemTotal:        3866512 kB
MemFree:           86936 kB
MemAvailable:          0 kB
Buffers:             368 kB
Cached:           290516 kB
SwapCached:        14528 kB
Active:          2947852 kB
Inactive:         596864 kB
Active(anon):    2939044 kB
Inactive(anon):   587908 kB
Active(file):       8808 kB
Inactive(file):     8956 kB
Unevictable:         264 kB
Mlocked:             264 kB
SwapTotal:       4012028 kB
SwapFree:              0 kB
Dirty:                48 kB
Writeback:             0 kB
AnonPages:       3240884 kB
Mapped:            23816 kB
Shmem:            272924 kB
Slab:              94008 kB
SReclaimable:      36560 kB
SUnreclaim:        57448 kB
KernelStack:       16048 kB
PageTables:        70592 kB
NFS_Unstable:          0 kB
Bounce:                0 kB
WritebackTmp:          0 kB
CommitLimit:     5945284 kB
Committed_AS:   14865136 kB
VmallocTotal:   34359738367 kB
VmallocUsed:           0 kB
VmallocChunk:          0 kB
HardwareCorrupted:     0 kB
AnonHugePages:    141312 kB
ShmemHugePages:        0 kB
ShmemPmdMapped:        0 kB
CmaTotal:              0 kB
CmaFree:               0 kB
HugePages_Total:       0
HugePages_Free:        0
HugePages_Rsvd:        0
HugePages_Surp:        0
Hugepagesize:       2048 kB
DirectMap4k:      226004 kB
DirectMap2M:     3788800 kB


CPU:total 4 (initial active 4) (2 cores per cpu, 2 threads per core) family 6 model 42 stepping 7, cmov, cx8, fxsr, mmx, sse, sse2, sse3, ssse3, sse4.1, sse4.2, popcnt, avx, clmul, ht, tsc, tscinvbit

/proc/cpuinfo:
processor	: 0
vendor_id	: GenuineIntel
cpu family	: 6
model		: 42
model name	: Intel(R) Core(TM) i3-2120 CPU @ 3.30GHz
stepping	: 7
microcode	: 0x29
cpu MHz		: 3299.798
cache size	: 3072 KB
physical id	: 0
siblings	: 4
core id		: 0
cpu cores	: 2
apicid		: 0
initial apicid	: 0
fpu		: yes
fpu_exception	: yes
cpuid level	: 13
wp		: yes
flags		: fpu vme de pse tsc msr pae mce cx8 apic sep mtrr pge mca cmov pat pse36 clflush dts acpi mmx fxsr sse sse2 ss ht tm pbe syscall nx rdtscp lm constant_tsc arch_perfmon pebs bts rep_good nopl xtopology nonstop_tsc aperfmperf pni pclmulqdq dtes64 monitor ds_cpl vmx est tm2 ssse3 cx16 xtpr pdcm pcid sse4_1 sse4_2 popcnt tsc_deadline_timer xsave avx lahf_lm epb tpr_shadow vnmi flexpriority ept vpid xsaveopt dtherm arat pln pts
bugs		:
bogomips	: 6583.91
clflush size	: 64
cache_alignment	: 64
address sizes	: 36 bits physical, 48 bits virtual
power management:

processor	: 1
vendor_id	: GenuineIntel
cpu family	: 6
model		: 42
model name	: Intel(R) Core(TM) i3-2120 CPU @ 3.30GHz
stepping	: 7
microcode	: 0x29
cpu MHz		: 3300.000
cache size	: 3072 KB
physical id	: 0
siblings	: 4
core id		: 1
cpu cores	: 2
apicid		: 2
initial apicid	: 2
fpu		: yes
fpu_exception	: yes
cpuid level	: 13
wp		: yes
flags		: fpu vme de pse tsc msr pae mce cx8 apic sep mtrr pge mca cmov pat pse36 clflush dts acpi mmx fxsr sse sse2 ss ht tm pbe syscall nx rdtscp lm constant_tsc arch_perfmon pebs bts rep_good nopl xtopology nonstop_tsc aperfmperf pni pclmulqdq dtes64 monitor ds_cpl vmx est tm2 ssse3 cx16 xtpr pdcm pcid sse4_1 sse4_2 popcnt tsc_deadline_timer xsave avx lahf_lm epb tpr_shadow vnmi flexpriority ept vpid xsaveopt dtherm arat pln pts
bugs		:
bogomips	: 6583.91
clflush size	: 64
cache_alignment	: 64
address sizes	: 36 bits physical, 48 bits virtual
power management:

processor	: 2
vendor_id	: GenuineIntel
cpu family	: 6
model		: 42
model name	: Intel(R) Core(TM) i3-2120 CPU @ 3.30GHz
stepping	: 7
microcode	: 0x29
cpu MHz		: 3299.798
cache size	: 3072 KB
physical id	: 0
siblings	: 4
core id		: 0
cpu cores	: 2
apicid		: 1
initial apicid	: 1
fpu		: yes
fpu_exception	: yes
cpuid level	: 13
wp		: yes
flags		: fpu vme de pse tsc msr pae mce cx8 apic sep mtrr pge mca cmov pat pse36 clflush dts acpi mmx fxsr sse sse2 ss ht tm pbe syscall nx rdtscp lm constant_tsc arch_perfmon pebs bts rep_good nopl xtopology nonstop_tsc aperfmperf pni pclmulqdq dtes64 monitor ds_cpl vmx est tm2 ssse3 cx16 xtpr pdcm pcid sse4_1 sse4_2 popcnt tsc_deadline_timer xsave avx lahf_lm epb tpr_shadow vnmi flexpriority ept vpid xsaveopt dtherm arat pln pts
bugs		:
bogomips	: 6583.91
clflush size	: 64
cache_alignment	: 64
address sizes	: 36 bits physical, 48 bits virtual
power management:

processor	: 3
vendor_id	: GenuineIntel
cpu family	: 6
model		: 42
model name	: Intel(R) Core(TM) i3-2120 CPU @ 3.30GHz
stepping	: 7
microcode	: 0x29
cpu MHz		: 3300.000
cache size	: 3072 KB
physical id	: 0
siblings	: 4
core id		: 1
cpu cores	: 2
apicid		: 3
initial apicid	: 3
fpu		: yes
fpu_exception	: yes
cpuid level	: 13
wp		: yes
flags		: fpu vme de pse tsc msr pae mce cx8 apic sep mtrr pge mca cmov pat pse36 clflush dts acpi mmx fxsr sse sse2 ss ht tm pbe syscall nx rdtscp lm constant_tsc arch_perfmon pebs bts rep_good nopl xtopology nonstop_tsc aperfmperf pni pclmulqdq dtes64 monitor ds_cpl vmx est tm2 ssse3 cx16 xtpr pdcm pcid sse4_1 sse4_2 popcnt tsc_deadline_timer xsave avx lahf_lm epb tpr_shadow vnmi flexpriority ept vpid xsaveopt dtherm arat pln pts
bugs		:
bogomips	: 6583.91
clflush size	: 64
cache_alignment	: 64
address sizes	: 36 bits physical, 48 bits virtual
power management:



Memory: 4k page, physical 3866512k(86260k free), swap 4012028k(0k free)

vm_info: OpenJDK 64-Bit Server VM (25.152-b01) for linux-amd64 JRE (1.8.0_152-release-915-b01), built by "builder" with gcc 4.8.4

time: Sat Dec 16 16:19:20 2017
elapsed time: 1 seconds (0d 0h 0m 1s)

