#
# There is insufficient memory for the Java Runtime Environment to continue.
# Native memory allocation (mmap) failed to map 139460608 bytes for committing reserved memory.
# Possible reasons:
#   The system is out of physical RAM or swap space
#   In 32 bit mode, the process size limit was hit
# Possible solutions:
#   Reduce memory load on the system
#   Increase physical memory or swap space
#   Check if swap backing store is full
#   Use 64 bit Java on a 64 bit OS
#   Decrease Java heap size (-Xmx/-Xms)
#   Decrease number of Java threads
#   Decrease Java thread stack sizes (-Xss)
#   Set larger code cache with -XX:ReservedCodeCacheSize=
# This output file may be truncated or incomplete.
#
#  Out of Memory Error (os_linux.cpp:2640), pid=8325, tid=0x00007f2b70dfd700
#
# JRE version: OpenJDK Runtime Environment (8.0_152-b01) (build 1.8.0_152-release-915-b01)
# Java VM: OpenJDK 64-Bit Server VM (25.152-b01 mixed mode linux-amd64 compressed oops)
# Failed to write core dump. Core dumps have been disabled. To enable core dumping, try "ulimit -c unlimited" before starting Java again
#

---------------  T H R E A D  ---------------

Current thread (0x00007f2b80078000):  VMThread [stack: 0x00007f2b70cfd000,0x00007f2b70dfe000] [id=8336]

Stack: [0x00007f2b70cfd000,0x00007f2b70dfe000],  sp=0x00007f2b70dfc4c0,  free space=1021k
Native frames: (J=compiled Java code, j=interpreted, Vv=VM code, C=native code)
V  [libjvm.so+0x9eb15d]  VMError::report_and_die()+0x15d
V  [libjvm.so+0x4b8eaa]  report_vm_out_of_memory(char const*, int, unsigned long, VMErrorType, char const*)+0x8a
V  [libjvm.so+0x851370]  os::pd_commit_memory(char*, unsigned long, unsigned long, bool)+0xf0
V  [libjvm.so+0x84be8f]  os::commit_memory(char*, unsigned long, unsigned long, bool)+0x1f
V  [libjvm.so+0x8c261b]  PSVirtualSpace::expand_by(unsigned long)+0x5b
V  [libjvm.so+0x8c3290]  PSYoungGen::resize_generation(unsigned long, unsigned long)+0xb0
V  [libjvm.so+0x8c35ab]  PSYoungGen::resize(unsigned long, unsigned long)+0x1b
V  [libjvm.so+0x8bfc9c]  PSScavenge::invoke_no_policy()+0xdac
V  [libjvm.so+0x8c0478]  PSScavenge::invoke()+0x38
V  [libjvm.so+0x8748f3]  ParallelScavengeHeap::failed_mem_allocate(unsigned long)+0x63
V  [libjvm.so+0x9ecc84]  VM_ParallelGCFailedAllocation::doit()+0x84
V  [libjvm.so+0x9f1197]  VM_Operation::evaluate()+0x47
V  [libjvm.so+0x9efb78]  VMThread::evaluate_operation(VM_Operation*)+0x2c8
V  [libjvm.so+0x9efff9]  VMThread::loop()+0x219
V  [libjvm.so+0x9f0442]  VMThread::run()+0x72
V  [libjvm.so+0x84e792]  java_start(Thread*)+0xf2

VM_Operation (0x00007f2b893c8520): ParallelGCFailedAllocation, mode: safepoint, requested by thread 0x00007f2b8000b000


---------------  P R O C E S S  ---------------

Java Threads: ( => current thread )
  0x00007f2b800f3800 JavaThread "Service Thread" daemon [_thread_blocked, id=8343, stack(0x00007f2b702cf000,0x00007f2b703d0000)]
  0x00007f2b800be000 JavaThread "C1 CompilerThread2" daemon [_thread_blocked, id=8342, stack(0x00007f2b703d0000,0x00007f2b704d1000)]
  0x00007f2b800bc800 JavaThread "C2 CompilerThread1" daemon [_thread_in_native, id=8341, stack(0x00007f2b704d1000,0x00007f2b705d2000)]
  0x00007f2b800b9800 JavaThread "C2 CompilerThread0" daemon [_thread_blocked, id=8340, stack(0x00007f2b705d2000,0x00007f2b706d3000)]
  0x00007f2b800b8000 JavaThread "Signal Dispatcher" daemon [_thread_blocked, id=8339, stack(0x00007f2b706d3000,0x00007f2b707d4000)]
  0x00007f2b80084800 JavaThread "Finalizer" daemon [_thread_blocked, id=8338, stack(0x00007f2b70afb000,0x00007f2b70bfc000)]
  0x00007f2b80080000 JavaThread "Reference Handler" daemon [_thread_blocked, id=8337, stack(0x00007f2b70bfc000,0x00007f2b70cfd000)]
  0x00007f2b8000b000 JavaThread "main" [_thread_blocked, id=8331, stack(0x00007f2b892c9000,0x00007f2b893ca000)]

Other Threads:
=>0x00007f2b80078000 VMThread [stack: 0x00007f2b70cfd000,0x00007f2b70dfe000] [id=8336]
  0x00007f2b800f5800 WatcherThread [stack: 0x00007f2b701ce000,0x00007f2b702cf000] [id=8344]

VM state:at safepoint (normal execution)

VM Mutex/Monitor currently owned by a thread:  ([mutex/lock_event])
[0x00007f2b80007160] Threads_lock - owner thread: 0x00007f2b80078000
[0x00007f2b80007660] Heap_lock - owner thread: 0x00007f2b8000b000

Heap:
 PSYoungGen      total 135680K, used 16370K [0x00000000ec580000, 0x00000000f5d80000, 0x0000000100000000)
  eden space 119296K, 0% used [0x00000000ec580000,0x00000000ec580000,0x00000000f3a00000)
  from space 16384K, 99% used [0x00000000f3a00000,0x00000000f49fca10,0x00000000f4a00000)
  to   space 12800K, 0% used [0x00000000f4a00000,0x00000000f4a00000,0x00000000f5680000)
 ParOldGen       total 40960K, used 33956K [0x00000000c5000000, 0x00000000c7800000, 0x00000000ec580000)
  object space 40960K, 82% used [0x00000000c5000000,0x00000000c71291e0,0x00000000c7800000)
 Metaspace       used 3805K, capacity 5144K, committed 5376K, reserved 1056768K
  class space    used 392K, capacity 456K, committed 512K, reserved 1048576K

Card table byte_map: [0x00007f2b85f75000,0x00007f2b8614e000] byte_map_base: 0x00007f2b8594d000

Marking Bits: (ParMarkBitMap*) 0x00007f2b887913e0
 Begin Bits: [0x00007f2b6a280000, 0x00007f2b6b140000)
 End Bits:   [0x00007f2b6b140000, 0x00007f2b6c000000)

Polling page: 0x00007f2b893e4000

CodeCache: size=245760Kb used=3870Kb max_used=3870Kb free=241889Kb
 bounds [0x00007f2b71000000, 0x00007f2b713d0000, 0x00007f2b80000000]
 total_blobs=892 nmethods=644 adapters=163
 compilation: enabled

Compilation events (10 events):
Event: 42.830 Thread 0x00007f2b800b9800  665       4       com.android.dx.cf.attrib.AttExceptions::byteLength (15 bytes)
Event: 42.830 Thread 0x00007f2b800b9800 nmethod 665 0x00007f2b713a29d0 code [0x00007f2b713a2b20, 0x00007f2b713a2bb8]
Event: 42.845 Thread 0x00007f2b800b9800  666       4       com.android.dx.cf.direct.StdAttributeFactory::constantValue (94 bytes)
Event: 42.853 Thread 0x00007f2b800be000  667   !   3       com.android.dx.cf.attrib.BaseParameterAnnotations::<init> (48 bytes)
Event: 42.864 Thread 0x00007f2b800be000 nmethod 667 0x00007f2b713c6990 code [0x00007f2b713c6b60, 0x00007f2b713c7148]
Event: 42.864 Thread 0x00007f2b800be000  668       3       com.android.dx.cf.direct.StdAttributeFactory::runtimeInvisibleParameterAnnotations (44 bytes)
Event: 42.865 Thread 0x00007f2b800be000 nmethod 668 0x00007f2b713c5fd0 code [0x00007f2b713c61a0, 0x00007f2b713c66d8]
Event: 42.865 Thread 0x00007f2b800b9800 nmethod 666 0x00007f2b713c9110 code [0x00007f2b713c92e0, 0x00007f2b713c9868]
Event: 42.882 Thread 0x00007f2b800be000  669       3       java.util.TreeMap::fixAfterInsertion (267 bytes)
Event: 42.889 Thread 0x00007f2b800be000 nmethod 669 0x00007f2b713c9f50 code [0x00007f2b713ca3e0, 0x00007f2b713ccaf8]

GC Heap History (10 events):
Event: 1.247 GC heap after
Heap after GC invocations=2 (full 0):
 PSYoungGen      total 33280K, used 2541K [0x00000000ec580000, 0x00000000ee880000, 0x0000000100000000)
  eden space 30720K, 0% used [0x00000000ec580000,0x00000000ec580000,0x00000000ee380000)
  from space 2560K, 99% used [0x00000000ee600000,0x00000000ee87b528,0x00000000ee880000)
  to   space 2560K, 0% used [0x00000000ee380000,0x00000000ee380000,0x00000000ee600000)
 ParOldGen       total 40960K, used 941K [0x00000000c5000000, 0x00000000c7800000, 0x00000000ec580000)
  object space 40960K, 2% used [0x00000000c5000000,0x00000000c50eb6c8,0x00000000c7800000)
 Metaspace       used 3711K, capacity 5144K, committed 5376K, reserved 1056768K
  class space    used 385K, capacity 456K, committed 512K, reserved 1048576K
}
Event: 40.649 GC heap before
{Heap before GC invocations=3 (full 0):
 PSYoungGen      total 33280K, used 33261K [0x00000000ec580000, 0x00000000ee880000, 0x0000000100000000)
  eden space 30720K, 100% used [0x00000000ec580000,0x00000000ee380000,0x00000000ee380000)
  from space 2560K, 99% used [0x00000000ee600000,0x00000000ee87b528,0x00000000ee880000)
  to   space 2560K, 0% used [0x00000000ee380000,0x00000000ee380000,0x00000000ee600000)
 ParOldGen       total 40960K, used 941K [0x00000000c5000000, 0x00000000c7800000, 0x00000000ec580000)
  object space 40960K, 2% used [0x00000000c5000000,0x00000000c50eb6c8,0x00000000c7800000)
 Metaspace       used 3769K, capacity 5144K, committed 5376K, reserved 1056768K
  class space    used 390K, capacity 456K, committed 512K, reserved 1048576K
Event: 41.497 GC heap after
Heap after GC invocations=3 (full 0):
 PSYoungGen      total 33280K, used 2548K [0x00000000ec580000, 0x00000000f0680000, 0x0000000100000000)
  eden space 30720K, 0% used [0x00000000ec580000,0x00000000ec580000,0x00000000ee380000)
  from space 2560K, 99% used [0x00000000ee380000,0x00000000ee5fd3a0,0x00000000ee600000)
  to   space 2560K, 0% used [0x00000000f0400000,0x00000000f0400000,0x00000000f0680000)
 ParOldGen       total 40960K, used 4434K [0x00000000c5000000, 0x00000000c7800000, 0x00000000ec580000)
  object space 40960K, 10% used [0x00000000c5000000,0x00000000c54549a0,0x00000000c7800000)
 Metaspace       used 3769K, capacity 5144K, committed 5376K, reserved 1056768K
  class space    used 390K, capacity 456K, committed 512K, reserved 1048576K
}
Event: 41.796 GC heap before
{Heap before GC invocations=4 (full 0):
 PSYoungGen      total 33280K, used 33268K [0x00000000ec580000, 0x00000000f0680000, 0x0000000100000000)
  eden space 30720K, 100% used [0x00000000ec580000,0x00000000ee380000,0x00000000ee380000)
  from space 2560K, 99% used [0x00000000ee380000,0x00000000ee5fd3a0,0x00000000ee600000)
  to   space 2560K, 0% used [0x00000000f0400000,0x00000000f0400000,0x00000000f0680000)
 ParOldGen       total 40960K, used 4434K [0x00000000c5000000, 0x00000000c7800000, 0x00000000ec580000)
  object space 40960K, 10% used [0x00000000c5000000,0x00000000c54549a0,0x00000000c7800000)
 Metaspace       used 3775K, capacity 5144K, committed 5376K, reserved 1056768K
  class space    used 390K, capacity 456K, committed 512K, reserved 1048576K
Event: 41.808 GC heap after
Heap after GC invocations=4 (full 0):
 PSYoungGen      total 64000K, used 2555K [0x00000000ec580000, 0x00000000f0680000, 0x0000000100000000)
  eden space 61440K, 0% used [0x00000000ec580000,0x00000000ec580000,0x00000000f0180000)
  from space 2560K, 99% used [0x00000000f0400000,0x00000000f067ecc0,0x00000000f0680000)
  to   space 2560K, 0% used [0x00000000f0180000,0x00000000f0180000,0x00000000f0400000)
 ParOldGen       total 40960K, used 9652K [0x00000000c5000000, 0x00000000c7800000, 0x00000000ec580000)
  object space 40960K, 23% used [0x00000000c5000000,0x00000000c596d0e0,0x00000000c7800000)
 Metaspace       used 3775K, capacity 5144K, committed 5376K, reserved 1056768K
  class space    used 390K, capacity 456K, committed 512K, reserved 1048576K
}
Event: 42.130 GC heap before
{Heap before GC invocations=5 (full 0):
 PSYoungGen      total 64000K, used 63995K [0x00000000ec580000, 0x00000000f0680000, 0x0000000100000000)
  eden space 61440K, 100% used [0x00000000ec580000,0x00000000f0180000,0x00000000f0180000)
  from space 2560K, 99% used [0x00000000f0400000,0x00000000f067ecc0,0x00000000f0680000)
  to   space 2560K, 0% used [0x00000000f0180000,0x00000000f0180000,0x00000000f0400000)
 ParOldGen       total 40960K, used 9652K [0x00000000c5000000, 0x00000000c7800000, 0x00000000ec580000)
  object space 40960K, 23% used [0x00000000c5000000,0x00000000c596d0e0,0x00000000c7800000)
 Metaspace       used 3777K, capacity 5144K, committed 5376K, reserved 1056768K
  class space    used 390K, capacity 456K, committed 512K, reserved 1048576K
Event: 42.160 GC heap after
Heap after GC invocations=5 (full 0):
 PSYoungGen      total 64000K, used 2539K [0x00000000ec580000, 0x00000000f5680000, 0x0000000100000000)
  eden space 61440K, 0% used [0x00000000ec580000,0x00000000ec580000,0x00000000f0180000)
  from space 2560K, 99% used [0x00000000f0180000,0x00000000f03faec8,0x00000000f0400000)
  to   space 12800K, 0% used [0x00000000f4a00000,0x00000000f4a00000,0x00000000f5680000)
 ParOldGen       total 40960K, used 18677K [0x00000000c5000000, 0x00000000c7800000, 0x00000000ec580000)
  object space 40960K, 45% used [0x00000000c5000000,0x00000000c623d6e8,0x00000000c7800000)
 Metaspace       used 3777K, capacity 5144K, committed 5376K, reserved 1056768K
  class space    used 390K, capacity 456K, committed 512K, reserved 1048576K
}
Event: 42.397 GC heap before
{Heap before GC invocations=6 (full 0):
 PSYoungGen      total 64000K, used 63979K [0x00000000ec580000, 0x00000000f5680000, 0x0000000100000000)
  eden space 61440K, 100% used [0x00000000ec580000,0x00000000f0180000,0x00000000f0180000)
  from space 2560K, 99% used [0x00000000f0180000,0x00000000f03faec8,0x00000000f0400000)
  to   space 12800K, 0% used [0x00000000f4a00000,0x00000000f4a00000,0x00000000f5680000)
 ParOldGen       total 40960K, used 18677K [0x00000000c5000000, 0x00000000c7800000, 0x00000000ec580000)
  object space 40960K, 45% used [0x00000000c5000000,0x00000000c623d6e8,0x00000000c7800000)
 Metaspace       used 3799K, capacity 5144K, committed 5376K, reserved 1056768K
  class space    used 392K, capacity 456K, committed 512K, reserved 1048576K
Event: 42.431 GC heap after
Heap after GC invocations=6 (full 0):
 PSYoungGen      total 132096K, used 12771K [0x00000000ec580000, 0x00000000f5d80000, 0x0000000100000000)
  eden space 119296K, 0% used [0x00000000ec580000,0x00000000ec580000,0x00000000f3a00000)
  from space 12800K, 99% used [0x00000000f4a00000,0x00000000f5678e88,0x00000000f5680000)
  to   space 16384K, 0% used [0x00000000f3a00000,0x00000000f3a00000,0x00000000f4a00000)
 ParOldGen       total 40960K, used 20514K [0x00000000c5000000, 0x00000000c7800000, 0x00000000ec580000)
  object space 40960K, 50% used [0x00000000c5000000,0x00000000c6408b88,0x00000000c7800000)
 Metaspace       used 3799K, capacity 5144K, committed 5376K, reserved 1056768K
  class space    used 392K, capacity 456K, committed 512K, reserved 1048576K
}
Event: 42.903 GC heap before
{Heap before GC invocations=7 (full 0):
 PSYoungGen      total 132096K, used 132067K [0x00000000ec580000, 0x00000000f5d80000, 0x0000000100000000)
  eden space 119296K, 100% used [0x00000000ec580000,0x00000000f3a00000,0x00000000f3a00000)
  from space 12800K, 99% used [0x00000000f4a00000,0x00000000f5678e88,0x00000000f5680000)
  to   space 16384K, 0% used [0x00000000f3a00000,0x00000000f3a00000,0x00000000f4a00000)
 ParOldGen       total 40960K, used 20514K [0x00000000c5000000, 0x00000000c7800000, 0x00000000ec580000)
  object space 40960K, 50% used [0x00000000c5000000,0x00000000c6408b88,0x00000000c7800000)
 Metaspace       used 3805K, capacity 5144K, committed 5376K, reserved 1056768K
  class space    used 392K, capacity 456K, committed 512K, reserved 1048576K

Deoptimization events (6 events):
Event: 1.149 Thread 0x00007f2b8000b000 Uncommon trap: reason=unstable_if action=reinterpret pc=0x00007f2b7126608c method=com.android.dx.cf.direct.StdAttributeFactory.parse0(Lcom/android/dx/cf/direct/DirectClassFile;ILjava/lang/String;IILcom/android/dx/cf/iface/ParseObserver;)Lcom/android/dx/cf
Event: 41.788 Thread 0x00007f2b8000b000 Uncommon trap: reason=class_check action=maybe_recompile pc=0x00007f2b713407bc method=com.android.dx.cf.attrib.AttConstantValue.<init>(Lcom/android/dx/rop/cst/TypedConstant;)V @ 28
Event: 42.326 Thread 0x00007f2b8000b000 Uncommon trap: reason=class_check action=maybe_recompile pc=0x00007f2b713407bc method=com.android.dx.cf.attrib.AttConstantValue.<init>(Lcom/android/dx/rop/cst/TypedConstant;)V @ 28
Event: 42.790 Thread 0x00007f2b8000b000 Uncommon trap: reason=class_check action=maybe_recompile pc=0x00007f2b713407bc method=com.android.dx.cf.attrib.AttConstantValue.<init>(Lcom/android/dx/rop/cst/TypedConstant;)V @ 28
Event: 42.791 Thread 0x00007f2b8000b000 Uncommon trap: reason=class_check action=maybe_recompile pc=0x00007f2b713407bc method=com.android.dx.cf.attrib.AttConstantValue.<init>(Lcom/android/dx/rop/cst/TypedConstant;)V @ 28
Event: 42.815 Thread 0x00007f2b8000b000 Uncommon trap: reason=unstable_if action=reinterpret pc=0x00007f2b712fcea0 method=java.util.concurrent.ConcurrentHashMap.putVal(Ljava/lang/Object;Ljava/lang/Object;Z)Ljava/lang/Object; @ 195

Classes redefined (0 events):
No events

Internal exceptions (2 events):
Event: 0.069 Thread 0x00007f2b8000b000 Exception <a 'java/lang/NoSuchMethodError': Method sun.misc.Unsafe.defineClass(Ljava/lang/String;[BII)Ljava/lang/Class; name or signature does not match> (0x00000000ec587ca8) thrown at [/ssd/Android/AOSP-openjdk-git/jdk8u/hotspot/src/share/vm/prims/jni.cp
Event: 0.069 Thread 0x00007f2b8000b000 Exception <a 'java/lang/NoSuchMethodError': Method sun.misc.Unsafe.prefetchRead(Ljava/lang/Object;J)V name or signature does not match> (0x00000000ec587f90) thrown at [/ssd/Android/AOSP-openjdk-git/jdk8u/hotspot/src/share/vm/prims/jni.cpp, line 4011]

Events (10 events):
Event: 42.790 Thread 0x00007f2b8000b000 DEOPT UNPACKING pc=0x00007f2b71004f69 sp=0x00007f2b893c8398 mode 2
Event: 42.791 Thread 0x00007f2b8000b000 Uncommon trap: trap_request=0xffffffde fr.pc=0x00007f2b713407bc
Event: 42.791 Thread 0x00007f2b8000b000 DEOPT PACKING pc=0x00007f2b713407bc sp=0x00007f2b893c8480
Event: 42.791 Thread 0x00007f2b8000b000 DEOPT UNPACKING pc=0x00007f2b71004f69 sp=0x00007f2b893c8398 mode 2
Event: 42.811 Thread 0x00007f2b8000b000 Uncommon trap: trap_request=0xffffff65 fr.pc=0x00007f2b712fcea0
Event: 42.812 Executing VM operation: RevokeBias
Event: 42.815 Executing VM operation: RevokeBias done
Event: 42.815 Thread 0x00007f2b8000b000 DEOPT PACKING pc=0x00007f2b712fcea0 sp=0x00007f2b893c8460
Event: 42.815 Thread 0x00007f2b8000b000 DEOPT UNPACKING pc=0x00007f2b71004f69 sp=0x00007f2b893c8400 mode 2
Event: 42.901 Executing VM operation: ParallelGCFailedAllocation


Dynamic libraries:
00400000-00401000 r-xp 00000000 08:05 2895521                            /home/developer/android-studio/jre/bin/java
00600000-00601000 r--p 00000000 08:05 2895521                            /home/developer/android-studio/jre/bin/java
00601000-00602000 rw-p 00001000 08:05 2895521                            /home/developer/android-studio/jre/bin/java
014dd000-014fe000 rw-p 00000000 00:00 0                                  [heap]
c5000000-c7800000 rw-p 00000000 00:00 0 
c7800000-ec580000 ---p 00000000 00:00 0 
ec580000-f5d80000 rw-p 00000000 00:00 0 
fe280000-100000000 ---p 00000000 00:00 0 
100000000-100080000 rw-p 00000000 00:00 0 
100080000-140000000 ---p 00000000 00:00 0 
7f2b34000000-7f2b34021000 rw-p 00000000 00:00 0 
7f2b34021000-7f2b38000000 ---p 00000000 00:00 0 
7f2b3c000000-7f2b3c526000 rw-p 00000000 00:00 0 
7f2b3c526000-7f2b40000000 ---p 00000000 00:00 0 
7f2b40000000-7f2b40021000 rw-p 00000000 00:00 0 
7f2b40021000-7f2b44000000 ---p 00000000 00:00 0 
7f2b44000000-7f2b44e25000 rw-p 00000000 00:00 0 
7f2b44e25000-7f2b48000000 ---p 00000000 00:00 0 
7f2b48000000-7f2b48801000 rw-p 00000000 00:00 0 
7f2b48801000-7f2b4c000000 ---p 00000000 00:00 0 
7f2b4c000000-7f2b4c021000 rw-p 00000000 00:00 0 
7f2b4c021000-7f2b50000000 ---p 00000000 00:00 0 
7f2b50000000-7f2b50021000 rw-p 00000000 00:00 0 
7f2b50021000-7f2b54000000 ---p 00000000 00:00 0 
7f2b54000000-7f2b54280000 rw-p 00000000 00:00 0 
7f2b54280000-7f2b58000000 ---p 00000000 00:00 0 
7f2b58000000-7f2b58021000 rw-p 00000000 00:00 0 
7f2b58021000-7f2b5c000000 ---p 00000000 00:00 0 
7f2b5c000000-7f2b5c021000 rw-p 00000000 00:00 0 
7f2b5c021000-7f2b60000000 ---p 00000000 00:00 0 
7f2b60000000-7f2b60021000 rw-p 00000000 00:00 0 
7f2b60021000-7f2b64000000 ---p 00000000 00:00 0 
7f2b64000000-7f2b64021000 rw-p 00000000 00:00 0 
7f2b64021000-7f2b68000000 ---p 00000000 00:00 0 
7f2b6a280000-7f2b6c000000 rw-p 00000000 00:00 0 
7f2b6c000000-7f2b6c021000 rw-p 00000000 00:00 0 
7f2b6c021000-7f2b70000000 ---p 00000000 00:00 0 
7f2b700b0000-7f2b701ce000 r--s 00b76000 08:05 4719600                    /home/developer/AndroidStudioProjects/PropertyDODO1/app/build/intermediates/transforms/jarMerging/release/0.jar
7f2b701ce000-7f2b701cf000 ---p 00000000 00:00 0 
7f2b701cf000-7f2b702cf000 rw-p 00000000 00:00 0 
7f2b702cf000-7f2b702d2000 ---p 00000000 00:00 0 
7f2b702d2000-7f2b703d0000 rw-p 00000000 00:00 0 
7f2b703d0000-7f2b703d3000 ---p 00000000 00:00 0 
7f2b703d3000-7f2b704d1000 rw-p 00000000 00:00 0 
7f2b704d1000-7f2b704d4000 ---p 00000000 00:00 0 
7f2b704d4000-7f2b705d2000 rw-p 00000000 00:00 0 
7f2b705d2000-7f2b705d5000 ---p 00000000 00:00 0 
7f2b705d5000-7f2b706d3000 rw-p 00000000 00:00 0 
7f2b706d3000-7f2b706d6000 ---p 00000000 00:00 0 
7f2b706d6000-7f2b707d4000 rw-p 00000000 00:00 0 
7f2b707d4000-7f2b70afb000 r--p 00000000 08:05 1318494                    /usr/lib/locale/locale-archive
7f2b70afb000-7f2b70afe000 ---p 00000000 00:00 0 
7f2b70afe000-7f2b70bfc000 rw-p 00000000 00:00 0 
7f2b70bfc000-7f2b70bff000 ---p 00000000 00:00 0 
7f2b70bff000-7f2b70cfd000 rw-p 00000000 00:00 0 
7f2b70cfd000-7f2b70cfe000 ---p 00000000 00:00 0 
7f2b70cfe000-7f2b71000000 rw-p 00000000 00:00 0 
7f2b71000000-7f2b713d0000 rwxp 00000000 00:00 0 
7f2b713d0000-7f2b80000000 ---p 00000000 00:00 0 
7f2b80000000-7f2b803da000 rw-p 00000000 00:00 0 
7f2b803da000-7f2b84000000 ---p 00000000 00:00 0 
7f2b8401f000-7f2b8404b000 rw-p 00000000 00:00 0 
7f2b8404b000-7f2b8405a000 r--s 000ed000 08:05 1327272                    /home/developer/Android/Sdk/build-tools/26.0.2/lib/dx.jar
7f2b8405a000-7f2b84e18000 rw-p 00000000 00:00 0 
7f2b84e18000-7f2b84fe8000 r--s 03c46000 08:05 2381871                    /home/developer/android-studio/jre/jre/lib/rt.jar
7f2b84fe8000-7f2b8551e000 rw-p 00000000 00:00 0 
7f2b8551e000-7f2b8585e000 ---p 00000000 00:00 0 
7f2b8585e000-7f2b85a36000 rw-p 00000000 00:00 0 
7f2b85a36000-7f2b85a37000 ---p 00000000 00:00 0 
7f2b85a37000-7f2b85b37000 rw-p 00000000 00:00 0 
7f2b85b37000-7f2b85b38000 ---p 00000000 00:00 0 
7f2b85b38000-7f2b85c38000 rw-p 00000000 00:00 0 
7f2b85c38000-7f2b85c39000 ---p 00000000 00:00 0 
7f2b85c39000-7f2b85d39000 rw-p 00000000 00:00 0 
7f2b85d39000-7f2b85d3a000 ---p 00000000 00:00 0 
7f2b85d3a000-7f2b85e4e000 rw-p 00000000 00:00 0 
7f2b85e4e000-7f2b85f75000 ---p 00000000 00:00 0 
7f2b85f75000-7f2b85f89000 rw-p 00000000 00:00 0 
7f2b85f89000-7f2b860af000 ---p 00000000 00:00 0 
7f2b860af000-7f2b860fc000 rw-p 00000000 00:00 0 
7f2b860fc000-7f2b8614d000 ---p 00000000 00:00 0 
7f2b8614d000-7f2b8615e000 rw-p 00000000 00:00 0 
7f2b8615e000-7f2b8650e000 ---p 00000000 00:00 0 
7f2b8650e000-7f2b86528000 r-xp 00000000 08:05 2760342                    /home/developer/android-studio/jre/jre/lib/amd64/libzip.so
7f2b86528000-7f2b86728000 ---p 0001a000 08:05 2760342                    /home/developer/android-studio/jre/jre/lib/amd64/libzip.so
7f2b86728000-7f2b86729000 r--p 0001a000 08:05 2760342                    /home/developer/android-studio/jre/jre/lib/amd64/libzip.so
7f2b86729000-7f2b8672a000 rw-p 0001b000 08:05 2760342                    /home/developer/android-studio/jre/jre/lib/amd64/libzip.so
7f2b8672a000-7f2b86735000 r-xp 00000000 08:05 4987474                    /lib/x86_64-linux-gnu/libnss_files-2.23.so
7f2b86735000-7f2b86934000 ---p 0000b000 08:05 4987474                    /lib/x86_64-linux-gnu/libnss_files-2.23.so
7f2b86934000-7f2b86935000 r--p 0000a000 08:05 4987474                    /lib/x86_64-linux-gnu/libnss_files-2.23.so
7f2b86935000-7f2b86936000 rw-p 0000b000 08:05 4987474                    /lib/x86_64-linux-gnu/libnss_files-2.23.so
7f2b86936000-7f2b8693c000 rw-p 00000000 00:00 0 
7f2b8693c000-7f2b86947000 r-xp 00000000 08:05 4987477                    /lib/x86_64-linux-gnu/libnss_nis-2.23.so
7f2b86947000-7f2b86b46000 ---p 0000b000 08:05 4987477                    /lib/x86_64-linux-gnu/libnss_nis-2.23.so
7f2b86b46000-7f2b86b47000 r--p 0000a000 08:05 4987477                    /lib/x86_64-linux-gnu/libnss_nis-2.23.so
7f2b86b47000-7f2b86b48000 rw-p 0000b000 08:05 4987477                    /lib/x86_64-linux-gnu/libnss_nis-2.23.so
7f2b86b48000-7f2b86b5e000 r-xp 00000000 08:05 4987470                    /lib/x86_64-linux-gnu/libnsl-2.23.so
7f2b86b5e000-7f2b86d5d000 ---p 00016000 08:05 4987470                    /lib/x86_64-linux-gnu/libnsl-2.23.so
7f2b86d5d000-7f2b86d5e000 r--p 00015000 08:05 4987470                    /lib/x86_64-linux-gnu/libnsl-2.23.so
7f2b86d5e000-7f2b86d5f000 rw-p 00016000 08:05 4987470                    /lib/x86_64-linux-gnu/libnsl-2.23.so
7f2b86d5f000-7f2b86d61000 rw-p 00000000 00:00 0 
7f2b86d61000-7f2b86d69000 r-xp 00000000 08:05 4987483                    /lib/x86_64-linux-gnu/libnss_compat-2.23.so
7f2b86d69000-7f2b86f68000 ---p 00008000 08:05 4987483                    /lib/x86_64-linux-gnu/libnss_compat-2.23.so
7f2b86f68000-7f2b86f69000 r--p 00007000 08:05 4987483                    /lib/x86_64-linux-gnu/libnss_compat-2.23.so
7f2b86f69000-7f2b86f6a000 rw-p 00008000 08:05 4987483                    /lib/x86_64-linux-gnu/libnss_compat-2.23.so
7f2b86f6a000-7f2b86f97000 r-xp 00000000 08:05 2760322                    /home/developer/android-studio/jre/jre/lib/amd64/libjava.so
7f2b86f97000-7f2b87196000 ---p 0002d000 08:05 2760322                    /home/developer/android-studio/jre/jre/lib/amd64/libjava.so
7f2b87196000-7f2b87197000 r--p 0002c000 08:05 2760322                    /home/developer/android-studio/jre/jre/lib/amd64/libjava.so
7f2b87197000-7f2b87199000 rw-p 0002d000 08:05 2760322                    /home/developer/android-studio/jre/jre/lib/amd64/libjava.so
7f2b87199000-7f2b871a9000 r-xp 00000000 08:05 2760354                    /home/developer/android-studio/jre/jre/lib/amd64/libverify.so
7f2b871a9000-7f2b873a8000 ---p 00010000 08:05 2760354                    /home/developer/android-studio/jre/jre/lib/amd64/libverify.so
7f2b873a8000-7f2b873aa000 r--p 0000f000 08:05 2760354                    /home/developer/android-studio/jre/jre/lib/amd64/libverify.so
7f2b873aa000-7f2b873ab000 rw-p 00011000 08:05 2760354                    /home/developer/android-studio/jre/jre/lib/amd64/libverify.so
7f2b873ab000-7f2b873b2000 r-xp 00000000 08:05 4987479                    /lib/x86_64-linux-gnu/librt-2.23.so
7f2b873b2000-7f2b875b1000 ---p 00007000 08:05 4987479                    /lib/x86_64-linux-gnu/librt-2.23.so
7f2b875b1000-7f2b875b2000 r--p 00006000 08:05 4987479                    /lib/x86_64-linux-gnu/librt-2.23.so
7f2b875b2000-7f2b875b3000 rw-p 00007000 08:05 4987479                    /lib/x86_64-linux-gnu/librt-2.23.so
7f2b875b3000-7f2b876bb000 r-xp 00000000 08:05 4987488                    /lib/x86_64-linux-gnu/libm-2.23.so
7f2b876bb000-7f2b878ba000 ---p 00108000 08:05 4987488                    /lib/x86_64-linux-gnu/libm-2.23.so
7f2b878ba000-7f2b878bb000 r--p 00107000 08:05 4987488                    /lib/x86_64-linux-gnu/libm-2.23.so
7f2b878bb000-7f2b878bc000 rw-p 00108000 08:05 4987488                    /lib/x86_64-linux-gnu/libm-2.23.so
7f2b878bc000-7f2b884b4000 r-xp 00000000 08:05 2760341                    /home/developer/android-studio/jre/jre/lib/amd64/server/libjvm.so
7f2b884b4000-7f2b886b4000 ---p 00bf8000 08:05 2760341                    /home/developer/android-studio/jre/jre/lib/amd64/server/libjvm.so
7f2b886b4000-7f2b88753000 r--p 00bf8000 08:05 2760341                    /home/developer/android-studio/jre/jre/lib/amd64/server/libjvm.so
7f2b88753000-7f2b8877c000 rw-p 00c97000 08:05 2760341                    /home/developer/android-studio/jre/jre/lib/amd64/server/libjvm.so
7f2b8877c000-7f2b887c0000 rw-p 00000000 00:00 0 
7f2b887c0000-7f2b887d8000 r-xp 00000000 08:05 4987476                    /lib/x86_64-linux-gnu/libpthread-2.23.so
7f2b887d8000-7f2b889d7000 ---p 00018000 08:05 4987476                    /lib/x86_64-linux-gnu/libpthread-2.23.so
7f2b889d7000-7f2b889d8000 r--p 00017000 08:05 4987476                    /lib/x86_64-linux-gnu/libpthread-2.23.so
7f2b889d8000-7f2b889d9000 rw-p 00018000 08:05 4987476                    /lib/x86_64-linux-gnu/libpthread-2.23.so
7f2b889d9000-7f2b889dd000 rw-p 00000000 00:00 0 
7f2b889dd000-7f2b889e0000 r-xp 00000000 08:05 4987482                    /lib/x86_64-linux-gnu/libdl-2.23.so
7f2b889e0000-7f2b88bdf000 ---p 00003000 08:05 4987482                    /lib/x86_64-linux-gnu/libdl-2.23.so
7f2b88bdf000-7f2b88be0000 r--p 00002000 08:05 4987482                    /lib/x86_64-linux-gnu/libdl-2.23.so
7f2b88be0000-7f2b88be1000 rw-p 00003000 08:05 4987482                    /lib/x86_64-linux-gnu/libdl-2.23.so
7f2b88be1000-7f2b88da1000 r-xp 00000000 08:05 4987493                    /lib/x86_64-linux-gnu/libc-2.23.so
7f2b88da1000-7f2b88fa1000 ---p 001c0000 08:05 4987493                    /lib/x86_64-linux-gnu/libc-2.23.so
7f2b88fa1000-7f2b88fa5000 r--p 001c0000 08:05 4987493                    /lib/x86_64-linux-gnu/libc-2.23.so
7f2b88fa5000-7f2b88fa7000 rw-p 001c4000 08:05 4987493                    /lib/x86_64-linux-gnu/libc-2.23.so
7f2b88fa7000-7f2b88fab000 rw-p 00000000 00:00 0 
7f2b88fab000-7f2b88fc1000 r-xp 00000000 08:05 2381842                    /home/developer/android-studio/jre/lib/amd64/jli/libjli.so
7f2b88fc1000-7f2b891c0000 ---p 00016000 08:05 2381842                    /home/developer/android-studio/jre/lib/amd64/jli/libjli.so
7f2b891c0000-7f2b891c1000 r--p 00015000 08:05 2381842                    /home/developer/android-studio/jre/lib/amd64/jli/libjli.so
7f2b891c1000-7f2b891c2000 rw-p 00016000 08:05 2381842                    /home/developer/android-studio/jre/lib/amd64/jli/libjli.so
7f2b891c2000-7f2b891e8000 r-xp 00000000 08:05 4987471                    /lib/x86_64-linux-gnu/ld-2.23.so
7f2b891f1000-7f2b892c9000 rw-p 00000000 00:00 0 
7f2b892c9000-7f2b892cc000 ---p 00000000 00:00 0 
7f2b892cc000-7f2b893ce000 rw-p 00000000 00:00 0 
7f2b893d2000-7f2b893db000 r--s 00029000 08:05 4720280                    /home/developer/AndroidStudioProjects/PropertyDODO1/app/build/intermediates/multi-dex/release/componentClasses.jar
7f2b893db000-7f2b893e3000 rw-s 00000000 08:05 1193135                    /tmp/hsperfdata_developer/8325
7f2b893e3000-7f2b893e4000 rw-p 00000000 00:00 0 
7f2b893e4000-7f2b893e5000 ---p 00000000 00:00 0 
7f2b893e5000-7f2b893e7000 rw-p 00000000 00:00 0 
7f2b893e7000-7f2b893e8000 r--p 00025000 08:05 4987471                    /lib/x86_64-linux-gnu/ld-2.23.so
7f2b893e8000-7f2b893e9000 rw-p 00026000 08:05 4987471                    /lib/x86_64-linux-gnu/ld-2.23.so
7f2b893e9000-7f2b893ea000 rw-p 00000000 00:00 0 
7ffe86f6f000-7ffe86f91000 rw-p 00000000 00:00 0                          [stack]
7ffe86fdc000-7ffe86fde000 r--p 00000000 00:00 0                          [vvar]
7ffe86fde000-7ffe86fe0000 r-xp 00000000 00:00 0                          [vdso]
ffffffffff600000-ffffffffff601000 r-xp 00000000 00:00 0                  [vsyscall]

VM Arguments:
jvm_args: -Djava.awt.headless=true -Dfile.encoding=UTF-8 -Duser.country=US -Duser.language=en -Duser.variant 
java_command: com.android.multidex.ClassReferenceListBuilder /home/developer/AndroidStudioProjects/PropertyDODO1/app/build/intermediates/multi-dex/release/componentClasses.jar /home/developer/AndroidStudioProjects/PropertyDODO1/app/build/intermediates/transforms/jarMerging/release/0.jar
java_class_path (initial): /home/developer/Android/Sdk/build-tools/26.0.2/lib/dx.jar
Launcher Type: SUN_STANDARD

Environment Variables:
JAVA_HOME=/usr/lib/jvm/java-8-oracle
PATH=/home/developer/bin:/home/developer/.local/bin:/usr/local/sbin:/usr/local/bin:/usr/sbin:/usr/bin:/sbin:/bin:/usr/games:/usr/local/games:/snap/bin:/usr/lib/jvm/java-8-oracle/bin:/usr/lib/jvm/java-8-oracle/db/bin:/usr/lib/jvm/java-8-oracle/jre/bin
LD_LIBRARY_PATH=.:
SHELL=/bin/bash
DISPLAY=:0

Signal Handlers:
SIGSEGV: [libjvm.so+0x9ebc60], sa_mask[0]=11111111011111111101111111111110, sa_flags=SA_RESTART|SA_SIGINFO
SIGBUS: [libjvm.so+0x9ebc60], sa_mask[0]=11111111011111111101111111111110, sa_flags=SA_RESTART|SA_SIGINFO
SIGFPE: [libjvm.so+0x84cf60], sa_mask[0]=11111111011111111101111111111110, sa_flags=SA_RESTART|SA_SIGINFO
SIGPIPE: [libjvm.so+0x84cf60], sa_mask[0]=11111111011111111101111111111110, sa_flags=SA_RESTART|SA_SIGINFO
SIGXFSZ: [libjvm.so+0x84cf60], sa_mask[0]=11111111011111111101111111111110, sa_flags=SA_RESTART|SA_SIGINFO
SIGILL: [libjvm.so+0x84cf60], sa_mask[0]=11111111011111111101111111111110, sa_flags=SA_RESTART|SA_SIGINFO
SIGUSR1: SIG_DFL, sa_mask[0]=00000000000000000000000000000000, sa_flags=none
SIGUSR2: [libjvm.so+0x84ce30], sa_mask[0]=00100000000000000000000000000000, sa_flags=SA_RESTART|SA_SIGINFO
SIGHUP: [libjvm.so+0x84d020], sa_mask[0]=11111111011111111101111111111110, sa_flags=SA_RESTART|SA_SIGINFO
SIGINT: [libjvm.so+0x84d020], sa_mask[0]=11111111011111111101111111111110, sa_flags=SA_RESTART|SA_SIGINFO
SIGTERM: [libjvm.so+0x84d020], sa_mask[0]=11111111011111111101111111111110, sa_flags=SA_RESTART|SA_SIGINFO
SIGQUIT: [libjvm.so+0x84d020], sa_mask[0]=11111111011111111101111111111110, sa_flags=SA_RESTART|SA_SIGINFO


---------------  S Y S T E M  ---------------

OS:DISTRIB_ID=Ubuntu
DISTRIB_RELEASE=16.04
DISTRIB_CODENAME=xenial
DISTRIB_DESCRIPTION="Ubuntu 16.04.3 LTS"

uname:Linux 4.10.0-42-generic #46~16.04.1-Ubuntu SMP Mon Dec 4 15:57:59 UTC 2017 x86_64
libc:glibc 2.23 NPTL 2.23 
rlimit: STACK 8192k, CORE 0k, NPROC 14928, NOFILE 1048576, AS infinity
load average:14.80 9.41 5.46

/proc/meminfo:
MemTotal:        3866512 kB
MemFree:          110136 kB
MemAvailable:      23812 kB
Buffers:             864 kB
Cached:           145996 kB
SwapCached:         2852 kB
Active:          2925024 kB
Inactive:         610624 kB
Active(anon):    2921272 kB
Inactive(anon):   584024 kB
Active(file):       3752 kB
Inactive(file):    26600 kB
Unevictable:         528 kB
Mlocked:             528 kB
SwapTotal:       4012028 kB
SwapFree:          30892 kB
Dirty:                16 kB
Writeback:            16 kB
AnonPages:       3387960 kB
Mapped:            21660 kB
Shmem:            115788 kB
Slab:              92464 kB
SReclaimable:      36932 kB
SUnreclaim:        55532 kB
KernelStack:       14360 kB
PageTables:        63520 kB
NFS_Unstable:          0 kB
Bounce:                0 kB
WritebackTmp:          0 kB
CommitLimit:     5945284 kB
Committed_AS:   12927324 kB
VmallocTotal:   34359738367 kB
VmallocUsed:           0 kB
VmallocChunk:          0 kB
HardwareCorrupted:     0 kB
AnonHugePages:    243712 kB
ShmemHugePages:        0 kB
ShmemPmdMapped:        0 kB
CmaTotal:              0 kB
CmaFree:               0 kB
HugePages_Total:       0
HugePages_Free:        0
HugePages_Rsvd:        0
HugePages_Surp:        0
Hugepagesize:       2048 kB
DirectMap4k:      123604 kB
DirectMap2M:     3891200 kB


CPU:total 4 (initial active 4) (2 cores per cpu, 2 threads per core) family 6 model 42 stepping 7, cmov, cx8, fxsr, mmx, sse, sse2, sse3, ssse3, sse4.1, sse4.2, popcnt, avx, clmul, ht, tsc, tscinvbit

/proc/cpuinfo:
processor	: 0
vendor_id	: GenuineIntel
cpu family	: 6
model		: 42
model name	: Intel(R) Core(TM) i3-2120 CPU @ 3.30GHz
stepping	: 7
microcode	: 0x29
cpu MHz		: 3300.000
cache size	: 3072 KB
physical id	: 0
siblings	: 4
core id		: 0
cpu cores	: 2
apicid		: 0
initial apicid	: 0
fpu		: yes
fpu_exception	: yes
cpuid level	: 13
wp		: yes
flags		: fpu vme de pse tsc msr pae mce cx8 apic sep mtrr pge mca cmov pat pse36 clflush dts acpi mmx fxsr sse sse2 ss ht tm pbe syscall nx rdtscp lm constant_tsc arch_perfmon pebs bts rep_good nopl xtopology nonstop_tsc aperfmperf pni pclmulqdq dtes64 monitor ds_cpl vmx est tm2 ssse3 cx16 xtpr pdcm pcid sse4_1 sse4_2 popcnt tsc_deadline_timer xsave avx lahf_lm epb tpr_shadow vnmi flexpriority ept vpid xsaveopt dtherm arat pln pts
bugs		:
bogomips	: 6583.66
clflush size	: 64
cache_alignment	: 64
address sizes	: 36 bits physical, 48 bits virtual
power management:

processor	: 1
vendor_id	: GenuineIntel
cpu family	: 6
model		: 42
model name	: Intel(R) Core(TM) i3-2120 CPU @ 3.30GHz
stepping	: 7
microcode	: 0x29
cpu MHz		: 3300.000
cache size	: 3072 KB
physical id	: 0
siblings	: 4
core id		: 1
cpu cores	: 2
apicid		: 2
initial apicid	: 2
fpu		: yes
fpu_exception	: yes
cpuid level	: 13
wp		: yes
flags		: fpu vme de pse tsc msr pae mce cx8 apic sep mtrr pge mca cmov pat pse36 clflush dts acpi mmx fxsr sse sse2 ss ht tm pbe syscall nx rdtscp lm constant_tsc arch_perfmon pebs bts rep_good nopl xtopology nonstop_tsc aperfmperf pni pclmulqdq dtes64 monitor ds_cpl vmx est tm2 ssse3 cx16 xtpr pdcm pcid sse4_1 sse4_2 popcnt tsc_deadline_timer xsave avx lahf_lm epb tpr_shadow vnmi flexpriority ept vpid xsaveopt dtherm arat pln pts
bugs		:
bogomips	: 6583.66
clflush size	: 64
cache_alignment	: 64
address sizes	: 36 bits physical, 48 bits virtual
power management:

processor	: 2
vendor_id	: GenuineIntel
cpu family	: 6
model		: 42
model name	: Intel(R) Core(TM) i3-2120 CPU @ 3.30GHz
stepping	: 7
microcode	: 0x29
cpu MHz		: 3299.798
cache size	: 3072 KB
physical id	: 0
siblings	: 4
core id		: 0
cpu cores	: 2
apicid		: 1
initial apicid	: 1
fpu		: yes
fpu_exception	: yes
cpuid level	: 13
wp		: yes
flags		: fpu vme de pse tsc msr pae mce cx8 apic sep mtrr pge mca cmov pat pse36 clflush dts acpi mmx fxsr sse sse2 ss ht tm pbe syscall nx rdtscp lm constant_tsc arch_perfmon pebs bts rep_good nopl xtopology nonstop_tsc aperfmperf pni pclmulqdq dtes64 monitor ds_cpl vmx est tm2 ssse3 cx16 xtpr pdcm pcid sse4_1 sse4_2 popcnt tsc_deadline_timer xsave avx lahf_lm epb tpr_shadow vnmi flexpriority ept vpid xsaveopt dtherm arat pln pts
bugs		:
bogomips	: 6583.66
clflush size	: 64
cache_alignment	: 64
address sizes	: 36 bits physical, 48 bits virtual
power management:

processor	: 3
vendor_id	: GenuineIntel
cpu family	: 6
model		: 42
model name	: Intel(R) Core(TM) i3-2120 CPU @ 3.30GHz
stepping	: 7
microcode	: 0x29
cpu MHz		: 3299.798
cache size	: 3072 KB
physical id	: 0
siblings	: 4
core id		: 1
cpu cores	: 2
apicid		: 3
initial apicid	: 3
fpu		: yes
fpu_exception	: yes
cpuid level	: 13
wp		: yes
flags		: fpu vme de pse tsc msr pae mce cx8 apic sep mtrr pge mca cmov pat pse36 clflush dts acpi mmx fxsr sse sse2 ss ht tm pbe syscall nx rdtscp lm constant_tsc arch_perfmon pebs bts rep_good nopl xtopology nonstop_tsc aperfmperf pni pclmulqdq dtes64 monitor ds_cpl vmx est tm2 ssse3 cx16 xtpr pdcm pcid sse4_1 sse4_2 popcnt tsc_deadline_timer xsave avx lahf_lm epb tpr_shadow vnmi flexpriority ept vpid xsaveopt dtherm arat pln pts
bugs		:
bogomips	: 6583.66
clflush size	: 64
cache_alignment	: 64
address sizes	: 36 bits physical, 48 bits virtual
power management:



Memory: 4k page, physical 3866512k(110136k free), swap 4012028k(30892k free)

vm_info: OpenJDK 64-Bit Server VM (25.152-b01) for linux-amd64 JRE (1.8.0_152-release-915-b01), built by "builder" with gcc 4.8.4

time: Fri Dec 29 10:10:52 2017
elapsed time: 46 seconds (0d 0h 0m 46s)

