#
# There is insufficient memory for the Java Runtime Environment to continue.
# Native memory allocation (mmap) failed to map 68157440 bytes for committing reserved memory.
# Possible reasons:
#   The system is out of physical RAM or swap space
#   In 32 bit mode, the process size limit was hit
# Possible solutions:
#   Reduce memory load on the system
#   Increase physical memory or swap space
#   Check if swap backing store is full
#   Use 64 bit Java on a 64 bit OS
#   Decrease Java heap size (-Xmx/-Xms)
#   Decrease number of Java threads
#   Decrease Java thread stack sizes (-Xss)
#   Set larger code cache with -XX:ReservedCodeCacheSize=
# This output file may be truncated or incomplete.
#
#  Out of Memory Error (os_linux.cpp:2640), pid=11927, tid=0x00007f20004b1700
#
# JRE version: OpenJDK Runtime Environment (8.0_152-b01) (build 1.8.0_152-release-915-b01)
# Java VM: OpenJDK 64-Bit Server VM (25.152-b01 mixed mode linux-amd64 compressed oops)
# Failed to write core dump. Core dumps have been disabled. To enable core dumping, try "ulimit -c unlimited" before starting Java again
#

---------------  T H R E A D  ---------------

Current thread (0x00007f2014078000):  VMThread [stack: 0x00007f20003b1000,0x00007f20004b2000] [id=11937]

Stack: [0x00007f20003b1000,0x00007f20004b2000],  sp=0x00007f20004b04c0,  free space=1021k
Native frames: (J=compiled Java code, j=interpreted, Vv=VM code, C=native code)
V  [libjvm.so+0x9eb15d]  VMError::report_and_die()+0x15d
V  [libjvm.so+0x4b8eaa]  report_vm_out_of_memory(char const*, int, unsigned long, VMErrorType, char const*)+0x8a
V  [libjvm.so+0x851370]  os::pd_commit_memory(char*, unsigned long, unsigned long, bool)+0xf0
V  [libjvm.so+0x84be8f]  os::commit_memory(char*, unsigned long, unsigned long, bool)+0x1f
V  [libjvm.so+0x8c261b]  PSVirtualSpace::expand_by(unsigned long)+0x5b
V  [libjvm.so+0x8c3290]  PSYoungGen::resize_generation(unsigned long, unsigned long)+0xb0
V  [libjvm.so+0x8c35ab]  PSYoungGen::resize(unsigned long, unsigned long)+0x1b
V  [libjvm.so+0x8bfc9c]  PSScavenge::invoke_no_policy()+0xdac
V  [libjvm.so+0x8c0478]  PSScavenge::invoke()+0x38
V  [libjvm.so+0x8748f3]  ParallelScavengeHeap::failed_mem_allocate(unsigned long)+0x63
V  [libjvm.so+0x9ecc84]  VM_ParallelGCFailedAllocation::doit()+0x84
V  [libjvm.so+0x9f1197]  VM_Operation::evaluate()+0x47
V  [libjvm.so+0x9efb78]  VMThread::evaluate_operation(VM_Operation*)+0x2c8
V  [libjvm.so+0x9efff9]  VMThread::loop()+0x219
V  [libjvm.so+0x9f0442]  VMThread::run()+0x72
V  [libjvm.so+0x84e792]  java_start(Thread*)+0xf2

VM_Operation (0x00007f201a7acf00): ParallelGCFailedAllocation, mode: safepoint, requested by thread 0x00007f201400b000


---------------  P R O C E S S  ---------------

Java Threads: ( => current thread )
  0x00007f20140d3800 JavaThread "Service Thread" daemon [_thread_blocked, id=11944, stack(0x00007f1ffb8d5000,0x00007f1ffb9d6000)]
  0x00007f20140be000 JavaThread "C1 CompilerThread2" daemon [_thread_blocked, id=11943, stack(0x00007f1ffb9d6000,0x00007f1ffbad7000)]
  0x00007f20140bc800 JavaThread "C2 CompilerThread1" daemon [_thread_blocked, id=11942, stack(0x00007f1ffbad7000,0x00007f1ffbbd8000)]
  0x00007f20140b9800 JavaThread "C2 CompilerThread0" daemon [_thread_blocked, id=11941, stack(0x00007f1ffbbd8000,0x00007f1ffbcd9000)]
  0x00007f20140b8000 JavaThread "Signal Dispatcher" daemon [_thread_blocked, id=11940, stack(0x00007f20000ae000,0x00007f20001af000)]
  0x00007f2014084800 JavaThread "Finalizer" daemon [_thread_blocked, id=11939, stack(0x00007f20001af000,0x00007f20002b0000)]
  0x00007f2014080000 JavaThread "Reference Handler" daemon [_thread_blocked, id=11938, stack(0x00007f20002b0000,0x00007f20003b1000)]
  0x00007f201400b000 JavaThread "main" [_thread_blocked, id=11932, stack(0x00007f201a6ae000,0x00007f201a7af000)]

Other Threads:
=>0x00007f2014078000 VMThread [stack: 0x00007f20003b1000,0x00007f20004b2000] [id=11937]
  0x00007f20140d5800 WatcherThread [stack: 0x00007f1ffb7d4000,0x00007f1ffb8d5000] [id=11945]

VM state:at safepoint (normal execution)

VM Mutex/Monitor currently owned by a thread:  ([mutex/lock_event])
[0x00007f2014007160] Threads_lock - owner thread: 0x00007f2014078000
[0x00007f2014007660] Heap_lock - owner thread: 0x00007f201400b000

Heap:
 PSYoungGen      total 68608K, used 8687K [0x00000000ec580000, 0x00000000f1280000, 0x0000000100000000)
  eden space 59904K, 0% used [0x00000000ec580000,0x00000000ec580000,0x00000000f0000000)
  from space 8704K, 99% used [0x00000000f0000000,0x00000000f087bc30,0x00000000f0880000)
  to   space 7168K, 0% used [0x00000000f0880000,0x00000000f0880000,0x00000000f0f80000)
 ParOldGen       total 40960K, used 13976K [0x00000000c5000000, 0x00000000c7800000, 0x00000000ec580000)
  object space 40960K, 34% used [0x00000000c5000000,0x00000000c5da61c0,0x00000000c7800000)
 Metaspace       used 3776K, capacity 5144K, committed 5376K, reserved 1056768K
  class space    used 390K, capacity 456K, committed 512K, reserved 1048576K

Card table byte_map: [0x00007f2004214000,0x00007f20043ed000] byte_map_base: 0x00007f2003bec000

Marking Bits: (ParMarkBitMap*) 0x00007f2019b763e0
 Begin Bits: [0x00007f2002090000, 0x00007f2002f50000)
 End Bits:   [0x00007f2002f50000, 0x00007f2003e10000)

Polling page: 0x00007f201a7c9000

CodeCache: size=245760Kb used=3330Kb max_used=3373Kb free=242430Kb
 bounds [0x00007f20047ad000, 0x00007f2004b0d000, 0x00007f20137ad000]
 total_blobs=791 nmethods=543 adapters=163
 compilation: enabled

Compilation events (10 events):
Event: 1.481 Thread 0x00007f20140be000  557       2       com.android.dx.rop.annotation.Annotations::size (8 bytes)
Event: 1.482 Thread 0x00007f20140be000 nmethod 557 0x00007f2004aae490 code [0x00007f2004aae5e0, 0x00007f2004aae730]
Event: 1.501 Thread 0x00007f20140bc800 nmethod 373 0x00007f2004ae6c50 code [0x00007f2004ae7740, 0x00007f2004af0858]
Event: 1.501 Thread 0x00007f20140bc800  554       4       com.android.dx.rop.type.StdTypeList::withFirst (53 bytes)
Event: 1.509 Thread 0x00007f20140bc800 nmethod 554 0x00007f2004aaddd0 code [0x00007f2004aadf40, 0x00007f2004aae258]
Event: 1.509 Thread 0x00007f20140bc800  535       4       com.android.dx.cf.direct.MethodListParser::set (30 bytes)
Event: 1.565 Thread 0x00007f20140be000  563       2       com.android.dx.cf.direct.StdAttributeFactory::deprecated (17 bytes)
Event: 1.566 Thread 0x00007f20140be000 nmethod 563 0x00007f2004aaf5d0 code [0x00007f2004aaf780, 0x00007f2004aafc08]
Event: 1.566 Thread 0x00007f20140be000  564       2       com.android.dx.cf.attrib.AttDeprecated::<init> (7 bytes)
Event: 1.566 Thread 0x00007f20140be000 nmethod 564 0x00007f2004aada90 code [0x00007f2004aadbe0, 0x00007f2004aadd50]

GC Heap History (10 events):
Event: 0.670 GC heap after
Heap after GC invocations=2 (full 0):
 PSYoungGen      total 17920K, used 2557K [0x00000000ec580000, 0x00000000ee880000, 0x0000000100000000)
  eden space 15360K, 0% used [0x00000000ec580000,0x00000000ec580000,0x00000000ed480000)
  from space 2560K, 99% used [0x00000000ed700000,0x00000000ed97f518,0x00000000ed980000)
  to   space 2560K, 0% used [0x00000000ed480000,0x00000000ed480000,0x00000000ed700000)
 ParOldGen       total 40960K, used 888K [0x00000000c5000000, 0x00000000c7800000, 0x00000000ec580000)
  object space 40960K, 2% used [0x00000000c5000000,0x00000000c50de318,0x00000000c7800000)
 Metaspace       used 3704K, capacity 5144K, committed 5376K, reserved 1056768K
  class space    used 385K, capacity 456K, committed 512K, reserved 1048576K
}
Event: 0.818 GC heap before
{Heap before GC invocations=3 (full 0):
 PSYoungGen      total 17920K, used 17917K [0x00000000ec580000, 0x00000000ee880000, 0x0000000100000000)
  eden space 15360K, 100% used [0x00000000ec580000,0x00000000ed480000,0x00000000ed480000)
  from space 2560K, 99% used [0x00000000ed700000,0x00000000ed97f518,0x00000000ed980000)
  to   space 2560K, 0% used [0x00000000ed480000,0x00000000ed480000,0x00000000ed700000)
 ParOldGen       total 40960K, used 888K [0x00000000c5000000, 0x00000000c7800000, 0x00000000ec580000)
  object space 40960K, 2% used [0x00000000c5000000,0x00000000c50de318,0x00000000c7800000)
 Metaspace       used 3737K, capacity 5144K, committed 5376K, reserved 1056768K
  class space    used 386K, capacity 456K, committed 512K, reserved 1048576K
Event: 0.824 GC heap after
Heap after GC invocations=3 (full 0):
 PSYoungGen      total 17920K, used 2548K [0x00000000ec580000, 0x00000000ee880000, 0x0000000100000000)
  eden space 15360K, 0% used [0x00000000ec580000,0x00000000ec580000,0x00000000ed480000)
  from space 2560K, 99% used [0x00000000ed480000,0x00000000ed6fd040,0x00000000ed700000)
  to   space 2560K, 0% used [0x00000000ee600000,0x00000000ee600000,0x00000000ee880000)
 ParOldGen       total 40960K, used 1807K [0x00000000c5000000, 0x00000000c7800000, 0x00000000ec580000)
  object space 40960K, 4% used [0x00000000c5000000,0x00000000c51c3e48,0x00000000c7800000)
 Metaspace       used 3737K, capacity 5144K, committed 5376K, reserved 1056768K
  class space    used 386K, capacity 456K, committed 512K, reserved 1048576K
}
Event: 0.903 GC heap before
{Heap before GC invocations=4 (full 0):
 PSYoungGen      total 17920K, used 17908K [0x00000000ec580000, 0x00000000ee880000, 0x0000000100000000)
  eden space 15360K, 100% used [0x00000000ec580000,0x00000000ed480000,0x00000000ed480000)
  from space 2560K, 99% used [0x00000000ed480000,0x00000000ed6fd040,0x00000000ed700000)
  to   space 2560K, 0% used [0x00000000ee600000,0x00000000ee600000,0x00000000ee880000)
 ParOldGen       total 40960K, used 1807K [0x00000000c5000000, 0x00000000c7800000, 0x00000000ec580000)
  object space 40960K, 4% used [0x00000000c5000000,0x00000000c51c3e48,0x00000000c7800000)
 Metaspace       used 3771K, capacity 5144K, committed 5376K, reserved 1056768K
  class space    used 390K, capacity 456K, committed 512K, reserved 1048576K
Event: 0.911 GC heap after
Heap after GC invocations=4 (full 0):
 PSYoungGen      total 33280K, used 2548K [0x00000000ec580000, 0x00000000ee880000, 0x0000000100000000)
  eden space 30720K, 0% used [0x00000000ec580000,0x00000000ec580000,0x00000000ee380000)
  from space 2560K, 99% used [0x00000000ee600000,0x00000000ee87d040,0x00000000ee880000)
  to   space 2560K, 0% used [0x00000000ee380000,0x00000000ee380000,0x00000000ee600000)
 ParOldGen       total 40960K, used 3428K [0x00000000c5000000, 0x00000000c7800000, 0x00000000ec580000)
  object space 40960K, 8% used [0x00000000c5000000,0x00000000c5359130,0x00000000c7800000)
 Metaspace       used 3771K, capacity 5144K, committed 5376K, reserved 1056768K
  class space    used 390K, capacity 456K, committed 512K, reserved 1048576K
}
Event: 1.099 GC heap before
{Heap before GC invocations=5 (full 0):
 PSYoungGen      total 33280K, used 33267K [0x00000000ec580000, 0x00000000ee880000, 0x0000000100000000)
  eden space 30720K, 99% used [0x00000000ec580000,0x00000000ee37fdf8,0x00000000ee380000)
  from space 2560K, 99% used [0x00000000ee600000,0x00000000ee87d040,0x00000000ee880000)
  to   space 2560K, 0% used [0x00000000ee380000,0x00000000ee380000,0x00000000ee600000)
 ParOldGen       total 40960K, used 3428K [0x00000000c5000000, 0x00000000c7800000, 0x00000000ec580000)
  object space 40960K, 8% used [0x00000000c5000000,0x00000000c5359130,0x00000000c7800000)
 Metaspace       used 3776K, capacity 5144K, committed 5376K, reserved 1056768K
  class space    used 390K, capacity 456K, committed 512K, reserved 1048576K
Event: 1.119 GC heap after
Heap after GC invocations=5 (full 0):
 PSYoungGen      total 33280K, used 2528K [0x00000000ec580000, 0x00000000f0f80000, 0x0000000100000000)
  eden space 30720K, 0% used [0x00000000ec580000,0x00000000ec580000,0x00000000ee380000)
  from space 2560K, 98% used [0x00000000ee380000,0x00000000ee5f8050,0x00000000ee600000)
  to   space 7168K, 0% used [0x00000000f0880000,0x00000000f0880000,0x00000000f0f80000)
 ParOldGen       total 40960K, used 8426K [0x00000000c5000000, 0x00000000c7800000, 0x00000000ec580000)
  object space 40960K, 20% used [0x00000000c5000000,0x00000000c583a890,0x00000000c7800000)
 Metaspace       used 3776K, capacity 5144K, committed 5376K, reserved 1056768K
  class space    used 390K, capacity 456K, committed 512K, reserved 1048576K
}
Event: 1.310 GC heap before
{Heap before GC invocations=6 (full 0):
 PSYoungGen      total 33280K, used 33248K [0x00000000ec580000, 0x00000000f0f80000, 0x0000000100000000)
  eden space 30720K, 100% used [0x00000000ec580000,0x00000000ee380000,0x00000000ee380000)
  from space 2560K, 98% used [0x00000000ee380000,0x00000000ee5f8050,0x00000000ee600000)
  to   space 7168K, 0% used [0x00000000f0880000,0x00000000f0880000,0x00000000f0f80000)
 ParOldGen       total 40960K, used 8426K [0x00000000c5000000, 0x00000000c7800000, 0x00000000ec580000)
  object space 40960K, 20% used [0x00000000c5000000,0x00000000c583a890,0x00000000c7800000)
 Metaspace       used 3776K, capacity 5144K, committed 5376K, reserved 1056768K
  class space    used 390K, capacity 456K, committed 512K, reserved 1048576K
Event: 1.335 GC heap after
Heap after GC invocations=6 (full 0):
 PSYoungGen      total 67072K, used 7024K [0x00000000ec580000, 0x00000000f1280000, 0x0000000100000000)
  eden space 59904K, 0% used [0x00000000ec580000,0x00000000ec580000,0x00000000f0000000)
  from space 7168K, 97% used [0x00000000f0880000,0x00000000f0f5c258,0x00000000f0f80000)
  to   space 8704K, 0% used [0x00000000f0000000,0x00000000f0000000,0x00000000f0880000)
 ParOldGen       total 40960K, used 8434K [0x00000000c5000000, 0x00000000c7800000, 0x00000000ec580000)
  object space 40960K, 20% used [0x00000000c5000000,0x00000000c583c890,0x00000000c7800000)
 Metaspace       used 3776K, capacity 5144K, committed 5376K, reserved 1056768K
  class space    used 390K, capacity 456K, committed 512K, reserved 1048576K
}
Event: 1.607 GC heap before
{Heap before GC invocations=7 (full 0):
 PSYoungGen      total 67072K, used 66928K [0x00000000ec580000, 0x00000000f1280000, 0x0000000100000000)
  eden space 59904K, 100% used [0x00000000ec580000,0x00000000f0000000,0x00000000f0000000)
  from space 7168K, 97% used [0x00000000f0880000,0x00000000f0f5c258,0x00000000f0f80000)
  to   space 8704K, 0% used [0x00000000f0000000,0x00000000f0000000,0x00000000f0880000)
 ParOldGen       total 40960K, used 8434K [0x00000000c5000000, 0x00000000c7800000, 0x00000000ec580000)
  object space 40960K, 20% used [0x00000000c5000000,0x00000000c583c890,0x00000000c7800000)
 Metaspace       used 3776K, capacity 5144K, committed 5376K, reserved 1056768K
  class space    used 390K, capacity 456K, committed 512K, reserved 1048576K

Deoptimization events (1 events):
Event: 0.604 Thread 0x00007f201400b000 Uncommon trap: reason=unstable_if action=reinterpret pc=0x00007f20049f1f44 method=com.android.dx.cf.direct.StdAttributeFactory.parse0(Lcom/android/dx/cf/direct/DirectClassFile;ILjava/lang/String;IILcom/android/dx/cf/iface/ParseObserver;)Lcom/android/dx/cf

Classes redefined (0 events):
No events

Internal exceptions (2 events):
Event: 0.161 Thread 0x00007f201400b000 Exception <a 'java/lang/NoSuchMethodError': Method sun.misc.Unsafe.defineClass(Ljava/lang/String;[BII)Ljava/lang/Class; name or signature does not match> (0x00000000ec587ca8) thrown at [/ssd/Android/AOSP-openjdk-git/jdk8u/hotspot/src/share/vm/prims/jni.cp
Event: 0.161 Thread 0x00007f201400b000 Exception <a 'java/lang/NoSuchMethodError': Method sun.misc.Unsafe.prefetchRead(Ljava/lang/Object;J)V name or signature does not match> (0x00000000ec587f90) thrown at [/ssd/Android/AOSP-openjdk-git/jdk8u/hotspot/src/share/vm/prims/jni.cpp, line 4011]

Events (10 events):
Event: 1.200 Thread 0x00007f201400b000 DEOPT UNPACKING pc=0x00007f20047f4373 sp=0x00007f201a7ad010 mode 0
Event: 1.212 Thread 0x00007f201400b000 DEOPT PACKING pc=0x00007f20049db1cb sp=0x00007f201a7ad1e0
Event: 1.212 Thread 0x00007f201400b000 DEOPT UNPACKING pc=0x00007f20047f4373 sp=0x00007f201a7ad010 mode 0
Event: 1.225 Thread 0x00007f201400b000 DEOPT PACKING pc=0x00007f20049db1cb sp=0x00007f201a7ad1e0
Event: 1.225 Thread 0x00007f201400b000 DEOPT UNPACKING pc=0x00007f20047f4373 sp=0x00007f201a7ad010 mode 0
Event: 1.240 Thread 0x00007f201400b000 DEOPT PACKING pc=0x00007f20049db1cb sp=0x00007f201a7ad1e0
Event: 1.240 Thread 0x00007f201400b000 DEOPT UNPACKING pc=0x00007f20047f4373 sp=0x00007f201a7ad010 mode 0
Event: 1.310 Executing VM operation: ParallelGCFailedAllocation
Event: 1.335 Executing VM operation: ParallelGCFailedAllocation done
Event: 1.607 Executing VM operation: ParallelGCFailedAllocation


Dynamic libraries:
00400000-00401000 r-xp 00000000 08:05 2895521                            /home/developer/android-studio/jre/bin/java
00600000-00601000 r--p 00000000 08:05 2895521                            /home/developer/android-studio/jre/bin/java
00601000-00602000 rw-p 00001000 08:05 2895521                            /home/developer/android-studio/jre/bin/java
0062c000-0064d000 rw-p 00000000 00:00 0                                  [heap]
c5000000-c7800000 rw-p 00000000 00:00 0 
c7800000-ec580000 ---p 00000000 00:00 0 
ec580000-f1280000 rw-p 00000000 00:00 0 
f5380000-100000000 ---p 00000000 00:00 0 
100000000-100080000 rw-p 00000000 00:00 0 
100080000-140000000 ---p 00000000 00:00 0 
7f1fc4000000-7f1fc4021000 rw-p 00000000 00:00 0 
7f1fc4021000-7f1fc8000000 ---p 00000000 00:00 0 
7f1fcc000000-7f1fcc95a000 rw-p 00000000 00:00 0 
7f1fcc95a000-7f1fd0000000 ---p 00000000 00:00 0 
7f1fd0000000-7f1fd0021000 rw-p 00000000 00:00 0 
7f1fd0021000-7f1fd4000000 ---p 00000000 00:00 0 
7f1fd4000000-7f1fd5032000 rw-p 00000000 00:00 0 
7f1fd5032000-7f1fd8000000 ---p 00000000 00:00 0 
7f1fd8000000-7f1fd8aa6000 rw-p 00000000 00:00 0 
7f1fd8aa6000-7f1fdc000000 ---p 00000000 00:00 0 
7f1fdc000000-7f1fdc021000 rw-p 00000000 00:00 0 
7f1fdc021000-7f1fe0000000 ---p 00000000 00:00 0 
7f1fe0000000-7f1fe0021000 rw-p 00000000 00:00 0 
7f1fe0021000-7f1fe4000000 ---p 00000000 00:00 0 
7f1fe4000000-7f1fe4280000 rw-p 00000000 00:00 0 
7f1fe4280000-7f1fe8000000 ---p 00000000 00:00 0 
7f1fe8000000-7f1fe8021000 rw-p 00000000 00:00 0 
7f1fe8021000-7f1fec000000 ---p 00000000 00:00 0 
7f1fec000000-7f1fec021000 rw-p 00000000 00:00 0 
7f1fec021000-7f1ff0000000 ---p 00000000 00:00 0 
7f1ff0000000-7f1ff0021000 rw-p 00000000 00:00 0 
7f1ff0021000-7f1ff4000000 ---p 00000000 00:00 0 
7f1ff4000000-7f1ff4021000 rw-p 00000000 00:00 0 
7f1ff4021000-7f1ff8000000 ---p 00000000 00:00 0 
7f1ffb6b6000-7f1ffb7d4000 r--s 00b6b000 08:05 4719600                    /home/developer/AndroidStudioProjects/PropertyDODO1/app/build/intermediates/transforms/jarMerging/release/0.jar
7f1ffb7d4000-7f1ffb7d5000 ---p 00000000 00:00 0 
7f1ffb7d5000-7f1ffb8d5000 rw-p 00000000 00:00 0 
7f1ffb8d5000-7f1ffb8d8000 ---p 00000000 00:00 0 
7f1ffb8d8000-7f1ffb9d6000 rw-p 00000000 00:00 0 
7f1ffb9d6000-7f1ffb9d9000 ---p 00000000 00:00 0 
7f1ffb9d9000-7f1ffbad7000 rw-p 00000000 00:00 0 
7f1ffbad7000-7f1ffbada000 ---p 00000000 00:00 0 
7f1ffbada000-7f1ffbbd8000 rw-p 00000000 00:00 0 
7f1ffbbd8000-7f1ffbbdb000 ---p 00000000 00:00 0 
7f1ffbbdb000-7f1ffbcd9000 rw-p 00000000 00:00 0 
7f1ffbcd9000-7f1ffc000000 r--p 00000000 08:05 1318494                    /usr/lib/locale/locale-archive
7f1ffc000000-7f1ffc021000 rw-p 00000000 00:00 0 
7f1ffc021000-7f2000000000 ---p 00000000 00:00 0 
7f2000073000-7f200009f000 rw-p 00000000 00:00 0 
7f200009f000-7f20000ae000 r--s 000ed000 08:05 1327272                    /home/developer/Android/Sdk/build-tools/26.0.2/lib/dx.jar
7f20000ae000-7f20000b1000 ---p 00000000 00:00 0 
7f20000b1000-7f20001af000 rw-p 00000000 00:00 0 
7f20001af000-7f20001b2000 ---p 00000000 00:00 0 
7f20001b2000-7f20002b0000 rw-p 00000000 00:00 0 
7f20002b0000-7f20002b3000 ---p 00000000 00:00 0 
7f20002b3000-7f20003b1000 rw-p 00000000 00:00 0 
7f20003b1000-7f20003b2000 ---p 00000000 00:00 0 
7f20003b2000-7f2001472000 rw-p 00000000 00:00 0 
7f2001472000-7f2001642000 r--s 03c46000 08:05 2381871                    /home/developer/android-studio/jre/jre/lib/rt.jar
7f2001642000-7f2001b78000 rw-p 00000000 00:00 0 
7f2001b78000-7f2001eb8000 ---p 00000000 00:00 0 
7f2001eb8000-7f2003e10000 rw-p 00000000 00:00 0 
7f2003e10000-7f2003e11000 ---p 00000000 00:00 0 
7f2003e11000-7f2003f11000 rw-p 00000000 00:00 0 
7f2003f11000-7f2003f12000 ---p 00000000 00:00 0 
7f2003f12000-7f2004012000 rw-p 00000000 00:00 0 
7f2004012000-7f2004013000 ---p 00000000 00:00 0 
7f2004013000-7f2004113000 rw-p 00000000 00:00 0 
7f2004113000-7f2004114000 ---p 00000000 00:00 0 
7f2004114000-7f2004228000 rw-p 00000000 00:00 0 
7f2004228000-7f200434e000 ---p 00000000 00:00 0 
7f200434e000-7f2004376000 rw-p 00000000 00:00 0 
7f2004376000-7f20043ec000 ---p 00000000 00:00 0 
7f20043ec000-7f20043fb000 rw-p 00000000 00:00 0 
7f20043fb000-7f20047ad000 ---p 00000000 00:00 0 
7f20047ad000-7f2004b0d000 rwxp 00000000 00:00 0 
7f2004b0d000-7f20137ad000 ---p 00000000 00:00 0 
7f20137ad000-7f20137c7000 r-xp 00000000 08:05 2760342                    /home/developer/android-studio/jre/jre/lib/amd64/libzip.so
7f20137c7000-7f20139c7000 ---p 0001a000 08:05 2760342                    /home/developer/android-studio/jre/jre/lib/amd64/libzip.so
7f20139c7000-7f20139c8000 r--p 0001a000 08:05 2760342                    /home/developer/android-studio/jre/jre/lib/amd64/libzip.so
7f20139c8000-7f20139c9000 rw-p 0001b000 08:05 2760342                    /home/developer/android-studio/jre/jre/lib/amd64/libzip.so
7f20139c9000-7f20139d4000 r-xp 00000000 08:05 4987474                    /lib/x86_64-linux-gnu/libnss_files-2.23.so
7f20139d4000-7f2013bd3000 ---p 0000b000 08:05 4987474                    /lib/x86_64-linux-gnu/libnss_files-2.23.so
7f2013bd3000-7f2013bd4000 r--p 0000a000 08:05 4987474                    /lib/x86_64-linux-gnu/libnss_files-2.23.so
7f2013bd4000-7f2013bd5000 rw-p 0000b000 08:05 4987474                    /lib/x86_64-linux-gnu/libnss_files-2.23.so
7f2013bd5000-7f2013bdb000 rw-p 00000000 00:00 0 
7f2013bdb000-7f2013be6000 r-xp 00000000 08:05 4987477                    /lib/x86_64-linux-gnu/libnss_nis-2.23.so
7f2013be6000-7f2013de5000 ---p 0000b000 08:05 4987477                    /lib/x86_64-linux-gnu/libnss_nis-2.23.so
7f2013de5000-7f2013de6000 r--p 0000a000 08:05 4987477                    /lib/x86_64-linux-gnu/libnss_nis-2.23.so
7f2013de6000-7f2013de7000 rw-p 0000b000 08:05 4987477                    /lib/x86_64-linux-gnu/libnss_nis-2.23.so
7f2013de7000-7f2013dfd000 r-xp 00000000 08:05 4987470                    /lib/x86_64-linux-gnu/libnsl-2.23.so
7f2013dfd000-7f2013ffc000 ---p 00016000 08:05 4987470                    /lib/x86_64-linux-gnu/libnsl-2.23.so
7f2013ffc000-7f2013ffd000 r--p 00015000 08:05 4987470                    /lib/x86_64-linux-gnu/libnsl-2.23.so
7f2013ffd000-7f2013ffe000 rw-p 00016000 08:05 4987470                    /lib/x86_64-linux-gnu/libnsl-2.23.so
7f2013ffe000-7f2014000000 rw-p 00000000 00:00 0 
7f2014000000-7f20143ba000 rw-p 00000000 00:00 0 
7f20143ba000-7f2018000000 ---p 00000000 00:00 0 
7f201800b000-7f201801f000 rw-p 00000000 00:00 0 
7f201801f000-7f2018146000 ---p 00000000 00:00 0 
7f2018146000-7f201814e000 r-xp 00000000 08:05 4987483                    /lib/x86_64-linux-gnu/libnss_compat-2.23.so
7f201814e000-7f201834d000 ---p 00008000 08:05 4987483                    /lib/x86_64-linux-gnu/libnss_compat-2.23.so
7f201834d000-7f201834e000 r--p 00007000 08:05 4987483                    /lib/x86_64-linux-gnu/libnss_compat-2.23.so
7f201834e000-7f201834f000 rw-p 00008000 08:05 4987483                    /lib/x86_64-linux-gnu/libnss_compat-2.23.so
7f201834f000-7f201837c000 r-xp 00000000 08:05 2760322                    /home/developer/android-studio/jre/jre/lib/amd64/libjava.so
7f201837c000-7f201857b000 ---p 0002d000 08:05 2760322                    /home/developer/android-studio/jre/jre/lib/amd64/libjava.so
7f201857b000-7f201857c000 r--p 0002c000 08:05 2760322                    /home/developer/android-studio/jre/jre/lib/amd64/libjava.so
7f201857c000-7f201857e000 rw-p 0002d000 08:05 2760322                    /home/developer/android-studio/jre/jre/lib/amd64/libjava.so
7f201857e000-7f201858e000 r-xp 00000000 08:05 2760354                    /home/developer/android-studio/jre/jre/lib/amd64/libverify.so
7f201858e000-7f201878d000 ---p 00010000 08:05 2760354                    /home/developer/android-studio/jre/jre/lib/amd64/libverify.so
7f201878d000-7f201878f000 r--p 0000f000 08:05 2760354                    /home/developer/android-studio/jre/jre/lib/amd64/libverify.so
7f201878f000-7f2018790000 rw-p 00011000 08:05 2760354                    /home/developer/android-studio/jre/jre/lib/amd64/libverify.so
7f2018790000-7f2018797000 r-xp 00000000 08:05 4987479                    /lib/x86_64-linux-gnu/librt-2.23.so
7f2018797000-7f2018996000 ---p 00007000 08:05 4987479                    /lib/x86_64-linux-gnu/librt-2.23.so
7f2018996000-7f2018997000 r--p 00006000 08:05 4987479                    /lib/x86_64-linux-gnu/librt-2.23.so
7f2018997000-7f2018998000 rw-p 00007000 08:05 4987479                    /lib/x86_64-linux-gnu/librt-2.23.so
7f2018998000-7f2018aa0000 r-xp 00000000 08:05 4987488                    /lib/x86_64-linux-gnu/libm-2.23.so
7f2018aa0000-7f2018c9f000 ---p 00108000 08:05 4987488                    /lib/x86_64-linux-gnu/libm-2.23.so
7f2018c9f000-7f2018ca0000 r--p 00107000 08:05 4987488                    /lib/x86_64-linux-gnu/libm-2.23.so
7f2018ca0000-7f2018ca1000 rw-p 00108000 08:05 4987488                    /lib/x86_64-linux-gnu/libm-2.23.so
7f2018ca1000-7f2019899000 r-xp 00000000 08:05 2760341                    /home/developer/android-studio/jre/jre/lib/amd64/server/libjvm.so
7f2019899000-7f2019a99000 ---p 00bf8000 08:05 2760341                    /home/developer/android-studio/jre/jre/lib/amd64/server/libjvm.so
7f2019a99000-7f2019b38000 r--p 00bf8000 08:05 2760341                    /home/developer/android-studio/jre/jre/lib/amd64/server/libjvm.so
7f2019b38000-7f2019b61000 rw-p 00c97000 08:05 2760341                    /home/developer/android-studio/jre/jre/lib/amd64/server/libjvm.so
7f2019b61000-7f2019ba5000 rw-p 00000000 00:00 0 
7f2019ba5000-7f2019bbd000 r-xp 00000000 08:05 4987476                    /lib/x86_64-linux-gnu/libpthread-2.23.so
7f2019bbd000-7f2019dbc000 ---p 00018000 08:05 4987476                    /lib/x86_64-linux-gnu/libpthread-2.23.so
7f2019dbc000-7f2019dbd000 r--p 00017000 08:05 4987476                    /lib/x86_64-linux-gnu/libpthread-2.23.so
7f2019dbd000-7f2019dbe000 rw-p 00018000 08:05 4987476                    /lib/x86_64-linux-gnu/libpthread-2.23.so
7f2019dbe000-7f2019dc2000 rw-p 00000000 00:00 0 
7f2019dc2000-7f2019dc5000 r-xp 00000000 08:05 4987482                    /lib/x86_64-linux-gnu/libdl-2.23.so
7f2019dc5000-7f2019fc4000 ---p 00003000 08:05 4987482                    /lib/x86_64-linux-gnu/libdl-2.23.so
7f2019fc4000-7f2019fc5000 r--p 00002000 08:05 4987482                    /lib/x86_64-linux-gnu/libdl-2.23.so
7f2019fc5000-7f2019fc6000 rw-p 00003000 08:05 4987482                    /lib/x86_64-linux-gnu/libdl-2.23.so
7f2019fc6000-7f201a186000 r-xp 00000000 08:05 4987493                    /lib/x86_64-linux-gnu/libc-2.23.so
7f201a186000-7f201a386000 ---p 001c0000 08:05 4987493                    /lib/x86_64-linux-gnu/libc-2.23.so
7f201a386000-7f201a38a000 r--p 001c0000 08:05 4987493                    /lib/x86_64-linux-gnu/libc-2.23.so
7f201a38a000-7f201a38c000 rw-p 001c4000 08:05 4987493                    /lib/x86_64-linux-gnu/libc-2.23.so
7f201a38c000-7f201a390000 rw-p 00000000 00:00 0 
7f201a390000-7f201a3a6000 r-xp 00000000 08:05 2381842                    /home/developer/android-studio/jre/lib/amd64/jli/libjli.so
7f201a3a6000-7f201a5a5000 ---p 00016000 08:05 2381842                    /home/developer/android-studio/jre/lib/amd64/jli/libjli.so
7f201a5a5000-7f201a5a6000 r--p 00015000 08:05 2381842                    /home/developer/android-studio/jre/lib/amd64/jli/libjli.so
7f201a5a6000-7f201a5a7000 rw-p 00016000 08:05 2381842                    /home/developer/android-studio/jre/lib/amd64/jli/libjli.so
7f201a5a7000-7f201a5cd000 r-xp 00000000 08:05 4987471                    /lib/x86_64-linux-gnu/ld-2.23.so
7f201a5d6000-7f201a6ae000 rw-p 00000000 00:00 0 
7f201a6ae000-7f201a6b1000 ---p 00000000 00:00 0 
7f201a6b1000-7f201a7b3000 rw-p 00000000 00:00 0 
7f201a7b7000-7f201a7c0000 r--s 00029000 08:05 4720280                    /home/developer/AndroidStudioProjects/PropertyDODO1/app/build/intermediates/multi-dex/release/componentClasses.jar
7f201a7c0000-7f201a7c8000 rw-s 00000000 08:05 1193144                    /tmp/hsperfdata_developer/11927
7f201a7c8000-7f201a7c9000 rw-p 00000000 00:00 0 
7f201a7c9000-7f201a7ca000 ---p 00000000 00:00 0 
7f201a7ca000-7f201a7cc000 rw-p 00000000 00:00 0 
7f201a7cc000-7f201a7cd000 r--p 00025000 08:05 4987471                    /lib/x86_64-linux-gnu/ld-2.23.so
7f201a7cd000-7f201a7ce000 rw-p 00026000 08:05 4987471                    /lib/x86_64-linux-gnu/ld-2.23.so
7f201a7ce000-7f201a7cf000 rw-p 00000000 00:00 0 
7ffca90b1000-7ffca90d3000 rw-p 00000000 00:00 0                          [stack]
7ffca90fc000-7ffca90fe000 r--p 00000000 00:00 0                          [vvar]
7ffca90fe000-7ffca9100000 r-xp 00000000 00:00 0                          [vdso]
ffffffffff600000-ffffffffff601000 r-xp 00000000 00:00 0                  [vsyscall]

VM Arguments:
jvm_args: -Djava.awt.headless=true -Dfile.encoding=UTF-8 -Duser.country=US -Duser.language=en -Duser.variant 
java_command: com.android.multidex.ClassReferenceListBuilder /home/developer/AndroidStudioProjects/PropertyDODO1/app/build/intermediates/multi-dex/release/componentClasses.jar /home/developer/AndroidStudioProjects/PropertyDODO1/app/build/intermediates/transforms/jarMerging/release/0.jar
java_class_path (initial): /home/developer/Android/Sdk/build-tools/26.0.2/lib/dx.jar
Launcher Type: SUN_STANDARD

Environment Variables:
JAVA_HOME=/usr/lib/jvm/java-8-oracle
PATH=/home/developer/bin:/home/developer/.local/bin:/usr/local/sbin:/usr/local/bin:/usr/sbin:/usr/bin:/sbin:/bin:/usr/games:/usr/local/games:/snap/bin:/usr/lib/jvm/java-8-oracle/bin:/usr/lib/jvm/java-8-oracle/db/bin:/usr/lib/jvm/java-8-oracle/jre/bin
LD_LIBRARY_PATH=.:
SHELL=/bin/bash
DISPLAY=:0

Signal Handlers:
SIGSEGV: [libjvm.so+0x9ebc60], sa_mask[0]=11111111011111111101111111111110, sa_flags=SA_RESTART|SA_SIGINFO
SIGBUS: [libjvm.so+0x9ebc60], sa_mask[0]=11111111011111111101111111111110, sa_flags=SA_RESTART|SA_SIGINFO
SIGFPE: [libjvm.so+0x84cf60], sa_mask[0]=11111111011111111101111111111110, sa_flags=SA_RESTART|SA_SIGINFO
SIGPIPE: [libjvm.so+0x84cf60], sa_mask[0]=11111111011111111101111111111110, sa_flags=SA_RESTART|SA_SIGINFO
SIGXFSZ: [libjvm.so+0x84cf60], sa_mask[0]=11111111011111111101111111111110, sa_flags=SA_RESTART|SA_SIGINFO
SIGILL: [libjvm.so+0x84cf60], sa_mask[0]=11111111011111111101111111111110, sa_flags=SA_RESTART|SA_SIGINFO
SIGUSR1: SIG_DFL, sa_mask[0]=00000000000000000000000000000000, sa_flags=none
SIGUSR2: [libjvm.so+0x84ce30], sa_mask[0]=00100000000000000000000000000000, sa_flags=SA_RESTART|SA_SIGINFO
SIGHUP: [libjvm.so+0x84d020], sa_mask[0]=11111111011111111101111111111110, sa_flags=SA_RESTART|SA_SIGINFO
SIGINT: [libjvm.so+0x84d020], sa_mask[0]=11111111011111111101111111111110, sa_flags=SA_RESTART|SA_SIGINFO
SIGTERM: [libjvm.so+0x84d020], sa_mask[0]=11111111011111111101111111111110, sa_flags=SA_RESTART|SA_SIGINFO
SIGQUIT: [libjvm.so+0x84d020], sa_mask[0]=11111111011111111101111111111110, sa_flags=SA_RESTART|SA_SIGINFO


---------------  S Y S T E M  ---------------

OS:DISTRIB_ID=Ubuntu
DISTRIB_RELEASE=16.04
DISTRIB_CODENAME=xenial
DISTRIB_DESCRIPTION="Ubuntu 16.04.3 LTS"

uname:Linux 4.10.0-42-generic #46~16.04.1-Ubuntu SMP Mon Dec 4 15:57:59 UTC 2017 x86_64
libc:glibc 2.23 NPTL 2.23 
rlimit: STACK 8192k, CORE 0k, NPROC 14928, NOFILE 1048576, AS infinity
load average:2.36 1.64 1.65

/proc/meminfo:
MemTotal:        3866524 kB
MemFree:           99940 kB
MemAvailable:      17200 kB
Buffers:            1148 kB
Cached:           208384 kB
SwapCached:         3136 kB
Active:          2927700 kB
Inactive:         602280 kB
Active(anon):    2909752 kB
Inactive(anon):   587496 kB
Active(file):      17948 kB
Inactive(file):    14784 kB
Unevictable:         296 kB
Mlocked:             296 kB
SwapTotal:       4012028 kB
SwapFree:            112 kB
Dirty:               156 kB
Writeback:             0 kB
AnonPages:       3319588 kB
Mapped:            64144 kB
Shmem:            176108 kB
Slab:              98056 kB
SReclaimable:      41720 kB
SUnreclaim:        56336 kB
KernelStack:       15376 kB
PageTables:        66336 kB
NFS_Unstable:          0 kB
Bounce:                0 kB
WritebackTmp:          0 kB
CommitLimit:     5945288 kB
Committed_AS:   14099788 kB
VmallocTotal:   34359738367 kB
VmallocUsed:           0 kB
VmallocChunk:          0 kB
HardwareCorrupted:     0 kB
AnonHugePages:    475136 kB
ShmemHugePages:        0 kB
ShmemPmdMapped:        0 kB
CmaTotal:              0 kB
CmaFree:               0 kB
HugePages_Total:       0
HugePages_Free:        0
HugePages_Rsvd:        0
HugePages_Surp:        0
Hugepagesize:       2048 kB
DirectMap4k:      203476 kB
DirectMap2M:     3811328 kB


CPU:total 4 (initial active 4) (2 cores per cpu, 2 threads per core) family 6 model 42 stepping 7, cmov, cx8, fxsr, mmx, sse, sse2, sse3, ssse3, sse4.1, sse4.2, popcnt, avx, clmul, ht, tsc, tscinvbit

/proc/cpuinfo:
processor	: 0
vendor_id	: GenuineIntel
cpu family	: 6
model		: 42
model name	: Intel(R) Core(TM) i3-2120 CPU @ 3.30GHz
stepping	: 7
microcode	: 0x29
cpu MHz		: 3299.798
cache size	: 3072 KB
physical id	: 0
siblings	: 4
core id		: 0
cpu cores	: 2
apicid		: 0
initial apicid	: 0
fpu		: yes
fpu_exception	: yes
cpuid level	: 13
wp		: yes
flags		: fpu vme de pse tsc msr pae mce cx8 apic sep mtrr pge mca cmov pat pse36 clflush dts acpi mmx fxsr sse sse2 ss ht tm pbe syscall nx rdtscp lm constant_tsc arch_perfmon pebs bts rep_good nopl xtopology nonstop_tsc aperfmperf pni pclmulqdq dtes64 monitor ds_cpl vmx est tm2 ssse3 cx16 xtpr pdcm pcid sse4_1 sse4_2 popcnt tsc_deadline_timer xsave avx lahf_lm epb tpr_shadow vnmi flexpriority ept vpid xsaveopt dtherm arat pln pts
bugs		:
bogomips	: 6585.39
clflush size	: 64
cache_alignment	: 64
address sizes	: 36 bits physical, 48 bits virtual
power management:

processor	: 1
vendor_id	: GenuineIntel
cpu family	: 6
model		: 42
model name	: Intel(R) Core(TM) i3-2120 CPU @ 3.30GHz
stepping	: 7
microcode	: 0x29
cpu MHz		: 3300.000
cache size	: 3072 KB
physical id	: 0
siblings	: 4
core id		: 1
cpu cores	: 2
apicid		: 2
initial apicid	: 2
fpu		: yes
fpu_exception	: yes
cpuid level	: 13
wp		: yes
flags		: fpu vme de pse tsc msr pae mce cx8 apic sep mtrr pge mca cmov pat pse36 clflush dts acpi mmx fxsr sse sse2 ss ht tm pbe syscall nx rdtscp lm constant_tsc arch_perfmon pebs bts rep_good nopl xtopology nonstop_tsc aperfmperf pni pclmulqdq dtes64 monitor ds_cpl vmx est tm2 ssse3 cx16 xtpr pdcm pcid sse4_1 sse4_2 popcnt tsc_deadline_timer xsave avx lahf_lm epb tpr_shadow vnmi flexpriority ept vpid xsaveopt dtherm arat pln pts
bugs		:
bogomips	: 6585.39
clflush size	: 64
cache_alignment	: 64
address sizes	: 36 bits physical, 48 bits virtual
power management:

processor	: 2
vendor_id	: GenuineIntel
cpu family	: 6
model		: 42
model name	: Intel(R) Core(TM) i3-2120 CPU @ 3.30GHz
stepping	: 7
microcode	: 0x29
cpu MHz		: 3300.000
cache size	: 3072 KB
physical id	: 0
siblings	: 4
core id		: 0
cpu cores	: 2
apicid		: 1
initial apicid	: 1
fpu		: yes
fpu_exception	: yes
cpuid level	: 13
wp		: yes
flags		: fpu vme de pse tsc msr pae mce cx8 apic sep mtrr pge mca cmov pat pse36 clflush dts acpi mmx fxsr sse sse2 ss ht tm pbe syscall nx rdtscp lm constant_tsc arch_perfmon pebs bts rep_good nopl xtopology nonstop_tsc aperfmperf pni pclmulqdq dtes64 monitor ds_cpl vmx est tm2 ssse3 cx16 xtpr pdcm pcid sse4_1 sse4_2 popcnt tsc_deadline_timer xsave avx lahf_lm epb tpr_shadow vnmi flexpriority ept vpid xsaveopt dtherm arat pln pts
bugs		:
bogomips	: 6585.39
clflush size	: 64
cache_alignment	: 64
address sizes	: 36 bits physical, 48 bits virtual
power management:

processor	: 3
vendor_id	: GenuineIntel
cpu family	: 6
model		: 42
model name	: Intel(R) Core(TM) i3-2120 CPU @ 3.30GHz
stepping	: 7
microcode	: 0x29
cpu MHz		: 3299.798
cache size	: 3072 KB
physical id	: 0
siblings	: 4
core id		: 1
cpu cores	: 2
apicid		: 3
initial apicid	: 3
fpu		: yes
fpu_exception	: yes
cpuid level	: 13
wp		: yes
flags		: fpu vme de pse tsc msr pae mce cx8 apic sep mtrr pge mca cmov pat pse36 clflush dts acpi mmx fxsr sse sse2 ss ht tm pbe syscall nx rdtscp lm constant_tsc arch_perfmon pebs bts rep_good nopl xtopology nonstop_tsc aperfmperf pni pclmulqdq dtes64 monitor ds_cpl vmx est tm2 ssse3 cx16 xtpr pdcm pcid sse4_1 sse4_2 popcnt tsc_deadline_timer xsave avx lahf_lm epb tpr_shadow vnmi flexpriority ept vpid xsaveopt dtherm arat pln pts
bugs		:
bogomips	: 6585.39
clflush size	: 64
cache_alignment	: 64
address sizes	: 36 bits physical, 48 bits virtual
power management:



Memory: 4k page, physical 3866524k(101124k free), swap 4012028k(132k free)

vm_info: OpenJDK 64-Bit Server VM (25.152-b01) for linux-amd64 JRE (1.8.0_152-release-915-b01), built by "builder" with gcc 4.8.4

time: Wed Dec 27 17:33:06 2017
elapsed time: 1 seconds (0d 0h 0m 1s)

