#
# There is insufficient memory for the Java Runtime Environment to continue.
# Native memory allocation (mmap) failed to map 69206016 bytes for committing reserved memory.
# Possible reasons:
#   The system is out of physical RAM or swap space
#   In 32 bit mode, the process size limit was hit
# Possible solutions:
#   Reduce memory load on the system
#   Increase physical memory or swap space
#   Check if swap backing store is full
#   Use 64 bit Java on a 64 bit OS
#   Decrease Java heap size (-Xmx/-Xms)
#   Decrease number of Java threads
#   Decrease Java thread stack sizes (-Xss)
#   Set larger code cache with -XX:ReservedCodeCacheSize=
# This output file may be truncated or incomplete.
#
#  Out of Memory Error (os_linux.cpp:2640), pid=13174, tid=0x00007f9d18397700
#
# JRE version: OpenJDK Runtime Environment (8.0_152-b01) (build 1.8.0_152-release-915-b01)
# Java VM: OpenJDK 64-Bit Server VM (25.152-b01 mixed mode linux-amd64 compressed oops)
# Failed to write core dump. Core dumps have been disabled. To enable core dumping, try "ulimit -c unlimited" before starting Java again
#

---------------  T H R E A D  ---------------

Current thread (0x00007f9d2c078000):  VMThread [stack: 0x00007f9d18297000,0x00007f9d18398000] [id=13184]

Stack: [0x00007f9d18297000,0x00007f9d18398000],  sp=0x00007f9d183964c0,  free space=1021k
Native frames: (J=compiled Java code, j=interpreted, Vv=VM code, C=native code)
V  [libjvm.so+0x9eb15d]  VMError::report_and_die()+0x15d
V  [libjvm.so+0x4b8eaa]  report_vm_out_of_memory(char const*, int, unsigned long, VMErrorType, char const*)+0x8a
V  [libjvm.so+0x851370]  os::pd_commit_memory(char*, unsigned long, unsigned long, bool)+0xf0
V  [libjvm.so+0x84be8f]  os::commit_memory(char*, unsigned long, unsigned long, bool)+0x1f
V  [libjvm.so+0x8c261b]  PSVirtualSpace::expand_by(unsigned long)+0x5b
V  [libjvm.so+0x8c3290]  PSYoungGen::resize_generation(unsigned long, unsigned long)+0xb0
V  [libjvm.so+0x8c35ab]  PSYoungGen::resize(unsigned long, unsigned long)+0x1b
V  [libjvm.so+0x8bfc9c]  PSScavenge::invoke_no_policy()+0xdac
V  [libjvm.so+0x8c0478]  PSScavenge::invoke()+0x38
V  [libjvm.so+0x8748f3]  ParallelScavengeHeap::failed_mem_allocate(unsigned long)+0x63
V  [libjvm.so+0x9ecc84]  VM_ParallelGCFailedAllocation::doit()+0x84
V  [libjvm.so+0x9f1197]  VM_Operation::evaluate()+0x47
V  [libjvm.so+0x9efb78]  VMThread::evaluate_operation(VM_Operation*)+0x2c8
V  [libjvm.so+0x9efff9]  VMThread::loop()+0x219
V  [libjvm.so+0x9f0442]  VMThread::run()+0x72
V  [libjvm.so+0x84e792]  java_start(Thread*)+0xf2

VM_Operation (0x00007f9d3269ee70): ParallelGCFailedAllocation, mode: safepoint, requested by thread 0x00007f9d2c00b000


---------------  P R O C E S S  ---------------

Java Threads: ( => current thread )
  0x00007f9d2c0c9000 JavaThread "Service Thread" daemon [_thread_blocked, id=13191, stack(0x00007f9d0b7d4000,0x00007f9d0b8d5000)]
  0x00007f9d2c0be000 JavaThread "C1 CompilerThread2" daemon [_thread_blocked, id=13190, stack(0x00007f9d0b8d5000,0x00007f9d0b9d6000)]
  0x00007f9d2c0bc800 JavaThread "C2 CompilerThread1" daemon [_thread_blocked, id=13189, stack(0x00007f9d0b9d6000,0x00007f9d0bad7000)]
  0x00007f9d2c0b9800 JavaThread "C2 CompilerThread0" daemon [_thread_blocked, id=13188, stack(0x00007f9d0bad7000,0x00007f9d0bbd8000)]
  0x00007f9d2c0b8000 JavaThread "Signal Dispatcher" daemon [_thread_blocked, id=13187, stack(0x00007f9d0bbd8000,0x00007f9d0bcd9000)]
  0x00007f9d2c084800 JavaThread "Finalizer" daemon [_thread_blocked, id=13186, stack(0x00007f9d18095000,0x00007f9d18196000)]
  0x00007f9d2c080000 JavaThread "Reference Handler" daemon [_thread_blocked, id=13185, stack(0x00007f9d18196000,0x00007f9d18297000)]
  0x00007f9d2c00b000 JavaThread "main" [_thread_blocked, id=13179, stack(0x00007f9d325a0000,0x00007f9d326a1000)]

Other Threads:
=>0x00007f9d2c078000 VMThread [stack: 0x00007f9d18297000,0x00007f9d18398000] [id=13184]
  0x00007f9d2c0cb800 WatcherThread [stack: 0x00007f9d0b6d3000,0x00007f9d0b7d4000] [id=13192]

VM state:at safepoint (normal execution)

VM Mutex/Monitor currently owned by a thread:  ([mutex/lock_event])
[0x00007f9d2c007160] Threads_lock - owner thread: 0x00007f9d2c078000
[0x00007f9d2c007660] Heap_lock - owner thread: 0x00007f9d2c00b000

Heap:
 PSYoungGen      total 69120K, used 8690K [0x00000000ec580000, 0x00000000f1280000, 0x0000000100000000)
  eden space 60416K, 0% used [0x00000000ec580000,0x00000000ec580000,0x00000000f0080000)
  from space 8704K, 99% used [0x00000000f0080000,0x00000000f08fc838,0x00000000f0900000)
  to   space 7680K, 0% used [0x00000000f0900000,0x00000000f0900000,0x00000000f1080000)
 ParOldGen       total 40960K, used 13931K [0x00000000c5000000, 0x00000000c7800000, 0x00000000ec580000)
  object space 40960K, 34% used [0x00000000c5000000,0x00000000c5d9adc8,0x00000000c7800000)
 Metaspace       used 3780K, capacity 5144K, committed 5376K, reserved 1056768K
  class space    used 390K, capacity 456K, committed 512K, reserved 1048576K

Card table byte_map: [0x00007f9d1c214000,0x00007f9d1c3ed000] byte_map_base: 0x00007f9d1bbec000

Marking Bits: (ParMarkBitMap*) 0x00007f9d31a683e0
 Begin Bits: [0x00007f9d19f55000, 0x00007f9d1ae15000)
 End Bits:   [0x00007f9d1ae15000, 0x00007f9d1bcd5000)

Polling page: 0x00007f9d326bb000

CodeCache: size=245760Kb used=3378Kb max_used=3397Kb free=242381Kb
 bounds [0x00007f9d1c7ad000, 0x00007f9d1cb0d000, 0x00007f9d2b7ad000]
 total_blobs=806 nmethods=558 adapters=163
 compilation: enabled

Compilation events (10 events):
Event: 1.582 Thread 0x00007f9d2c0bc800  579   !   4       com.android.dx.cf.cst.ConstantPoolParser::determineOffsets (279 bytes)
Event: 1.588 Thread 0x00007f9d2c0bc800 nmethod 579 0x00007f9d1cae8f90 code [0x00007f9d1cae91c0, 0x00007f9d1cae9578]
Event: 1.588 Thread 0x00007f9d2c0bc800  580       4       com.android.dx.cf.cst.ConstantPoolParser::parse (365 bytes)
Event: 1.609 Thread 0x00007f9d2c0bc800 nmethod 580 0x00007f9d1cae7090 code [0x00007f9d1cae7300, 0x00007f9d1cae7968]
Event: 1.609 Thread 0x00007f9d2c0bc800  582       4       com.android.dx.rop.type.StdTypeList::withFirst (53 bytes)
Event: 1.615 Thread 0x00007f9d2c0bc800 nmethod 582 0x00007f9d1caeb410 code [0x00007f9d1caeb580, 0x00007f9d1caeb898]
Event: 1.615 Thread 0x00007f9d2c0bc800  558   !   4       java.util.concurrent.ConcurrentHashMap::putVal (362 bytes)
Event: 1.641 Thread 0x00007f9d2c0bc800 nmethod 558 0x00007f9d1caffdd0 code [0x00007f9d1cafffc0, 0x00007f9d1cb00dc0]
Event: 1.641 Thread 0x00007f9d2c0bc800  583       4       com.android.dx.cf.direct.StdAttributeFactory::code (613 bytes)
Event: 1.757 Thread 0x00007f9d2c0be000  588       2       com.android.dx.cf.direct.AnnotationParser::parseConstant (74 bytes)

GC Heap History (10 events):
Event: 0.649 GC heap after
Heap after GC invocations=2 (full 0):
 PSYoungGen      total 17920K, used 2554K [0x00000000ec580000, 0x00000000ee880000, 0x0000000100000000)
  eden space 15360K, 0% used [0x00000000ec580000,0x00000000ec580000,0x00000000ed480000)
  from space 2560K, 99% used [0x00000000ed700000,0x00000000ed97e948,0x00000000ed980000)
  to   space 2560K, 0% used [0x00000000ed480000,0x00000000ed480000,0x00000000ed700000)
 ParOldGen       total 40960K, used 463K [0x00000000c5000000, 0x00000000c7800000, 0x00000000ec580000)
  object space 40960K, 1% used [0x00000000c5000000,0x00000000c5073c40,0x00000000c7800000)
 Metaspace       used 3721K, capacity 5144K, committed 5376K, reserved 1056768K
  class space    used 386K, capacity 456K, committed 512K, reserved 1048576K
}
Event: 0.810 GC heap before
{Heap before GC invocations=3 (full 0):
 PSYoungGen      total 17920K, used 17914K [0x00000000ec580000, 0x00000000ee880000, 0x0000000100000000)
  eden space 15360K, 100% used [0x00000000ec580000,0x00000000ed480000,0x00000000ed480000)
  from space 2560K, 99% used [0x00000000ed700000,0x00000000ed97e948,0x00000000ed980000)
  to   space 2560K, 0% used [0x00000000ed480000,0x00000000ed480000,0x00000000ed700000)
 ParOldGen       total 40960K, used 463K [0x00000000c5000000, 0x00000000c7800000, 0x00000000ec580000)
  object space 40960K, 1% used [0x00000000c5000000,0x00000000c5073c40,0x00000000c7800000)
 Metaspace       used 3753K, capacity 5144K, committed 5376K, reserved 1056768K
  class space    used 386K, capacity 456K, committed 512K, reserved 1048576K
Event: 0.818 GC heap after
Heap after GC invocations=3 (full 0):
 PSYoungGen      total 17920K, used 2530K [0x00000000ec580000, 0x00000000ee880000, 0x0000000100000000)
  eden space 15360K, 0% used [0x00000000ec580000,0x00000000ec580000,0x00000000ed480000)
  from space 2560K, 98% used [0x00000000ed480000,0x00000000ed6f8970,0x00000000ed700000)
  to   space 2560K, 0% used [0x00000000ee600000,0x00000000ee600000,0x00000000ee880000)
 ParOldGen       total 40960K, used 1656K [0x00000000c5000000, 0x00000000c7800000, 0x00000000ec580000)
  object space 40960K, 4% used [0x00000000c5000000,0x00000000c519e280,0x00000000c7800000)
 Metaspace       used 3753K, capacity 5144K, committed 5376K, reserved 1056768K
  class space    used 386K, capacity 456K, committed 512K, reserved 1048576K
}
Event: 0.957 GC heap before
{Heap before GC invocations=4 (full 0):
 PSYoungGen      total 17920K, used 17890K [0x00000000ec580000, 0x00000000ee880000, 0x0000000100000000)
  eden space 15360K, 100% used [0x00000000ec580000,0x00000000ed480000,0x00000000ed480000)
  from space 2560K, 98% used [0x00000000ed480000,0x00000000ed6f8970,0x00000000ed700000)
  to   space 2560K, 0% used [0x00000000ee600000,0x00000000ee600000,0x00000000ee880000)
 ParOldGen       total 40960K, used 1656K [0x00000000c5000000, 0x00000000c7800000, 0x00000000ec580000)
  object space 40960K, 4% used [0x00000000c5000000,0x00000000c519e280,0x00000000c7800000)
 Metaspace       used 3775K, capacity 5144K, committed 5376K, reserved 1056768K
  class space    used 390K, capacity 456K, committed 512K, reserved 1048576K
Event: 0.973 GC heap after
Heap after GC invocations=4 (full 0):
 PSYoungGen      total 33280K, used 2548K [0x00000000ec580000, 0x00000000ee880000, 0x0000000100000000)
  eden space 30720K, 0% used [0x00000000ec580000,0x00000000ec580000,0x00000000ee380000)
  from space 2560K, 99% used [0x00000000ee600000,0x00000000ee87d060,0x00000000ee880000)
  to   space 2560K, 0% used [0x00000000ee380000,0x00000000ee380000,0x00000000ee600000)
 ParOldGen       total 40960K, used 3041K [0x00000000c5000000, 0x00000000c7800000, 0x00000000ec580000)
  object space 40960K, 7% used [0x00000000c5000000,0x00000000c52f85c0,0x00000000c7800000)
 Metaspace       used 3775K, capacity 5144K, committed 5376K, reserved 1056768K
  class space    used 390K, capacity 456K, committed 512K, reserved 1048576K
}
Event: 1.097 GC heap before
{Heap before GC invocations=5 (full 0):
 PSYoungGen      total 33280K, used 33268K [0x00000000ec580000, 0x00000000ee880000, 0x0000000100000000)
  eden space 30720K, 100% used [0x00000000ec580000,0x00000000ee380000,0x00000000ee380000)
  from space 2560K, 99% used [0x00000000ee600000,0x00000000ee87d060,0x00000000ee880000)
  to   space 2560K, 0% used [0x00000000ee380000,0x00000000ee380000,0x00000000ee600000)
 ParOldGen       total 40960K, used 3041K [0x00000000c5000000, 0x00000000c7800000, 0x00000000ec580000)
  object space 40960K, 7% used [0x00000000c5000000,0x00000000c52f85c0,0x00000000c7800000)
 Metaspace       used 3779K, capacity 5144K, committed 5376K, reserved 1056768K
  class space    used 390K, capacity 456K, committed 512K, reserved 1048576K
Event: 1.136 GC heap after
Heap after GC invocations=5 (full 0):
 PSYoungGen      total 33280K, used 2528K [0x00000000ec580000, 0x00000000f1080000, 0x0000000100000000)
  eden space 30720K, 0% used [0x00000000ec580000,0x00000000ec580000,0x00000000ee380000)
  from space 2560K, 98% used [0x00000000ee380000,0x00000000ee5f8050,0x00000000ee600000)
  to   space 7680K, 0% used [0x00000000f0900000,0x00000000f0900000,0x00000000f1080000)
 ParOldGen       total 40960K, used 8381K [0x00000000c5000000, 0x00000000c7800000, 0x00000000ec580000)
  object space 40960K, 20% used [0x00000000c5000000,0x00000000c582f658,0x00000000c7800000)
 Metaspace       used 3779K, capacity 5144K, committed 5376K, reserved 1056768K
  class space    used 390K, capacity 456K, committed 512K, reserved 1048576K
}
Event: 1.314 GC heap before
{Heap before GC invocations=6 (full 0):
 PSYoungGen      total 33280K, used 33248K [0x00000000ec580000, 0x00000000f1080000, 0x0000000100000000)
  eden space 30720K, 100% used [0x00000000ec580000,0x00000000ee380000,0x00000000ee380000)
  from space 2560K, 98% used [0x00000000ee380000,0x00000000ee5f8050,0x00000000ee600000)
  to   space 7680K, 0% used [0x00000000f0900000,0x00000000f0900000,0x00000000f1080000)
 ParOldGen       total 40960K, used 8381K [0x00000000c5000000, 0x00000000c7800000, 0x00000000ec580000)
  object space 40960K, 20% used [0x00000000c5000000,0x00000000c582f658,0x00000000c7800000)
 Metaspace       used 3780K, capacity 5144K, committed 5376K, reserved 1056768K
  class space    used 390K, capacity 456K, committed 512K, reserved 1048576K
Event: 1.395 GC heap after
Heap after GC invocations=6 (full 0):
 PSYoungGen      total 68096K, used 6703K [0x00000000ec580000, 0x00000000f1280000, 0x0000000100000000)
  eden space 60416K, 0% used [0x00000000ec580000,0x00000000ec580000,0x00000000f0080000)
  from space 7680K, 87% used [0x00000000f0900000,0x00000000f0f8bd40,0x00000000f1080000)
  to   space 8704K, 0% used [0x00000000f0080000,0x00000000f0080000,0x00000000f0900000)
 ParOldGen       total 40960K, used 8381K [0x00000000c5000000, 0x00000000c7800000, 0x00000000ec580000)
  object space 40960K, 20% used [0x00000000c5000000,0x00000000c582f658,0x00000000c7800000)
 Metaspace       used 3780K, capacity 5144K, committed 5376K, reserved 1056768K
  class space    used 390K, capacity 456K, committed 512K, reserved 1048576K
}
Event: 1.764 GC heap before
{Heap before GC invocations=7 (full 0):
 PSYoungGen      total 68096K, used 67119K [0x00000000ec580000, 0x00000000f1280000, 0x0000000100000000)
  eden space 60416K, 100% used [0x00000000ec580000,0x00000000f0080000,0x00000000f0080000)
  from space 7680K, 87% used [0x00000000f0900000,0x00000000f0f8bd40,0x00000000f1080000)
  to   space 8704K, 0% used [0x00000000f0080000,0x00000000f0080000,0x00000000f0900000)
 ParOldGen       total 40960K, used 8381K [0x00000000c5000000, 0x00000000c7800000, 0x00000000ec580000)
  object space 40960K, 20% used [0x00000000c5000000,0x00000000c582f658,0x00000000c7800000)
 Metaspace       used 3780K, capacity 5144K, committed 5376K, reserved 1056768K
  class space    used 390K, capacity 456K, committed 512K, reserved 1048576K

Deoptimization events (5 events):
Event: 0.388 Thread 0x00007f9d2c00b000 Uncommon trap: reason=unstable_if action=reinterpret pc=0x00007f9d1c963e80 method=com.android.dx.rop.cst.StdConstantPool.set(ILcom/android/dx/rop/cst/Constant;)V @ 12
Event: 0.478 Thread 0x00007f9d2c00b000 Uncommon trap: reason=unloaded action=reinterpret pc=0x00007f9d1c9c79a4 method=com.android.dx.cf.cst.ConstantPoolParser.parse0(ILjava/util/BitSet;)Lcom/android/dx/rop/cst/Constant; @ 220
Event: 0.493 Thread 0x00007f9d2c00b000 Uncommon trap: reason=unstable_if action=reinterpret pc=0x00007f9d1c9af05c method=java.util.concurrent.ConcurrentHashMap.get(Ljava/lang/Object;)Ljava/lang/Object; @ 127
Event: 0.678 Thread 0x00007f9d2c00b000 Uncommon trap: reason=unstable_if action=reinterpret pc=0x00007f9d1ca47e68 method=com.android.dx.cf.direct.StdAttributeFactory.parse0(Lcom/android/dx/cf/direct/DirectClassFile;ILjava/lang/String;IILcom/android/dx/cf/iface/ParseObserver;)Lcom/android/dx/cf
Event: 0.746 Thread 0x00007f9d2c00b000 Uncommon trap: reason=unstable_if action=reinterpret pc=0x00007f9d1c9bffa8 method=java.util.concurrent.ConcurrentHashMap.get(Ljava/lang/Object;)Ljava/lang/Object; @ 127

Classes redefined (0 events):
No events

Internal exceptions (2 events):
Event: 0.139 Thread 0x00007f9d2c00b000 Exception <a 'java/lang/NoSuchMethodError': Method sun.misc.Unsafe.defineClass(Ljava/lang/String;[BII)Ljava/lang/Class; name or signature does not match> (0x00000000ec587ca8) thrown at [/ssd/Android/AOSP-openjdk-git/jdk8u/hotspot/src/share/vm/prims/jni.cp
Event: 0.140 Thread 0x00007f9d2c00b000 Exception <a 'java/lang/NoSuchMethodError': Method sun.misc.Unsafe.prefetchRead(Ljava/lang/Object;J)V name or signature does not match> (0x00000000ec587f90) thrown at [/ssd/Android/AOSP-openjdk-git/jdk8u/hotspot/src/share/vm/prims/jni.cpp, line 4011]

Events (10 events):
Event: 1.577 Thread 0x00007f9d2c00b000 DEOPT UNPACKING pc=0x00007f9d1c7f4373 sp=0x00007f9d3269eec0 mode 0
Event: 1.578 Thread 0x00007f9d2c00b000 DEOPT PACKING pc=0x00007f9d1c9e44cb sp=0x00007f9d3269f1e0
Event: 1.578 Thread 0x00007f9d2c00b000 DEOPT UNPACKING pc=0x00007f9d1c7f4373 sp=0x00007f9d3269f010 mode 0
Event: 1.586 Thread 0x00007f9d2c00b000 DEOPT PACKING pc=0x00007f9d1c9b1934 sp=0x00007f9d3269f100
Event: 1.586 Thread 0x00007f9d2c00b000 DEOPT UNPACKING pc=0x00007f9d1c7f4373 sp=0x00007f9d3269eec0 mode 0
Event: 1.588 Thread 0x00007f9d2c00b000 DEOPT PACKING pc=0x00007f9d1c9e44cb sp=0x00007f9d3269f1e0
Event: 1.588 Thread 0x00007f9d2c00b000 DEOPT UNPACKING pc=0x00007f9d1c7f4373 sp=0x00007f9d3269f010 mode 0
Event: 1.605 Thread 0x00007f9d2c00b000 DEOPT PACKING pc=0x00007f9d1c9e44cb sp=0x00007f9d3269f1e0
Event: 1.605 Thread 0x00007f9d2c00b000 DEOPT UNPACKING pc=0x00007f9d1c7f4373 sp=0x00007f9d3269f010 mode 0
Event: 1.756 Executing VM operation: ParallelGCFailedAllocation


Dynamic libraries:
00400000-00401000 r-xp 00000000 08:05 2895521                            /home/developer/android-studio/jre/bin/java
00600000-00601000 r--p 00000000 08:05 2895521                            /home/developer/android-studio/jre/bin/java
00601000-00602000 rw-p 00001000 08:05 2895521                            /home/developer/android-studio/jre/bin/java
0249c000-024bd000 rw-p 00000000 00:00 0                                  [heap]
c5000000-c7800000 rw-p 00000000 00:00 0 
c7800000-ec580000 ---p 00000000 00:00 0 
ec580000-f1280000 rw-p 00000000 00:00 0 
f5480000-100000000 ---p 00000000 00:00 0 
100000000-100080000 rw-p 00000000 00:00 0 
100080000-140000000 ---p 00000000 00:00 0 
7f9cdc000000-7f9cdc021000 rw-p 00000000 00:00 0 
7f9cdc021000-7f9ce0000000 ---p 00000000 00:00 0 
7f9ce4000000-7f9ce4acf000 rw-p 00000000 00:00 0 
7f9ce4acf000-7f9ce8000000 ---p 00000000 00:00 0 
7f9ce8000000-7f9ce8021000 rw-p 00000000 00:00 0 
7f9ce8021000-7f9cec000000 ---p 00000000 00:00 0 
7f9cec000000-7f9ceceec000 rw-p 00000000 00:00 0 
7f9ceceec000-7f9cf0000000 ---p 00000000 00:00 0 
7f9cf0000000-7f9cf0e4c000 rw-p 00000000 00:00 0 
7f9cf0e4c000-7f9cf4000000 ---p 00000000 00:00 0 
7f9cf4000000-7f9cf4021000 rw-p 00000000 00:00 0 
7f9cf4021000-7f9cf8000000 ---p 00000000 00:00 0 
7f9cf8000000-7f9cf8021000 rw-p 00000000 00:00 0 
7f9cf8021000-7f9cfc000000 ---p 00000000 00:00 0 
7f9cfc000000-7f9cfc280000 rw-p 00000000 00:00 0 
7f9cfc280000-7f9d00000000 ---p 00000000 00:00 0 
7f9d00000000-7f9d00021000 rw-p 00000000 00:00 0 
7f9d00021000-7f9d04000000 ---p 00000000 00:00 0 
7f9d04000000-7f9d04021000 rw-p 00000000 00:00 0 
7f9d04021000-7f9d08000000 ---p 00000000 00:00 0 
7f9d0b5b7000-7f9d0b6d3000 r--s 00b4d000 08:05 4719600                    /home/developer/AndroidStudioProjects/PropertyDODO1/app/build/intermediates/transforms/jarMerging/release/0.jar
7f9d0b6d3000-7f9d0b6d4000 ---p 00000000 00:00 0 
7f9d0b6d4000-7f9d0b7d4000 rw-p 00000000 00:00 0 
7f9d0b7d4000-7f9d0b7d7000 ---p 00000000 00:00 0 
7f9d0b7d7000-7f9d0b8d5000 rw-p 00000000 00:00 0 
7f9d0b8d5000-7f9d0b8d8000 ---p 00000000 00:00 0 
7f9d0b8d8000-7f9d0b9d6000 rw-p 00000000 00:00 0 
7f9d0b9d6000-7f9d0b9d9000 ---p 00000000 00:00 0 
7f9d0b9d9000-7f9d0bad7000 rw-p 00000000 00:00 0 
7f9d0bad7000-7f9d0bada000 ---p 00000000 00:00 0 
7f9d0bada000-7f9d0bbd8000 rw-p 00000000 00:00 0 
7f9d0bbd8000-7f9d0bbdb000 ---p 00000000 00:00 0 
7f9d0bbdb000-7f9d0bcd9000 rw-p 00000000 00:00 0 
7f9d0bcd9000-7f9d0c000000 r--p 00000000 08:05 1318494                    /usr/lib/locale/locale-archive
7f9d0c000000-7f9d0c021000 rw-p 00000000 00:00 0 
7f9d0c021000-7f9d10000000 ---p 00000000 00:00 0 
7f9d10000000-7f9d10021000 rw-p 00000000 00:00 0 
7f9d10021000-7f9d14000000 ---p 00000000 00:00 0 
7f9d14000000-7f9d14021000 rw-p 00000000 00:00 0 
7f9d14021000-7f9d18000000 ---p 00000000 00:00 0 
7f9d18069000-7f9d18095000 rw-p 00000000 00:00 0 
7f9d18095000-7f9d18098000 ---p 00000000 00:00 0 
7f9d18098000-7f9d18196000 rw-p 00000000 00:00 0 
7f9d18196000-7f9d18199000 ---p 00000000 00:00 0 
7f9d18199000-7f9d18297000 rw-p 00000000 00:00 0 
7f9d18297000-7f9d18298000 ---p 00000000 00:00 0 
7f9d18298000-7f9d19337000 rw-p 00000000 00:00 0 
7f9d19337000-7f9d19507000 r--s 03c46000 08:05 2381871                    /home/developer/android-studio/jre/jre/lib/rt.jar
7f9d19507000-7f9d19a3d000 rw-p 00000000 00:00 0 
7f9d19a3d000-7f9d19d7d000 ---p 00000000 00:00 0 
7f9d19d7d000-7f9d1bcd5000 rw-p 00000000 00:00 0 
7f9d1bcd5000-7f9d1bcd6000 ---p 00000000 00:00 0 
7f9d1bcd6000-7f9d1bdd6000 rw-p 00000000 00:00 0 
7f9d1bdd6000-7f9d1bdd7000 ---p 00000000 00:00 0 
7f9d1bdd7000-7f9d1bed7000 rw-p 00000000 00:00 0 
7f9d1bed7000-7f9d1bed8000 ---p 00000000 00:00 0 
7f9d1bed8000-7f9d1bfd8000 rw-p 00000000 00:00 0 
7f9d1bfd8000-7f9d1bfd9000 ---p 00000000 00:00 0 
7f9d1bfd9000-7f9d1c0ed000 rw-p 00000000 00:00 0 
7f9d1c0ed000-7f9d1c214000 ---p 00000000 00:00 0 
7f9d1c214000-7f9d1c228000 rw-p 00000000 00:00 0 
7f9d1c228000-7f9d1c34e000 ---p 00000000 00:00 0 
7f9d1c34e000-7f9d1c376000 rw-p 00000000 00:00 0 
7f9d1c376000-7f9d1c3ec000 ---p 00000000 00:00 0 
7f9d1c3ec000-7f9d1c3fb000 rw-p 00000000 00:00 0 
7f9d1c3fb000-7f9d1c7ad000 ---p 00000000 00:00 0 
7f9d1c7ad000-7f9d1cb0d000 rwxp 00000000 00:00 0 
7f9d1cb0d000-7f9d2b7ad000 ---p 00000000 00:00 0 
7f9d2b7ad000-7f9d2b7c7000 r-xp 00000000 08:05 2760342                    /home/developer/android-studio/jre/jre/lib/amd64/libzip.so
7f9d2b7c7000-7f9d2b9c7000 ---p 0001a000 08:05 2760342                    /home/developer/android-studio/jre/jre/lib/amd64/libzip.so
7f9d2b9c7000-7f9d2b9c8000 r--p 0001a000 08:05 2760342                    /home/developer/android-studio/jre/jre/lib/amd64/libzip.so
7f9d2b9c8000-7f9d2b9c9000 rw-p 0001b000 08:05 2760342                    /home/developer/android-studio/jre/jre/lib/amd64/libzip.so
7f9d2b9c9000-7f9d2b9d4000 r-xp 00000000 08:05 4987474                    /lib/x86_64-linux-gnu/libnss_files-2.23.so
7f9d2b9d4000-7f9d2bbd3000 ---p 0000b000 08:05 4987474                    /lib/x86_64-linux-gnu/libnss_files-2.23.so
7f9d2bbd3000-7f9d2bbd4000 r--p 0000a000 08:05 4987474                    /lib/x86_64-linux-gnu/libnss_files-2.23.so
7f9d2bbd4000-7f9d2bbd5000 rw-p 0000b000 08:05 4987474                    /lib/x86_64-linux-gnu/libnss_files-2.23.so
7f9d2bbd5000-7f9d2bbdb000 rw-p 00000000 00:00 0 
7f9d2bbdb000-7f9d2bbe6000 r-xp 00000000 08:05 4987477                    /lib/x86_64-linux-gnu/libnss_nis-2.23.so
7f9d2bbe6000-7f9d2bde5000 ---p 0000b000 08:05 4987477                    /lib/x86_64-linux-gnu/libnss_nis-2.23.so
7f9d2bde5000-7f9d2bde6000 r--p 0000a000 08:05 4987477                    /lib/x86_64-linux-gnu/libnss_nis-2.23.so
7f9d2bde6000-7f9d2bde7000 rw-p 0000b000 08:05 4987477                    /lib/x86_64-linux-gnu/libnss_nis-2.23.so
7f9d2bde7000-7f9d2bdfd000 r-xp 00000000 08:05 4987470                    /lib/x86_64-linux-gnu/libnsl-2.23.so
7f9d2bdfd000-7f9d2bffc000 ---p 00016000 08:05 4987470                    /lib/x86_64-linux-gnu/libnsl-2.23.so
7f9d2bffc000-7f9d2bffd000 r--p 00015000 08:05 4987470                    /lib/x86_64-linux-gnu/libnsl-2.23.so
7f9d2bffd000-7f9d2bffe000 rw-p 00016000 08:05 4987470                    /lib/x86_64-linux-gnu/libnsl-2.23.so
7f9d2bffe000-7f9d2c000000 rw-p 00000000 00:00 0 
7f9d2c000000-7f9d2c3bf000 rw-p 00000000 00:00 0 
7f9d2c3bf000-7f9d30000000 ---p 00000000 00:00 0 
7f9d30008000-7f9d30017000 r--s 000ed000 08:05 1327272                    /home/developer/Android/Sdk/build-tools/26.0.2/lib/dx.jar
7f9d30017000-7f9d30038000 rw-p 00000000 00:00 0 
7f9d30038000-7f9d30040000 r-xp 00000000 08:05 4987483                    /lib/x86_64-linux-gnu/libnss_compat-2.23.so
7f9d30040000-7f9d3023f000 ---p 00008000 08:05 4987483                    /lib/x86_64-linux-gnu/libnss_compat-2.23.so
7f9d3023f000-7f9d30240000 r--p 00007000 08:05 4987483                    /lib/x86_64-linux-gnu/libnss_compat-2.23.so
7f9d30240000-7f9d30241000 rw-p 00008000 08:05 4987483                    /lib/x86_64-linux-gnu/libnss_compat-2.23.so
7f9d30241000-7f9d3026e000 r-xp 00000000 08:05 2760322                    /home/developer/android-studio/jre/jre/lib/amd64/libjava.so
7f9d3026e000-7f9d3046d000 ---p 0002d000 08:05 2760322                    /home/developer/android-studio/jre/jre/lib/amd64/libjava.so
7f9d3046d000-7f9d3046e000 r--p 0002c000 08:05 2760322                    /home/developer/android-studio/jre/jre/lib/amd64/libjava.so
7f9d3046e000-7f9d30470000 rw-p 0002d000 08:05 2760322                    /home/developer/android-studio/jre/jre/lib/amd64/libjava.so
7f9d30470000-7f9d30480000 r-xp 00000000 08:05 2760354                    /home/developer/android-studio/jre/jre/lib/amd64/libverify.so
7f9d30480000-7f9d3067f000 ---p 00010000 08:05 2760354                    /home/developer/android-studio/jre/jre/lib/amd64/libverify.so
7f9d3067f000-7f9d30681000 r--p 0000f000 08:05 2760354                    /home/developer/android-studio/jre/jre/lib/amd64/libverify.so
7f9d30681000-7f9d30682000 rw-p 00011000 08:05 2760354                    /home/developer/android-studio/jre/jre/lib/amd64/libverify.so
7f9d30682000-7f9d30689000 r-xp 00000000 08:05 4987479                    /lib/x86_64-linux-gnu/librt-2.23.so
7f9d30689000-7f9d30888000 ---p 00007000 08:05 4987479                    /lib/x86_64-linux-gnu/librt-2.23.so
7f9d30888000-7f9d30889000 r--p 00006000 08:05 4987479                    /lib/x86_64-linux-gnu/librt-2.23.so
7f9d30889000-7f9d3088a000 rw-p 00007000 08:05 4987479                    /lib/x86_64-linux-gnu/librt-2.23.so
7f9d3088a000-7f9d30992000 r-xp 00000000 08:05 4987488                    /lib/x86_64-linux-gnu/libm-2.23.so
7f9d30992000-7f9d30b91000 ---p 00108000 08:05 4987488                    /lib/x86_64-linux-gnu/libm-2.23.so
7f9d30b91000-7f9d30b92000 r--p 00107000 08:05 4987488                    /lib/x86_64-linux-gnu/libm-2.23.so
7f9d30b92000-7f9d30b93000 rw-p 00108000 08:05 4987488                    /lib/x86_64-linux-gnu/libm-2.23.so
7f9d30b93000-7f9d3178b000 r-xp 00000000 08:05 2760341                    /home/developer/android-studio/jre/jre/lib/amd64/server/libjvm.so
7f9d3178b000-7f9d3198b000 ---p 00bf8000 08:05 2760341                    /home/developer/android-studio/jre/jre/lib/amd64/server/libjvm.so
7f9d3198b000-7f9d31a2a000 r--p 00bf8000 08:05 2760341                    /home/developer/android-studio/jre/jre/lib/amd64/server/libjvm.so
7f9d31a2a000-7f9d31a53000 rw-p 00c97000 08:05 2760341                    /home/developer/android-studio/jre/jre/lib/amd64/server/libjvm.so
7f9d31a53000-7f9d31a97000 rw-p 00000000 00:00 0 
7f9d31a97000-7f9d31aaf000 r-xp 00000000 08:05 4987476                    /lib/x86_64-linux-gnu/libpthread-2.23.so
7f9d31aaf000-7f9d31cae000 ---p 00018000 08:05 4987476                    /lib/x86_64-linux-gnu/libpthread-2.23.so
7f9d31cae000-7f9d31caf000 r--p 00017000 08:05 4987476                    /lib/x86_64-linux-gnu/libpthread-2.23.so
7f9d31caf000-7f9d31cb0000 rw-p 00018000 08:05 4987476                    /lib/x86_64-linux-gnu/libpthread-2.23.so
7f9d31cb0000-7f9d31cb4000 rw-p 00000000 00:00 0 
7f9d31cb4000-7f9d31cb7000 r-xp 00000000 08:05 4987482                    /lib/x86_64-linux-gnu/libdl-2.23.so
7f9d31cb7000-7f9d31eb6000 ---p 00003000 08:05 4987482                    /lib/x86_64-linux-gnu/libdl-2.23.so
7f9d31eb6000-7f9d31eb7000 r--p 00002000 08:05 4987482                    /lib/x86_64-linux-gnu/libdl-2.23.so
7f9d31eb7000-7f9d31eb8000 rw-p 00003000 08:05 4987482                    /lib/x86_64-linux-gnu/libdl-2.23.so
7f9d31eb8000-7f9d32078000 r-xp 00000000 08:05 4987493                    /lib/x86_64-linux-gnu/libc-2.23.so
7f9d32078000-7f9d32278000 ---p 001c0000 08:05 4987493                    /lib/x86_64-linux-gnu/libc-2.23.so
7f9d32278000-7f9d3227c000 r--p 001c0000 08:05 4987493                    /lib/x86_64-linux-gnu/libc-2.23.so
7f9d3227c000-7f9d3227e000 rw-p 001c4000 08:05 4987493                    /lib/x86_64-linux-gnu/libc-2.23.so
7f9d3227e000-7f9d32282000 rw-p 00000000 00:00 0 
7f9d32282000-7f9d32298000 r-xp 00000000 08:05 2381842                    /home/developer/android-studio/jre/lib/amd64/jli/libjli.so
7f9d32298000-7f9d32497000 ---p 00016000 08:05 2381842                    /home/developer/android-studio/jre/lib/amd64/jli/libjli.so
7f9d32497000-7f9d32498000 r--p 00015000 08:05 2381842                    /home/developer/android-studio/jre/lib/amd64/jli/libjli.so
7f9d32498000-7f9d32499000 rw-p 00016000 08:05 2381842                    /home/developer/android-studio/jre/lib/amd64/jli/libjli.so
7f9d32499000-7f9d324bf000 r-xp 00000000 08:05 4987471                    /lib/x86_64-linux-gnu/ld-2.23.so
7f9d324c8000-7f9d325a0000 rw-p 00000000 00:00 0 
7f9d325a0000-7f9d325a3000 ---p 00000000 00:00 0 
7f9d325a3000-7f9d326a5000 rw-p 00000000 00:00 0 
7f9d326aa000-7f9d326b2000 r--s 00028000 08:05 4720280                    /home/developer/AndroidStudioProjects/PropertyDODO1/app/build/intermediates/multi-dex/release/componentClasses.jar
7f9d326b2000-7f9d326ba000 rw-s 00000000 08:05 1192815                    /tmp/hsperfdata_developer/13174
7f9d326ba000-7f9d326bb000 rw-p 00000000 00:00 0 
7f9d326bb000-7f9d326bc000 ---p 00000000 00:00 0 
7f9d326bc000-7f9d326be000 rw-p 00000000 00:00 0 
7f9d326be000-7f9d326bf000 r--p 00025000 08:05 4987471                    /lib/x86_64-linux-gnu/ld-2.23.so
7f9d326bf000-7f9d326c0000 rw-p 00026000 08:05 4987471                    /lib/x86_64-linux-gnu/ld-2.23.so
7f9d326c0000-7f9d326c1000 rw-p 00000000 00:00 0 
7ffe334bd000-7ffe334df000 rw-p 00000000 00:00 0                          [stack]
7ffe3356d000-7ffe3356f000 r--p 00000000 00:00 0                          [vvar]
7ffe3356f000-7ffe33571000 r-xp 00000000 00:00 0                          [vdso]
ffffffffff600000-ffffffffff601000 r-xp 00000000 00:00 0                  [vsyscall]

VM Arguments:
jvm_args: -Djava.awt.headless=true -Dfile.encoding=UTF-8 -Duser.country=US -Duser.language=en -Duser.variant 
java_command: com.android.multidex.ClassReferenceListBuilder /home/developer/AndroidStudioProjects/PropertyDODO1/app/build/intermediates/multi-dex/release/componentClasses.jar /home/developer/AndroidStudioProjects/PropertyDODO1/app/build/intermediates/transforms/jarMerging/release/0.jar
java_class_path (initial): /home/developer/Android/Sdk/build-tools/26.0.2/lib/dx.jar
Launcher Type: SUN_STANDARD

Environment Variables:
JAVA_HOME=/usr/lib/jvm/java-8-oracle
PATH=/home/developer/bin:/home/developer/.local/bin:/usr/local/sbin:/usr/local/bin:/usr/sbin:/usr/bin:/sbin:/bin:/usr/games:/usr/local/games:/snap/bin:/usr/lib/jvm/java-8-oracle/bin:/usr/lib/jvm/java-8-oracle/db/bin:/usr/lib/jvm/java-8-oracle/jre/bin
LD_LIBRARY_PATH=.:
SHELL=/bin/bash
DISPLAY=:0

Signal Handlers:
SIGSEGV: [libjvm.so+0x9ebc60], sa_mask[0]=11111111011111111101111111111110, sa_flags=SA_RESTART|SA_SIGINFO
SIGBUS: [libjvm.so+0x9ebc60], sa_mask[0]=11111111011111111101111111111110, sa_flags=SA_RESTART|SA_SIGINFO
SIGFPE: [libjvm.so+0x84cf60], sa_mask[0]=11111111011111111101111111111110, sa_flags=SA_RESTART|SA_SIGINFO
SIGPIPE: [libjvm.so+0x84cf60], sa_mask[0]=11111111011111111101111111111110, sa_flags=SA_RESTART|SA_SIGINFO
SIGXFSZ: [libjvm.so+0x84cf60], sa_mask[0]=11111111011111111101111111111110, sa_flags=SA_RESTART|SA_SIGINFO
SIGILL: [libjvm.so+0x84cf60], sa_mask[0]=11111111011111111101111111111110, sa_flags=SA_RESTART|SA_SIGINFO
SIGUSR1: SIG_DFL, sa_mask[0]=00000000000000000000000000000000, sa_flags=none
SIGUSR2: [libjvm.so+0x84ce30], sa_mask[0]=00100000000000000000000000000000, sa_flags=SA_RESTART|SA_SIGINFO
SIGHUP: [libjvm.so+0x84d020], sa_mask[0]=11111111011111111101111111111110, sa_flags=SA_RESTART|SA_SIGINFO
SIGINT: [libjvm.so+0x84d020], sa_mask[0]=11111111011111111101111111111110, sa_flags=SA_RESTART|SA_SIGINFO
SIGTERM: [libjvm.so+0x84d020], sa_mask[0]=11111111011111111101111111111110, sa_flags=SA_RESTART|SA_SIGINFO
SIGQUIT: [libjvm.so+0x84d020], sa_mask[0]=11111111011111111101111111111110, sa_flags=SA_RESTART|SA_SIGINFO


---------------  S Y S T E M  ---------------

OS:DISTRIB_ID=Ubuntu
DISTRIB_RELEASE=16.04
DISTRIB_CODENAME=xenial
DISTRIB_DESCRIPTION="Ubuntu 16.04.2 LTS"

uname:Linux 4.10.0-40-generic #44~16.04.1-Ubuntu SMP Thu Nov 9 15:37:44 UTC 2017 x86_64
libc:glibc 2.23 NPTL 2.23 
rlimit: STACK 8192k, CORE 0k, NPROC 14928, NOFILE 65536, AS infinity
load average:6.97 3.38 2.77

/proc/meminfo:
MemTotal:        3866512 kB
MemFree:           86036 kB
MemAvailable:          0 kB
Buffers:             256 kB
Cached:           291688 kB
SwapCached:          464 kB
Active:          2948676 kB
Inactive:         596920 kB
Active(anon):    2943148 kB
Inactive(anon):   591428 kB
Active(file):       5528 kB
Inactive(file):     5492 kB
Unevictable:         264 kB
Mlocked:             264 kB
SwapTotal:       4012028 kB
SwapFree:              0 kB
Dirty:                12 kB
Writeback:            32 kB
AnonPages:       3254452 kB
Mapped:            11272 kB
Shmem:            280624 kB
Slab:              94388 kB
SReclaimable:      37032 kB
SUnreclaim:        57356 kB
KernelStack:       16048 kB
PageTables:        70716 kB
NFS_Unstable:          0 kB
Bounce:                0 kB
WritebackTmp:          0 kB
CommitLimit:     5945284 kB
Committed_AS:   14875804 kB
VmallocTotal:   34359738367 kB
VmallocUsed:           0 kB
VmallocChunk:          0 kB
HardwareCorrupted:     0 kB
AnonHugePages:    141312 kB
ShmemHugePages:        0 kB
ShmemPmdMapped:        0 kB
CmaTotal:              0 kB
CmaFree:               0 kB
HugePages_Total:       0
HugePages_Free:        0
HugePages_Rsvd:        0
HugePages_Surp:        0
Hugepagesize:       2048 kB
DirectMap4k:      226004 kB
DirectMap2M:     3788800 kB


CPU:total 4 (initial active 4) (2 cores per cpu, 2 threads per core) family 6 model 42 stepping 7, cmov, cx8, fxsr, mmx, sse, sse2, sse3, ssse3, sse4.1, sse4.2, popcnt, avx, clmul, ht, tsc, tscinvbit

/proc/cpuinfo:
processor	: 0
vendor_id	: GenuineIntel
cpu family	: 6
model		: 42
model name	: Intel(R) Core(TM) i3-2120 CPU @ 3.30GHz
stepping	: 7
microcode	: 0x29
cpu MHz		: 3299.798
cache size	: 3072 KB
physical id	: 0
siblings	: 4
core id		: 0
cpu cores	: 2
apicid		: 0
initial apicid	: 0
fpu		: yes
fpu_exception	: yes
cpuid level	: 13
wp		: yes
flags		: fpu vme de pse tsc msr pae mce cx8 apic sep mtrr pge mca cmov pat pse36 clflush dts acpi mmx fxsr sse sse2 ss ht tm pbe syscall nx rdtscp lm constant_tsc arch_perfmon pebs bts rep_good nopl xtopology nonstop_tsc aperfmperf pni pclmulqdq dtes64 monitor ds_cpl vmx est tm2 ssse3 cx16 xtpr pdcm pcid sse4_1 sse4_2 popcnt tsc_deadline_timer xsave avx lahf_lm epb tpr_shadow vnmi flexpriority ept vpid xsaveopt dtherm arat pln pts
bugs		:
bogomips	: 6583.91
clflush size	: 64
cache_alignment	: 64
address sizes	: 36 bits physical, 48 bits virtual
power management:

processor	: 1
vendor_id	: GenuineIntel
cpu family	: 6
model		: 42
model name	: Intel(R) Core(TM) i3-2120 CPU @ 3.30GHz
stepping	: 7
microcode	: 0x29
cpu MHz		: 3299.798
cache size	: 3072 KB
physical id	: 0
siblings	: 4
core id		: 1
cpu cores	: 2
apicid		: 2
initial apicid	: 2
fpu		: yes
fpu_exception	: yes
cpuid level	: 13
wp		: yes
flags		: fpu vme de pse tsc msr pae mce cx8 apic sep mtrr pge mca cmov pat pse36 clflush dts acpi mmx fxsr sse sse2 ss ht tm pbe syscall nx rdtscp lm constant_tsc arch_perfmon pebs bts rep_good nopl xtopology nonstop_tsc aperfmperf pni pclmulqdq dtes64 monitor ds_cpl vmx est tm2 ssse3 cx16 xtpr pdcm pcid sse4_1 sse4_2 popcnt tsc_deadline_timer xsave avx lahf_lm epb tpr_shadow vnmi flexpriority ept vpid xsaveopt dtherm arat pln pts
bugs		:
bogomips	: 6583.91
clflush size	: 64
cache_alignment	: 64
address sizes	: 36 bits physical, 48 bits virtual
power management:

processor	: 2
vendor_id	: GenuineIntel
cpu family	: 6
model		: 42
model name	: Intel(R) Core(TM) i3-2120 CPU @ 3.30GHz
stepping	: 7
microcode	: 0x29
cpu MHz		: 3299.798
cache size	: 3072 KB
physical id	: 0
siblings	: 4
core id		: 0
cpu cores	: 2
apicid		: 1
initial apicid	: 1
fpu		: yes
fpu_exception	: yes
cpuid level	: 13
wp		: yes
flags		: fpu vme de pse tsc msr pae mce cx8 apic sep mtrr pge mca cmov pat pse36 clflush dts acpi mmx fxsr sse sse2 ss ht tm pbe syscall nx rdtscp lm constant_tsc arch_perfmon pebs bts rep_good nopl xtopology nonstop_tsc aperfmperf pni pclmulqdq dtes64 monitor ds_cpl vmx est tm2 ssse3 cx16 xtpr pdcm pcid sse4_1 sse4_2 popcnt tsc_deadline_timer xsave avx lahf_lm epb tpr_shadow vnmi flexpriority ept vpid xsaveopt dtherm arat pln pts
bugs		:
bogomips	: 6583.91
clflush size	: 64
cache_alignment	: 64
address sizes	: 36 bits physical, 48 bits virtual
power management:

processor	: 3
vendor_id	: GenuineIntel
cpu family	: 6
model		: 42
model name	: Intel(R) Core(TM) i3-2120 CPU @ 3.30GHz
stepping	: 7
microcode	: 0x29
cpu MHz		: 3300.000
cache size	: 3072 KB
physical id	: 0
siblings	: 4
core id		: 1
cpu cores	: 2
apicid		: 3
initial apicid	: 3
fpu		: yes
fpu_exception	: yes
cpuid level	: 13
wp		: yes
flags		: fpu vme de pse tsc msr pae mce cx8 apic sep mtrr pge mca cmov pat pse36 clflush dts acpi mmx fxsr sse sse2 ss ht tm pbe syscall nx rdtscp lm constant_tsc arch_perfmon pebs bts rep_good nopl xtopology nonstop_tsc aperfmperf pni pclmulqdq dtes64 monitor ds_cpl vmx est tm2 ssse3 cx16 xtpr pdcm pcid sse4_1 sse4_2 popcnt tsc_deadline_timer xsave avx lahf_lm epb tpr_shadow vnmi flexpriority ept vpid xsaveopt dtherm arat pln pts
bugs		:
bogomips	: 6583.91
clflush size	: 64
cache_alignment	: 64
address sizes	: 36 bits physical, 48 bits virtual
power management:



Memory: 4k page, physical 3866512k(86112k free), swap 4012028k(0k free)

vm_info: OpenJDK 64-Bit Server VM (25.152-b01) for linux-amd64 JRE (1.8.0_152-release-915-b01), built by "builder" with gcc 4.8.4

time: Sat Dec 16 16:18:11 2017
elapsed time: 11 seconds (0d 0h 0m 11s)

