#
# There is insufficient memory for the Java Runtime Environment to continue.
# Native memory allocation (mmap) failed to map 83886080 bytes for committing reserved memory.
# Possible reasons:
#   The system is out of physical RAM or swap space
#   In 32 bit mode, the process size limit was hit
# Possible solutions:
#   Reduce memory load on the system
#   Increase physical memory or swap space
#   Check if swap backing store is full
#   Use 64 bit Java on a 64 bit OS
#   Decrease Java heap size (-Xmx/-Xms)
#   Decrease number of Java threads
#   Decrease Java thread stack sizes (-Xss)
#   Set larger code cache with -XX:ReservedCodeCacheSize=
# This output file may be truncated or incomplete.
#
#  Out of Memory Error (os_linux.cpp:2640), pid=8561, tid=0x00007fc7ad17f700
#
# JRE version: OpenJDK Runtime Environment (8.0_152-b01) (build 1.8.0_152-release-915-b01)
# Java VM: OpenJDK 64-Bit Server VM (25.152-b01 mixed mode linux-amd64 compressed oops)
# Failed to write core dump. Core dumps have been disabled. To enable core dumping, try "ulimit -c unlimited" before starting Java again
#

---------------  T H R E A D  ---------------

Current thread (0x00007fc7c4078000):  VMThread [stack: 0x00007fc7ad07f000,0x00007fc7ad180000] [id=8572]

Stack: [0x00007fc7ad07f000,0x00007fc7ad180000],  sp=0x00007fc7ad17e4c0,  free space=1021k
Native frames: (J=compiled Java code, j=interpreted, Vv=VM code, C=native code)
V  [libjvm.so+0x9eb15d]  VMError::report_and_die()+0x15d
V  [libjvm.so+0x4b8eaa]  report_vm_out_of_memory(char const*, int, unsigned long, VMErrorType, char const*)+0x8a
V  [libjvm.so+0x851370]  os::pd_commit_memory(char*, unsigned long, unsigned long, bool)+0xf0
V  [libjvm.so+0x84be8f]  os::commit_memory(char*, unsigned long, unsigned long, bool)+0x1f
V  [libjvm.so+0x8c261b]  PSVirtualSpace::expand_by(unsigned long)+0x5b
V  [libjvm.so+0x8c3290]  PSYoungGen::resize_generation(unsigned long, unsigned long)+0xb0
V  [libjvm.so+0x8c35ab]  PSYoungGen::resize(unsigned long, unsigned long)+0x1b
V  [libjvm.so+0x8bfc9c]  PSScavenge::invoke_no_policy()+0xdac
V  [libjvm.so+0x8c0478]  PSScavenge::invoke()+0x38
V  [libjvm.so+0x8748f3]  ParallelScavengeHeap::failed_mem_allocate(unsigned long)+0x63
V  [libjvm.so+0x9ecc84]  VM_ParallelGCFailedAllocation::doit()+0x84
V  [libjvm.so+0x9f1197]  VM_Operation::evaluate()+0x47
V  [libjvm.so+0x9efb78]  VMThread::evaluate_operation(VM_Operation*)+0x2c8
V  [libjvm.so+0x9efff9]  VMThread::loop()+0x219
V  [libjvm.so+0x9f0442]  VMThread::run()+0x72
V  [libjvm.so+0x84e792]  java_start(Thread*)+0xf2

VM_Operation (0x00007fc7cb4924c0): ParallelGCFailedAllocation, mode: safepoint, requested by thread 0x00007fc7c400b000


---------------  P R O C E S S  ---------------

Java Threads: ( => current thread )
  0x00007fc7c40c9000 JavaThread "Service Thread" daemon [_thread_blocked, id=8579, stack(0x00007fc7ac651000,0x00007fc7ac752000)]
  0x00007fc7c40be000 JavaThread "C1 CompilerThread2" daemon [_thread_blocked, id=8578, stack(0x00007fc7ac752000,0x00007fc7ac853000)]
  0x00007fc7c40bc800 JavaThread "C2 CompilerThread1" daemon [_thread_in_native, id=8577, stack(0x00007fc7ac853000,0x00007fc7ac954000)]
  0x00007fc7c40b9800 JavaThread "C2 CompilerThread0" daemon [_thread_blocked, id=8576, stack(0x00007fc7ac954000,0x00007fc7aca55000)]
  0x00007fc7c40b8000 JavaThread "Signal Dispatcher" daemon [_thread_blocked, id=8575, stack(0x00007fc7aca55000,0x00007fc7acb56000)]
  0x00007fc7c4084800 JavaThread "Finalizer" daemon [_thread_blocked, id=8574, stack(0x00007fc7ace7d000,0x00007fc7acf7e000)]
  0x00007fc7c4080000 JavaThread "Reference Handler" daemon [_thread_blocked, id=8573, stack(0x00007fc7acf7e000,0x00007fc7ad07f000)]
  0x00007fc7c400b000 JavaThread "main" [_thread_blocked, id=8567, stack(0x00007fc7cb393000,0x00007fc7cb494000)]

Other Threads:
=>0x00007fc7c4078000 VMThread [stack: 0x00007fc7ad07f000,0x00007fc7ad180000] [id=8572]
  0x00007fc7c40cb800 WatcherThread [stack: 0x00007fc7ac550000,0x00007fc7ac651000] [id=8580]

VM state:at safepoint (normal execution)

VM Mutex/Monitor currently owned by a thread:  ([mutex/lock_event])
[0x00007fc7c4007160] Threads_lock - owner thread: 0x00007fc7c4078000
[0x00007fc7c4007660] Heap_lock - owner thread: 0x00007fc7c400b000

Heap:
 PSYoungGen      total 132608K, used 17376K [0x00000000ec580000, 0x00000000f5c80000, 0x0000000100000000)
  eden space 115200K, 0% used [0x00000000ec580000,0x00000000ec580000,0x00000000f3600000)
  from space 17408K, 99% used [0x00000000f3600000,0x00000000f46f8020,0x00000000f4700000)
  to   space 12800K, 0% used [0x00000000f4700000,0x00000000f4700000,0x00000000f5380000)
 ParOldGen       total 40960K, used 34058K [0x00000000c5000000, 0x00000000c7800000, 0x00000000ec580000)
  object space 40960K, 83% used [0x00000000c5000000,0x00000000c7142bc0,0x00000000c7800000)
 Metaspace       used 3783K, capacity 5144K, committed 5376K, reserved 1056768K
  class space    used 390K, capacity 456K, committed 512K, reserved 1048576K

Card table byte_map: [0x00007fc7c803f000,0x00007fc7c8218000] byte_map_base: 0x00007fc7c7a17000

Marking Bits: (ParMarkBitMap*) 0x00007fc7ca85b3e0
 Begin Bits: [0x00007fc7ae280000, 0x00007fc7af140000)
 End Bits:   [0x00007fc7af140000, 0x00007fc7b0000000)

Polling page: 0x00007fc7cb4ae000

CodeCache: size=245760Kb used=3610Kb max_used=3659Kb free=242149Kb
 bounds [0x00007fc7b5000000, 0x00007fc7b53a0000, 0x00007fc7c4000000]
 total_blobs=840 nmethods=592 adapters=163
 compilation: enabled

Compilation events (10 events):
Event: 2.086 Thread 0x00007fc7c40be000  619   !   2       java.util.concurrent.ConcurrentHashMap::putVal (362 bytes)
Event: 2.087 Thread 0x00007fc7c40be000 nmethod 619 0x00007fc7b5359fd0 code [0x00007fc7b535a1e0, 0x00007fc7b535ae78]
Event: 2.155 Thread 0x00007fc7c40be000  620       2       java.util.TreeMap::fixAfterInsertion (267 bytes)
Event: 2.161 Thread 0x00007fc7c40be000 nmethod 620 0x00007fc7b53671d0 code [0x00007fc7b5367400, 0x00007fc7b5367c78]
Event: 2.211 Thread 0x00007fc7c40b9800 nmethod 607 0x00007fc7b537f2d0 code [0x00007fc7b537fac0, 0x00007fc7b5389638]
Event: 2.211 Thread 0x00007fc7c40b9800  618       4       com.android.dx.cf.direct.StdAttributeFactory::parse0 (568 bytes)
Event: 2.245 Thread 0x00007fc7c40be000  623       2       com.android.dx.rop.cst.CstDouble::<init> (6 bytes)
Event: 2.247 Thread 0x00007fc7c40be000 nmethod 623 0x00007fc7b5318390 code [0x00007fc7b53184e0, 0x00007fc7b5318630]
Event: 2.247 Thread 0x00007fc7c40be000  624       2       com.android.dx.rop.cst.CstDouble::make (9 bytes)
Event: 2.247 Thread 0x00007fc7c40be000 nmethod 624 0x00007fc7b532e8d0 code [0x00007fc7b532ea20, 0x00007fc7b532ebb0]

GC Heap History (10 events):
Event: 0.815 GC heap after
Heap after GC invocations=4 (full 0):
 PSYoungGen      total 33280K, used 2548K [0x00000000ec580000, 0x00000000ee880000, 0x0000000100000000)
  eden space 30720K, 0% used [0x00000000ec580000,0x00000000ec580000,0x00000000ee380000)
  from space 2560K, 99% used [0x00000000ee600000,0x00000000ee87d040,0x00000000ee880000)
  to   space 2560K, 0% used [0x00000000ee380000,0x00000000ee380000,0x00000000ee600000)
 ParOldGen       total 40960K, used 3448K [0x00000000c5000000, 0x00000000c7800000, 0x00000000ec580000)
  object space 40960K, 8% used [0x00000000c5000000,0x00000000c535e0e0,0x00000000c7800000)
 Metaspace       used 3772K, capacity 5144K, committed 5376K, reserved 1056768K
  class space    used 390K, capacity 456K, committed 512K, reserved 1048576K
}
Event: 0.934 GC heap before
{Heap before GC invocations=5 (full 0):
 PSYoungGen      total 33280K, used 33268K [0x00000000ec580000, 0x00000000ee880000, 0x0000000100000000)
  eden space 30720K, 100% used [0x00000000ec580000,0x00000000ee380000,0x00000000ee380000)
  from space 2560K, 99% used [0x00000000ee600000,0x00000000ee87d040,0x00000000ee880000)
  to   space 2560K, 0% used [0x00000000ee380000,0x00000000ee380000,0x00000000ee600000)
 ParOldGen       total 40960K, used 3448K [0x00000000c5000000, 0x00000000c7800000, 0x00000000ec580000)
  object space 40960K, 8% used [0x00000000c5000000,0x00000000c535e0e0,0x00000000c7800000)
 Metaspace       used 3776K, capacity 5144K, committed 5376K, reserved 1056768K
  class space    used 390K, capacity 456K, committed 512K, reserved 1048576K
Event: 0.947 GC heap after
Heap after GC invocations=5 (full 0):
 PSYoungGen      total 33280K, used 2532K [0x00000000ec580000, 0x00000000f0f80000, 0x0000000100000000)
  eden space 30720K, 0% used [0x00000000ec580000,0x00000000ec580000,0x00000000ee380000)
  from space 2560K, 98% used [0x00000000ee380000,0x00000000ee5f9050,0x00000000ee600000)
  to   space 7168K, 0% used [0x00000000f0880000,0x00000000f0880000,0x00000000f0f80000)
 ParOldGen       total 40960K, used 8467K [0x00000000c5000000, 0x00000000c7800000, 0x00000000ec580000)
  object space 40960K, 20% used [0x00000000c5000000,0x00000000c5844df8,0x00000000c7800000)
 Metaspace       used 3776K, capacity 5144K, committed 5376K, reserved 1056768K
  class space    used 390K, capacity 456K, committed 512K, reserved 1048576K
}
Event: 1.113 GC heap before
{Heap before GC invocations=6 (full 0):
 PSYoungGen      total 33280K, used 33252K [0x00000000ec580000, 0x00000000f0f80000, 0x0000000100000000)
  eden space 30720K, 100% used [0x00000000ec580000,0x00000000ee380000,0x00000000ee380000)
  from space 2560K, 98% used [0x00000000ee380000,0x00000000ee5f9050,0x00000000ee600000)
  to   space 7168K, 0% used [0x00000000f0880000,0x00000000f0880000,0x00000000f0f80000)
 ParOldGen       total 40960K, used 8467K [0x00000000c5000000, 0x00000000c7800000, 0x00000000ec580000)
  object space 40960K, 20% used [0x00000000c5000000,0x00000000c5844df8,0x00000000c7800000)
 Metaspace       used 3777K, capacity 5144K, committed 5376K, reserved 1056768K
  class space    used 390K, capacity 456K, committed 512K, reserved 1048576K
Event: 1.123 GC heap after
Heap after GC invocations=6 (full 0):
 PSYoungGen      total 67072K, used 6941K [0x00000000ec580000, 0x00000000f1280000, 0x0000000100000000)
  eden space 59904K, 0% used [0x00000000ec580000,0x00000000ec580000,0x00000000f0000000)
  from space 7168K, 96% used [0x00000000f0880000,0x00000000f0f47720,0x00000000f0f80000)
  to   space 8704K, 0% used [0x00000000f0000000,0x00000000f0000000,0x00000000f0880000)
 ParOldGen       total 40960K, used 8467K [0x00000000c5000000, 0x00000000c7800000, 0x00000000ec580000)
  object space 40960K, 20% used [0x00000000c5000000,0x00000000c5844df8,0x00000000c7800000)
 Metaspace       used 3777K, capacity 5144K, committed 5376K, reserved 1056768K
  class space    used 390K, capacity 456K, committed 512K, reserved 1048576K
}
Event: 1.448 GC heap before
{Heap before GC invocations=7 (full 0):
 PSYoungGen      total 67072K, used 66845K [0x00000000ec580000, 0x00000000f1280000, 0x0000000100000000)
  eden space 59904K, 100% used [0x00000000ec580000,0x00000000f0000000,0x00000000f0000000)
  from space 7168K, 96% used [0x00000000f0880000,0x00000000f0f47720,0x00000000f0f80000)
  to   space 8704K, 0% used [0x00000000f0000000,0x00000000f0000000,0x00000000f0880000)
 ParOldGen       total 40960K, used 8467K [0x00000000c5000000, 0x00000000c7800000, 0x00000000ec580000)
  object space 40960K, 20% used [0x00000000c5000000,0x00000000c5844df8,0x00000000c7800000)
 Metaspace       used 3777K, capacity 5144K, committed 5376K, reserved 1056768K
  class space    used 390K, capacity 456K, committed 512K, reserved 1048576K
Event: 1.474 GC heap after
Heap after GC invocations=7 (full 0):
 PSYoungGen      total 68608K, used 8688K [0x00000000ec580000, 0x00000000f5380000, 0x0000000100000000)
  eden space 59904K, 0% used [0x00000000ec580000,0x00000000ec580000,0x00000000f0000000)
  from space 8704K, 99% used [0x00000000f0000000,0x00000000f087c1c8,0x00000000f0880000)
  to   space 12800K, 0% used [0x00000000f4700000,0x00000000f4700000,0x00000000f5380000)
 ParOldGen       total 40960K, used 13907K [0x00000000c5000000, 0x00000000c7800000, 0x00000000ec580000)
  object space 40960K, 33% used [0x00000000c5000000,0x00000000c5d94d38,0x00000000c7800000)
 Metaspace       used 3777K, capacity 5144K, committed 5376K, reserved 1056768K
  class space    used 390K, capacity 456K, committed 512K, reserved 1048576K
}
Event: 1.682 GC heap before
{Heap before GC invocations=8 (full 0):
 PSYoungGen      total 68608K, used 68592K [0x00000000ec580000, 0x00000000f5380000, 0x0000000100000000)
  eden space 59904K, 100% used [0x00000000ec580000,0x00000000f0000000,0x00000000f0000000)
  from space 8704K, 99% used [0x00000000f0000000,0x00000000f087c1c8,0x00000000f0880000)
  to   space 12800K, 0% used [0x00000000f4700000,0x00000000f4700000,0x00000000f5380000)
 ParOldGen       total 40960K, used 13907K [0x00000000c5000000, 0x00000000c7800000, 0x00000000ec580000)
  object space 40960K, 33% used [0x00000000c5000000,0x00000000c5d94d38,0x00000000c7800000)
 Metaspace       used 3777K, capacity 5144K, committed 5376K, reserved 1056768K
  class space    used 390K, capacity 456K, committed 512K, reserved 1048576K
Event: 1.709 GC heap after
Heap after GC invocations=8 (full 0):
 PSYoungGen      total 128000K, used 12768K [0x00000000ec580000, 0x00000000f5c80000, 0x0000000100000000)
  eden space 115200K, 0% used [0x00000000ec580000,0x00000000ec580000,0x00000000f3600000)
  from space 12800K, 99% used [0x00000000f4700000,0x00000000f5378020,0x00000000f5380000)
  to   space 17408K, 0% used [0x00000000f3600000,0x00000000f3600000,0x00000000f4700000)
 ParOldGen       total 40960K, used 19848K [0x00000000c5000000, 0x00000000c7800000, 0x00000000ec580000)
  object space 40960K, 48% used [0x00000000c5000000,0x00000000c6362120,0x00000000c7800000)
 Metaspace       used 3777K, capacity 5144K, committed 5376K, reserved 1056768K
  class space    used 390K, capacity 456K, committed 512K, reserved 1048576K
}
Event: 2.271 GC heap before
{Heap before GC invocations=9 (full 0):
 PSYoungGen      total 128000K, used 127968K [0x00000000ec580000, 0x00000000f5c80000, 0x0000000100000000)
  eden space 115200K, 100% used [0x00000000ec580000,0x00000000f3600000,0x00000000f3600000)
  from space 12800K, 99% used [0x00000000f4700000,0x00000000f5378020,0x00000000f5380000)
  to   space 17408K, 0% used [0x00000000f3600000,0x00000000f3600000,0x00000000f4700000)
 ParOldGen       total 40960K, used 19848K [0x00000000c5000000, 0x00000000c7800000, 0x00000000ec580000)
  object space 40960K, 48% used [0x00000000c5000000,0x00000000c6362120,0x00000000c7800000)
 Metaspace       used 3783K, capacity 5144K, committed 5376K, reserved 1056768K
  class space    used 390K, capacity 456K, committed 512K, reserved 1048576K

Deoptimization events (6 events):
Event: 0.559 Thread 0x00007fc7c400b000 Uncommon trap: reason=unstable_if action=reinterpret pc=0x00007fc7b525bfe4 method=com.android.dx.cf.direct.StdAttributeFactory.parse0(Lcom/android/dx/cf/direct/DirectClassFile;ILjava/lang/String;IILcom/android/dx/cf/iface/ParseObserver;)Lcom/android/dx/cf
Event: 1.528 Thread 0x00007fc7c400b000 Uncommon trap: reason=class_check action=maybe_recompile pc=0x00007fc7b53212fc method=com.android.dx.cf.attrib.AttConstantValue.<init>(Lcom/android/dx/rop/cst/TypedConstant;)V @ 28
Event: 2.051 Thread 0x00007fc7c400b000 Uncommon trap: reason=class_check action=maybe_recompile pc=0x00007fc7b53212fc method=com.android.dx.cf.attrib.AttConstantValue.<init>(Lcom/android/dx/rop/cst/TypedConstant;)V @ 28
Event: 2.054 Thread 0x00007fc7c400b000 Uncommon trap: reason=class_check action=maybe_recompile pc=0x00007fc7b53212fc method=com.android.dx.cf.attrib.AttConstantValue.<init>(Lcom/android/dx/rop/cst/TypedConstant;)V @ 28
Event: 2.075 Thread 0x00007fc7c400b000 Uncommon trap: reason=class_check action=maybe_recompile pc=0x00007fc7b53212fc method=com.android.dx.cf.attrib.AttConstantValue.<init>(Lcom/android/dx/rop/cst/TypedConstant;)V @ 28
Event: 2.083 Thread 0x00007fc7c400b000 Uncommon trap: reason=unstable_if action=reinterpret pc=0x00007fc7b5315998 method=java.util.concurrent.ConcurrentHashMap.putVal(Ljava/lang/Object;Ljava/lang/Object;Z)Ljava/lang/Object; @ 195

Classes redefined (0 events):
No events

Internal exceptions (2 events):
Event: 0.116 Thread 0x00007fc7c400b000 Exception <a 'java/lang/NoSuchMethodError': Method sun.misc.Unsafe.defineClass(Ljava/lang/String;[BII)Ljava/lang/Class; name or signature does not match> (0x00000000ec587ca8) thrown at [/ssd/Android/AOSP-openjdk-git/jdk8u/hotspot/src/share/vm/prims/jni.cp
Event: 0.116 Thread 0x00007fc7c400b000 Exception <a 'java/lang/NoSuchMethodError': Method sun.misc.Unsafe.prefetchRead(Ljava/lang/Object;J)V name or signature does not match> (0x00000000ec587f90) thrown at [/ssd/Android/AOSP-openjdk-git/jdk8u/hotspot/src/share/vm/prims/jni.cpp, line 4011]

Events (10 events):
Event: 2.054 Thread 0x00007fc7c400b000 Uncommon trap: trap_request=0xffffffde fr.pc=0x00007fc7b53212fc
Event: 2.054 Thread 0x00007fc7c400b000 DEOPT PACKING pc=0x00007fc7b53212fc sp=0x00007fc7cb492080
Event: 2.055 Thread 0x00007fc7c400b000 DEOPT UNPACKING pc=0x00007fc7b5004f69 sp=0x00007fc7cb491f98 mode 2
Event: 2.075 Thread 0x00007fc7c400b000 Uncommon trap: trap_request=0xffffffde fr.pc=0x00007fc7b53212fc
Event: 2.075 Thread 0x00007fc7c400b000 DEOPT PACKING pc=0x00007fc7b53212fc sp=0x00007fc7cb492080
Event: 2.075 Thread 0x00007fc7c400b000 DEOPT UNPACKING pc=0x00007fc7b5004f69 sp=0x00007fc7cb491f98 mode 2
Event: 2.083 Thread 0x00007fc7c400b000 Uncommon trap: trap_request=0xffffff65 fr.pc=0x00007fc7b5315998
Event: 2.083 Thread 0x00007fc7c400b000 DEOPT PACKING pc=0x00007fc7b5315998 sp=0x00007fc7cb492060
Event: 2.083 Thread 0x00007fc7c400b000 DEOPT UNPACKING pc=0x00007fc7b5004f69 sp=0x00007fc7cb492000 mode 2
Event: 2.267 Executing VM operation: ParallelGCFailedAllocation


Dynamic libraries:
00400000-00401000 r-xp 00000000 08:05 2895521                            /home/developer/android-studio/jre/bin/java
00600000-00601000 r--p 00000000 08:05 2895521                            /home/developer/android-studio/jre/bin/java
00601000-00602000 rw-p 00001000 08:05 2895521                            /home/developer/android-studio/jre/bin/java
023e9000-0240a000 rw-p 00000000 00:00 0                                  [heap]
c5000000-c7800000 rw-p 00000000 00:00 0 
c7800000-ec580000 ---p 00000000 00:00 0 
ec580000-f5c80000 rw-p 00000000 00:00 0 
fac80000-100000000 ---p 00000000 00:00 0 
100000000-100080000 rw-p 00000000 00:00 0 
100080000-140000000 ---p 00000000 00:00 0 
7fc778000000-7fc778021000 rw-p 00000000 00:00 0 
7fc778021000-7fc77c000000 ---p 00000000 00:00 0 
7fc780000000-7fc7809af000 rw-p 00000000 00:00 0 
7fc7809af000-7fc784000000 ---p 00000000 00:00 0 
7fc784000000-7fc784021000 rw-p 00000000 00:00 0 
7fc784021000-7fc788000000 ---p 00000000 00:00 0 
7fc788000000-7fc789397000 rw-p 00000000 00:00 0 
7fc789397000-7fc78c000000 ---p 00000000 00:00 0 
7fc78c000000-7fc78d989000 rw-p 00000000 00:00 0 
7fc78d989000-7fc790000000 ---p 00000000 00:00 0 
7fc790000000-7fc790021000 rw-p 00000000 00:00 0 
7fc790021000-7fc794000000 ---p 00000000 00:00 0 
7fc794000000-7fc794021000 rw-p 00000000 00:00 0 
7fc794021000-7fc798000000 ---p 00000000 00:00 0 
7fc798000000-7fc798288000 rw-p 00000000 00:00 0 
7fc798288000-7fc79c000000 ---p 00000000 00:00 0 
7fc79c000000-7fc79c021000 rw-p 00000000 00:00 0 
7fc79c021000-7fc7a0000000 ---p 00000000 00:00 0 
7fc7a0000000-7fc7a0021000 rw-p 00000000 00:00 0 
7fc7a0021000-7fc7a4000000 ---p 00000000 00:00 0 
7fc7a4000000-7fc7a4021000 rw-p 00000000 00:00 0 
7fc7a4021000-7fc7a8000000 ---p 00000000 00:00 0 
7fc7a8000000-7fc7a8021000 rw-p 00000000 00:00 0 
7fc7a8021000-7fc7ac000000 ---p 00000000 00:00 0 
7fc7ac11c000-7fc7ac432000 rw-p 00000000 00:00 0 
7fc7ac432000-7fc7ac550000 r--s 00b6c000 08:05 4719600                    /home/developer/AndroidStudioProjects/PropertyDODO1/app/build/intermediates/transforms/jarMerging/release/0.jar
7fc7ac550000-7fc7ac551000 ---p 00000000 00:00 0 
7fc7ac551000-7fc7ac651000 rw-p 00000000 00:00 0 
7fc7ac651000-7fc7ac654000 ---p 00000000 00:00 0 
7fc7ac654000-7fc7ac752000 rw-p 00000000 00:00 0 
7fc7ac752000-7fc7ac755000 ---p 00000000 00:00 0 
7fc7ac755000-7fc7ac853000 rw-p 00000000 00:00 0 
7fc7ac853000-7fc7ac856000 ---p 00000000 00:00 0 
7fc7ac856000-7fc7ac954000 rw-p 00000000 00:00 0 
7fc7ac954000-7fc7ac957000 ---p 00000000 00:00 0 
7fc7ac957000-7fc7aca55000 rw-p 00000000 00:00 0 
7fc7aca55000-7fc7aca58000 ---p 00000000 00:00 0 
7fc7aca58000-7fc7acb56000 rw-p 00000000 00:00 0 
7fc7acb56000-7fc7ace7d000 r--p 00000000 08:05 1318494                    /usr/lib/locale/locale-archive
7fc7ace7d000-7fc7ace80000 ---p 00000000 00:00 0 
7fc7ace80000-7fc7acf7e000 rw-p 00000000 00:00 0 
7fc7acf7e000-7fc7acf81000 ---p 00000000 00:00 0 
7fc7acf81000-7fc7ad07f000 rw-p 00000000 00:00 0 
7fc7ad07f000-7fc7ad080000 ---p 00000000 00:00 0 
7fc7ad080000-7fc7ae0b0000 rw-p 00000000 00:00 0 
7fc7ae0b0000-7fc7ae280000 r--s 03c46000 08:05 2381871                    /home/developer/android-studio/jre/jre/lib/rt.jar
7fc7ae280000-7fc7b0000000 rw-p 00000000 00:00 0 
7fc7b0000000-7fc7b0021000 rw-p 00000000 00:00 0 
7fc7b0021000-7fc7b4000000 ---p 00000000 00:00 0 
7fc7b4004000-7fc7b45a9000 rw-p 00000000 00:00 0 
7fc7b45a9000-7fc7b48e9000 ---p 00000000 00:00 0 
7fc7b48e9000-7fc7b4ac1000 rw-p 00000000 00:00 0 
7fc7b4ac1000-7fc7b4ac2000 ---p 00000000 00:00 0 
7fc7b4ac2000-7fc7b4bc2000 rw-p 00000000 00:00 0 
7fc7b4bc2000-7fc7b4bc3000 ---p 00000000 00:00 0 
7fc7b4bc3000-7fc7b4cc3000 rw-p 00000000 00:00 0 
7fc7b4cc3000-7fc7b4cc4000 ---p 00000000 00:00 0 
7fc7b4cc4000-7fc7b4dc4000 rw-p 00000000 00:00 0 
7fc7b4dc4000-7fc7b4dc5000 ---p 00000000 00:00 0 
7fc7b4dc5000-7fc7b4ed9000 rw-p 00000000 00:00 0 
7fc7b4ed9000-7fc7b5000000 ---p 00000000 00:00 0 
7fc7b5000000-7fc7b53a0000 rwxp 00000000 00:00 0 
7fc7b53a0000-7fc7c4000000 ---p 00000000 00:00 0 
7fc7c4000000-7fc7c43af000 rw-p 00000000 00:00 0 
7fc7c43af000-7fc7c8000000 ---p 00000000 00:00 0 
7fc7c800f000-7fc7c801e000 r--s 000ed000 08:05 1327272                    /home/developer/Android/Sdk/build-tools/26.0.2/lib/dx.jar
7fc7c801e000-7fc7c8053000 rw-p 00000000 00:00 0 
7fc7c8053000-7fc7c8179000 ---p 00000000 00:00 0 
7fc7c8179000-7fc7c81c6000 rw-p 00000000 00:00 0 
7fc7c81c6000-7fc7c8217000 ---p 00000000 00:00 0 
7fc7c8217000-7fc7c8227000 rw-p 00000000 00:00 0 
7fc7c8227000-7fc7c85d8000 ---p 00000000 00:00 0 
7fc7c85d8000-7fc7c85f2000 r-xp 00000000 08:05 2760342                    /home/developer/android-studio/jre/jre/lib/amd64/libzip.so
7fc7c85f2000-7fc7c87f2000 ---p 0001a000 08:05 2760342                    /home/developer/android-studio/jre/jre/lib/amd64/libzip.so
7fc7c87f2000-7fc7c87f3000 r--p 0001a000 08:05 2760342                    /home/developer/android-studio/jre/jre/lib/amd64/libzip.so
7fc7c87f3000-7fc7c87f4000 rw-p 0001b000 08:05 2760342                    /home/developer/android-studio/jre/jre/lib/amd64/libzip.so
7fc7c87f4000-7fc7c87ff000 r-xp 00000000 08:05 4987474                    /lib/x86_64-linux-gnu/libnss_files-2.23.so
7fc7c87ff000-7fc7c89fe000 ---p 0000b000 08:05 4987474                    /lib/x86_64-linux-gnu/libnss_files-2.23.so
7fc7c89fe000-7fc7c89ff000 r--p 0000a000 08:05 4987474                    /lib/x86_64-linux-gnu/libnss_files-2.23.so
7fc7c89ff000-7fc7c8a00000 rw-p 0000b000 08:05 4987474                    /lib/x86_64-linux-gnu/libnss_files-2.23.so
7fc7c8a00000-7fc7c8a06000 rw-p 00000000 00:00 0 
7fc7c8a06000-7fc7c8a11000 r-xp 00000000 08:05 4987477                    /lib/x86_64-linux-gnu/libnss_nis-2.23.so
7fc7c8a11000-7fc7c8c10000 ---p 0000b000 08:05 4987477                    /lib/x86_64-linux-gnu/libnss_nis-2.23.so
7fc7c8c10000-7fc7c8c11000 r--p 0000a000 08:05 4987477                    /lib/x86_64-linux-gnu/libnss_nis-2.23.so
7fc7c8c11000-7fc7c8c12000 rw-p 0000b000 08:05 4987477                    /lib/x86_64-linux-gnu/libnss_nis-2.23.so
7fc7c8c12000-7fc7c8c28000 r-xp 00000000 08:05 4987470                    /lib/x86_64-linux-gnu/libnsl-2.23.so
7fc7c8c28000-7fc7c8e27000 ---p 00016000 08:05 4987470                    /lib/x86_64-linux-gnu/libnsl-2.23.so
7fc7c8e27000-7fc7c8e28000 r--p 00015000 08:05 4987470                    /lib/x86_64-linux-gnu/libnsl-2.23.so
7fc7c8e28000-7fc7c8e29000 rw-p 00016000 08:05 4987470                    /lib/x86_64-linux-gnu/libnsl-2.23.so
7fc7c8e29000-7fc7c8e2b000 rw-p 00000000 00:00 0 
7fc7c8e2b000-7fc7c8e33000 r-xp 00000000 08:05 4987483                    /lib/x86_64-linux-gnu/libnss_compat-2.23.so
7fc7c8e33000-7fc7c9032000 ---p 00008000 08:05 4987483                    /lib/x86_64-linux-gnu/libnss_compat-2.23.so
7fc7c9032000-7fc7c9033000 r--p 00007000 08:05 4987483                    /lib/x86_64-linux-gnu/libnss_compat-2.23.so
7fc7c9033000-7fc7c9034000 rw-p 00008000 08:05 4987483                    /lib/x86_64-linux-gnu/libnss_compat-2.23.so
7fc7c9034000-7fc7c9061000 r-xp 00000000 08:05 2760322                    /home/developer/android-studio/jre/jre/lib/amd64/libjava.so
7fc7c9061000-7fc7c9260000 ---p 0002d000 08:05 2760322                    /home/developer/android-studio/jre/jre/lib/amd64/libjava.so
7fc7c9260000-7fc7c9261000 r--p 0002c000 08:05 2760322                    /home/developer/android-studio/jre/jre/lib/amd64/libjava.so
7fc7c9261000-7fc7c9263000 rw-p 0002d000 08:05 2760322                    /home/developer/android-studio/jre/jre/lib/amd64/libjava.so
7fc7c9263000-7fc7c9273000 r-xp 00000000 08:05 2760354                    /home/developer/android-studio/jre/jre/lib/amd64/libverify.so
7fc7c9273000-7fc7c9472000 ---p 00010000 08:05 2760354                    /home/developer/android-studio/jre/jre/lib/amd64/libverify.so
7fc7c9472000-7fc7c9474000 r--p 0000f000 08:05 2760354                    /home/developer/android-studio/jre/jre/lib/amd64/libverify.so
7fc7c9474000-7fc7c9475000 rw-p 00011000 08:05 2760354                    /home/developer/android-studio/jre/jre/lib/amd64/libverify.so
7fc7c9475000-7fc7c947c000 r-xp 00000000 08:05 4987479                    /lib/x86_64-linux-gnu/librt-2.23.so
7fc7c947c000-7fc7c967b000 ---p 00007000 08:05 4987479                    /lib/x86_64-linux-gnu/librt-2.23.so
7fc7c967b000-7fc7c967c000 r--p 00006000 08:05 4987479                    /lib/x86_64-linux-gnu/librt-2.23.so
7fc7c967c000-7fc7c967d000 rw-p 00007000 08:05 4987479                    /lib/x86_64-linux-gnu/librt-2.23.so
7fc7c967d000-7fc7c9785000 r-xp 00000000 08:05 4987488                    /lib/x86_64-linux-gnu/libm-2.23.so
7fc7c9785000-7fc7c9984000 ---p 00108000 08:05 4987488                    /lib/x86_64-linux-gnu/libm-2.23.so
7fc7c9984000-7fc7c9985000 r--p 00107000 08:05 4987488                    /lib/x86_64-linux-gnu/libm-2.23.so
7fc7c9985000-7fc7c9986000 rw-p 00108000 08:05 4987488                    /lib/x86_64-linux-gnu/libm-2.23.so
7fc7c9986000-7fc7ca57e000 r-xp 00000000 08:05 2760341                    /home/developer/android-studio/jre/jre/lib/amd64/server/libjvm.so
7fc7ca57e000-7fc7ca77e000 ---p 00bf8000 08:05 2760341                    /home/developer/android-studio/jre/jre/lib/amd64/server/libjvm.so
7fc7ca77e000-7fc7ca81d000 r--p 00bf8000 08:05 2760341                    /home/developer/android-studio/jre/jre/lib/amd64/server/libjvm.so
7fc7ca81d000-7fc7ca846000 rw-p 00c97000 08:05 2760341                    /home/developer/android-studio/jre/jre/lib/amd64/server/libjvm.so
7fc7ca846000-7fc7ca88a000 rw-p 00000000 00:00 0 
7fc7ca88a000-7fc7ca8a2000 r-xp 00000000 08:05 4987476                    /lib/x86_64-linux-gnu/libpthread-2.23.so
7fc7ca8a2000-7fc7caaa1000 ---p 00018000 08:05 4987476                    /lib/x86_64-linux-gnu/libpthread-2.23.so
7fc7caaa1000-7fc7caaa2000 r--p 00017000 08:05 4987476                    /lib/x86_64-linux-gnu/libpthread-2.23.so
7fc7caaa2000-7fc7caaa3000 rw-p 00018000 08:05 4987476                    /lib/x86_64-linux-gnu/libpthread-2.23.so
7fc7caaa3000-7fc7caaa7000 rw-p 00000000 00:00 0 
7fc7caaa7000-7fc7caaaa000 r-xp 00000000 08:05 4987482                    /lib/x86_64-linux-gnu/libdl-2.23.so
7fc7caaaa000-7fc7caca9000 ---p 00003000 08:05 4987482                    /lib/x86_64-linux-gnu/libdl-2.23.so
7fc7caca9000-7fc7cacaa000 r--p 00002000 08:05 4987482                    /lib/x86_64-linux-gnu/libdl-2.23.so
7fc7cacaa000-7fc7cacab000 rw-p 00003000 08:05 4987482                    /lib/x86_64-linux-gnu/libdl-2.23.so
7fc7cacab000-7fc7cae6b000 r-xp 00000000 08:05 4987493                    /lib/x86_64-linux-gnu/libc-2.23.so
7fc7cae6b000-7fc7cb06b000 ---p 001c0000 08:05 4987493                    /lib/x86_64-linux-gnu/libc-2.23.so
7fc7cb06b000-7fc7cb06f000 r--p 001c0000 08:05 4987493                    /lib/x86_64-linux-gnu/libc-2.23.so
7fc7cb06f000-7fc7cb071000 rw-p 001c4000 08:05 4987493                    /lib/x86_64-linux-gnu/libc-2.23.so
7fc7cb071000-7fc7cb075000 rw-p 00000000 00:00 0 
7fc7cb075000-7fc7cb08b000 r-xp 00000000 08:05 2381842                    /home/developer/android-studio/jre/lib/amd64/jli/libjli.so
7fc7cb08b000-7fc7cb28a000 ---p 00016000 08:05 2381842                    /home/developer/android-studio/jre/lib/amd64/jli/libjli.so
7fc7cb28a000-7fc7cb28b000 r--p 00015000 08:05 2381842                    /home/developer/android-studio/jre/lib/amd64/jli/libjli.so
7fc7cb28b000-7fc7cb28c000 rw-p 00016000 08:05 2381842                    /home/developer/android-studio/jre/lib/amd64/jli/libjli.so
7fc7cb28c000-7fc7cb2b2000 r-xp 00000000 08:05 4987471                    /lib/x86_64-linux-gnu/ld-2.23.so
7fc7cb2bb000-7fc7cb393000 rw-p 00000000 00:00 0 
7fc7cb393000-7fc7cb396000 ---p 00000000 00:00 0 
7fc7cb396000-7fc7cb498000 rw-p 00000000 00:00 0 
7fc7cb49c000-7fc7cb4a5000 r--s 00029000 08:05 4720280                    /home/developer/AndroidStudioProjects/PropertyDODO1/app/build/intermediates/multi-dex/release/componentClasses.jar
7fc7cb4a5000-7fc7cb4ad000 rw-s 00000000 08:05 1192614                    /tmp/hsperfdata_developer/8561
7fc7cb4ad000-7fc7cb4ae000 rw-p 00000000 00:00 0 
7fc7cb4ae000-7fc7cb4af000 ---p 00000000 00:00 0 
7fc7cb4af000-7fc7cb4b1000 rw-p 00000000 00:00 0 
7fc7cb4b1000-7fc7cb4b2000 r--p 00025000 08:05 4987471                    /lib/x86_64-linux-gnu/ld-2.23.so
7fc7cb4b2000-7fc7cb4b3000 rw-p 00026000 08:05 4987471                    /lib/x86_64-linux-gnu/ld-2.23.so
7fc7cb4b3000-7fc7cb4b4000 rw-p 00000000 00:00 0 
7fff21688000-7fff216aa000 rw-p 00000000 00:00 0                          [stack]
7fff217b7000-7fff217b9000 r--p 00000000 00:00 0                          [vvar]
7fff217b9000-7fff217bb000 r-xp 00000000 00:00 0                          [vdso]
ffffffffff600000-ffffffffff601000 r-xp 00000000 00:00 0                  [vsyscall]

VM Arguments:
jvm_args: -Djava.awt.headless=true -Dfile.encoding=UTF-8 -Duser.country=US -Duser.language=en -Duser.variant 
java_command: com.android.multidex.ClassReferenceListBuilder /home/developer/AndroidStudioProjects/PropertyDODO1/app/build/intermediates/multi-dex/release/componentClasses.jar /home/developer/AndroidStudioProjects/PropertyDODO1/app/build/intermediates/transforms/jarMerging/release/0.jar
java_class_path (initial): /home/developer/Android/Sdk/build-tools/26.0.2/lib/dx.jar
Launcher Type: SUN_STANDARD

Environment Variables:
JAVA_HOME=/usr/lib/jvm/java-8-oracle
PATH=/home/developer/bin:/home/developer/.local/bin:/usr/local/sbin:/usr/local/bin:/usr/sbin:/usr/bin:/sbin:/bin:/usr/games:/usr/local/games:/snap/bin:/usr/lib/jvm/java-8-oracle/bin:/usr/lib/jvm/java-8-oracle/db/bin:/usr/lib/jvm/java-8-oracle/jre/bin
LD_LIBRARY_PATH=.:
SHELL=/bin/bash
DISPLAY=:0

Signal Handlers:
SIGSEGV: [libjvm.so+0x9ebc60], sa_mask[0]=11111111011111111101111111111110, sa_flags=SA_RESTART|SA_SIGINFO
SIGBUS: [libjvm.so+0x9ebc60], sa_mask[0]=11111111011111111101111111111110, sa_flags=SA_RESTART|SA_SIGINFO
SIGFPE: [libjvm.so+0x84cf60], sa_mask[0]=11111111011111111101111111111110, sa_flags=SA_RESTART|SA_SIGINFO
SIGPIPE: [libjvm.so+0x84cf60], sa_mask[0]=11111111011111111101111111111110, sa_flags=SA_RESTART|SA_SIGINFO
SIGXFSZ: [libjvm.so+0x84cf60], sa_mask[0]=11111111011111111101111111111110, sa_flags=SA_RESTART|SA_SIGINFO
SIGILL: [libjvm.so+0x84cf60], sa_mask[0]=11111111011111111101111111111110, sa_flags=SA_RESTART|SA_SIGINFO
SIGUSR1: SIG_DFL, sa_mask[0]=00000000000000000000000000000000, sa_flags=none
SIGUSR2: [libjvm.so+0x84ce30], sa_mask[0]=00100000000000000000000000000000, sa_flags=SA_RESTART|SA_SIGINFO
SIGHUP: [libjvm.so+0x84d020], sa_mask[0]=11111111011111111101111111111110, sa_flags=SA_RESTART|SA_SIGINFO
SIGINT: [libjvm.so+0x84d020], sa_mask[0]=11111111011111111101111111111110, sa_flags=SA_RESTART|SA_SIGINFO
SIGTERM: [libjvm.so+0x84d020], sa_mask[0]=11111111011111111101111111111110, sa_flags=SA_RESTART|SA_SIGINFO
SIGQUIT: [libjvm.so+0x84d020], sa_mask[0]=11111111011111111101111111111110, sa_flags=SA_RESTART|SA_SIGINFO


---------------  S Y S T E M  ---------------

OS:DISTRIB_ID=Ubuntu
DISTRIB_RELEASE=16.04
DISTRIB_CODENAME=xenial
DISTRIB_DESCRIPTION="Ubuntu 16.04.3 LTS"

uname:Linux 4.10.0-42-generic #46~16.04.1-Ubuntu SMP Mon Dec 4 15:57:59 UTC 2017 x86_64
libc:glibc 2.23 NPTL 2.23 
rlimit: STACK 8192k, CORE 0k, NPROC 14928, NOFILE 1048576, AS infinity
load average:2.29 2.47 2.27

/proc/meminfo:
MemTotal:        3866512 kB
MemFree:           95072 kB
MemAvailable:      16192 kB
Buffers:             716 kB
Cached:           171908 kB
SwapCached:        36200 kB
Active:          2940208 kB
Inactive:         604952 kB
Active(anon):    2919448 kB
Inactive(anon):   584456 kB
Active(file):      20760 kB
Inactive(file):    20496 kB
Unevictable:         312 kB
Mlocked:             312 kB
SwapTotal:       4012028 kB
SwapFree:         190708 kB
Dirty:                 4 kB
Writeback:          5720 kB
AnonPages:       3341332 kB
Mapped:            64452 kB
Shmem:            130748 kB
Slab:              95580 kB
SReclaimable:      40916 kB
SUnreclaim:        54664 kB
KernelStack:       14892 kB
PageTables:        63476 kB
NFS_Unstable:          0 kB
Bounce:                0 kB
WritebackTmp:          0 kB
CommitLimit:     5945284 kB
Committed_AS:   13348192 kB
VmallocTotal:   34359738367 kB
VmallocUsed:           0 kB
VmallocChunk:          0 kB
HardwareCorrupted:     0 kB
AnonHugePages:    382976 kB
ShmemHugePages:        0 kB
ShmemPmdMapped:        0 kB
CmaTotal:              0 kB
CmaFree:               0 kB
HugePages_Total:       0
HugePages_Free:        0
HugePages_Rsvd:        0
HugePages_Surp:        0
Hugepagesize:       2048 kB
DirectMap4k:      162516 kB
DirectMap2M:     3852288 kB


CPU:total 4 (initial active 4) (2 cores per cpu, 2 threads per core) family 6 model 42 stepping 7, cmov, cx8, fxsr, mmx, sse, sse2, sse3, ssse3, sse4.1, sse4.2, popcnt, avx, clmul, ht, tsc, tscinvbit

/proc/cpuinfo:
processor	: 0
vendor_id	: GenuineIntel
cpu family	: 6
model		: 42
model name	: Intel(R) Core(TM) i3-2120 CPU @ 3.30GHz
stepping	: 7
microcode	: 0x29
cpu MHz		: 3300.000
cache size	: 3072 KB
physical id	: 0
siblings	: 4
core id		: 0
cpu cores	: 2
apicid		: 0
initial apicid	: 0
fpu		: yes
fpu_exception	: yes
cpuid level	: 13
wp		: yes
flags		: fpu vme de pse tsc msr pae mce cx8 apic sep mtrr pge mca cmov pat pse36 clflush dts acpi mmx fxsr sse sse2 ss ht tm pbe syscall nx rdtscp lm constant_tsc arch_perfmon pebs bts rep_good nopl xtopology nonstop_tsc aperfmperf pni pclmulqdq dtes64 monitor ds_cpl vmx est tm2 ssse3 cx16 xtpr pdcm pcid sse4_1 sse4_2 popcnt tsc_deadline_timer xsave avx lahf_lm epb tpr_shadow vnmi flexpriority ept vpid xsaveopt dtherm arat pln pts
bugs		:
bogomips	: 6583.60
clflush size	: 64
cache_alignment	: 64
address sizes	: 36 bits physical, 48 bits virtual
power management:

processor	: 1
vendor_id	: GenuineIntel
cpu family	: 6
model		: 42
model name	: Intel(R) Core(TM) i3-2120 CPU @ 3.30GHz
stepping	: 7
microcode	: 0x29
cpu MHz		: 3299.798
cache size	: 3072 KB
physical id	: 0
siblings	: 4
core id		: 1
cpu cores	: 2
apicid		: 2
initial apicid	: 2
fpu		: yes
fpu_exception	: yes
cpuid level	: 13
wp		: yes
flags		: fpu vme de pse tsc msr pae mce cx8 apic sep mtrr pge mca cmov pat pse36 clflush dts acpi mmx fxsr sse sse2 ss ht tm pbe syscall nx rdtscp lm constant_tsc arch_perfmon pebs bts rep_good nopl xtopology nonstop_tsc aperfmperf pni pclmulqdq dtes64 monitor ds_cpl vmx est tm2 ssse3 cx16 xtpr pdcm pcid sse4_1 sse4_2 popcnt tsc_deadline_timer xsave avx lahf_lm epb tpr_shadow vnmi flexpriority ept vpid xsaveopt dtherm arat pln pts
bugs		:
bogomips	: 6583.60
clflush size	: 64
cache_alignment	: 64
address sizes	: 36 bits physical, 48 bits virtual
power management:

processor	: 2
vendor_id	: GenuineIntel
cpu family	: 6
model		: 42
model name	: Intel(R) Core(TM) i3-2120 CPU @ 3.30GHz
stepping	: 7
microcode	: 0x29
cpu MHz		: 3298.590
cache size	: 3072 KB
physical id	: 0
siblings	: 4
core id		: 0
cpu cores	: 2
apicid		: 1
initial apicid	: 1
fpu		: yes
fpu_exception	: yes
cpuid level	: 13
wp		: yes
flags		: fpu vme de pse tsc msr pae mce cx8 apic sep mtrr pge mca cmov pat pse36 clflush dts acpi mmx fxsr sse sse2 ss ht tm pbe syscall nx rdtscp lm constant_tsc arch_perfmon pebs bts rep_good nopl xtopology nonstop_tsc aperfmperf pni pclmulqdq dtes64 monitor ds_cpl vmx est tm2 ssse3 cx16 xtpr pdcm pcid sse4_1 sse4_2 popcnt tsc_deadline_timer xsave avx lahf_lm epb tpr_shadow vnmi flexpriority ept vpid xsaveopt dtherm arat pln pts
bugs		:
bogomips	: 6583.60
clflush size	: 64
cache_alignment	: 64
address sizes	: 36 bits physical, 48 bits virtual
power management:

processor	: 3
vendor_id	: GenuineIntel
cpu family	: 6
model		: 42
model name	: Intel(R) Core(TM) i3-2120 CPU @ 3.30GHz
stepping	: 7
microcode	: 0x29
cpu MHz		: 3293.151
cache size	: 3072 KB
physical id	: 0
siblings	: 4
core id		: 1
cpu cores	: 2
apicid		: 3
initial apicid	: 3
fpu		: yes
fpu_exception	: yes
cpuid level	: 13
wp		: yes
flags		: fpu vme de pse tsc msr pae mce cx8 apic sep mtrr pge mca cmov pat pse36 clflush dts acpi mmx fxsr sse sse2 ss ht tm pbe syscall nx rdtscp lm constant_tsc arch_perfmon pebs bts rep_good nopl xtopology nonstop_tsc aperfmperf pni pclmulqdq dtes64 monitor ds_cpl vmx est tm2 ssse3 cx16 xtpr pdcm pcid sse4_1 sse4_2 popcnt tsc_deadline_timer xsave avx lahf_lm epb tpr_shadow vnmi flexpriority ept vpid xsaveopt dtherm arat pln pts
bugs		:
bogomips	: 6583.60
clflush size	: 64
cache_alignment	: 64
address sizes	: 36 bits physical, 48 bits virtual
power management:



Memory: 4k page, physical 3866512k(94824k free), swap 4012028k(190708k free)

vm_info: OpenJDK 64-Bit Server VM (25.152-b01) for linux-amd64 JRE (1.8.0_152-release-915-b01), built by "builder" with gcc 4.8.4

time: Thu Dec 28 10:18:43 2017
elapsed time: 5 seconds (0d 0h 0m 5s)

